[0.099s] DEBUG:colcon:Command line arguments: ['/usr/bin/colcon', 'build']
[0.099s] DEBUG:colcon:Parsed command line arguments: Namespace(log_base=None, log_level=None, verb_name='build', build_base='build', install_base='install', merge_install=False, symlink_install=False, test_result_base=None, continue_on_error=False, executor='parallel', parallel_workers=22, event_handlers=None, ignore_user_meta=False, metas=['./colcon.meta'], base_paths=['.'], packages_ignore=None, packages_ignore_regex=None, paths=None, packages_up_to=None, packages_up_to_regex=None, packages_above=None, packages_above_and_dependencies=None, packages_above_depth=None, packages_select_by_dep=None, packages_skip_by_dep=None, packages_skip_up_to=None, packages_select_build_failed=False, packages_skip_build_finished=False, packages_select_test_failures=False, packages_skip_test_passed=False, packages_select=None, packages_skip=None, packages_select_regex=None, packages_skip_regex=None, packages_start=None, packages_end=None, allow_overriding=[], cmake_args=None, cmake_target=None, cmake_target_skip_unavailable=False, cmake_clean_cache=False, cmake_clean_first=False, cmake_force_configure=False, ament_cmake_args=None, catkin_cmake_args=None, catkin_skip_building_tests=False, mixin_files=None, mixin=None, verb_parser=<colcon_mixin.mixin.mixin_argument.MixinArgumentDecorator object at 0x71026d1cb3b0>, verb_extension=<colcon_core.verb.build.BuildVerb object at 0x71026d2f8aa0>, main=<bound method BuildVerb.main of <colcon_core.verb.build.BuildVerb object at 0x71026d2f8aa0>>, mixin_verb=('build',))
[0.133s] Level 1:colcon.colcon_core.package_discovery:discover_packages(colcon_meta) check parameters
[0.133s] Level 1:colcon.colcon_core.package_discovery:discover_packages(recursive) check parameters
[0.133s] Level 1:colcon.colcon_core.package_discovery:discover_packages(ignore) check parameters
[0.133s] Level 1:colcon.colcon_core.package_discovery:discover_packages(path) check parameters
[0.133s] Level 1:colcon.colcon_core.package_discovery:discover_packages(colcon_meta) discover
[0.133s] Level 1:colcon.colcon_core.package_discovery:discover_packages(recursive) discover
[0.133s] INFO:colcon.colcon_core.package_discovery:Crawling recursively for packages in '/home/aschalin/UR5e_Assembly_of_Wooden_Pieces'
[0.133s] Level 1:colcon.colcon_core.package_identification:_identify(.) by extensions ['ignore', 'ignore_ament_install']
[0.133s] Level 1:colcon.colcon_core.package_identification:_identify(.) by extension 'ignore'
[0.133s] Level 1:colcon.colcon_core.package_identification:_identify(.) by extension 'ignore_ament_install'
[0.133s] Level 1:colcon.colcon_core.package_identification:_identify(.) by extensions ['colcon_pkg']
[0.133s] Level 1:colcon.colcon_core.package_identification:_identify(.) by extension 'colcon_pkg'
[0.133s] Level 1:colcon.colcon_core.package_identification:_identify(.) by extensions ['colcon_meta']
[0.133s] Level 1:colcon.colcon_core.package_identification:_identify(.) by extension 'colcon_meta'
[0.133s] Level 1:colcon.colcon_core.package_identification:_identify(.) by extensions ['ros']
[0.133s] Level 1:colcon.colcon_core.package_identification:_identify(.) by extension 'ros'
[0.148s] Level 1:colcon.colcon_core.package_identification:_identify(.) by extensions ['cmake', 'python']
[0.148s] Level 1:colcon.colcon_core.package_identification:_identify(.) by extension 'cmake'
[0.148s] Level 1:colcon.colcon_core.package_identification:_identify(.) by extension 'python'
[0.148s] Level 1:colcon.colcon_core.package_identification:_identify(.) by extensions ['python_setup_py']
[0.148s] Level 1:colcon.colcon_core.package_identification:_identify(.) by extension 'python_setup_py'
[0.148s] Level 1:colcon.colcon_core.package_identification:_identify(build) by extensions ['ignore', 'ignore_ament_install']
[0.148s] Level 1:colcon.colcon_core.package_identification:_identify(build) by extension 'ignore'
[0.148s] Level 1:colcon.colcon_core.package_identification:_identify(build) ignored
[0.148s] Level 1:colcon.colcon_core.package_identification:_identify(install) by extensions ['ignore', 'ignore_ament_install']
[0.148s] Level 1:colcon.colcon_core.package_identification:_identify(install) by extension 'ignore'
[0.148s] Level 1:colcon.colcon_core.package_identification:_identify(install) ignored
[0.148s] Level 1:colcon.colcon_core.package_identification:_identify(log) by extensions ['ignore', 'ignore_ament_install']
[0.148s] Level 1:colcon.colcon_core.package_identification:_identify(log) by extension 'ignore'
[0.148s] Level 1:colcon.colcon_core.package_identification:_identify(log) ignored
[0.148s] Level 1:colcon.colcon_core.package_identification:_identify(motion_planning) by extensions ['ignore', 'ignore_ament_install']
[0.148s] Level 1:colcon.colcon_core.package_identification:_identify(motion_planning) by extension 'ignore'
[0.148s] Level 1:colcon.colcon_core.package_identification:_identify(motion_planning) by extension 'ignore_ament_install'
[0.148s] Level 1:colcon.colcon_core.package_identification:_identify(motion_planning) by extensions ['colcon_pkg']
[0.148s] Level 1:colcon.colcon_core.package_identification:_identify(motion_planning) by extension 'colcon_pkg'
[0.148s] Level 1:colcon.colcon_core.package_identification:_identify(motion_planning) by extensions ['colcon_meta']
[0.148s] Level 1:colcon.colcon_core.package_identification:_identify(motion_planning) by extension 'colcon_meta'
[0.148s] Level 1:colcon.colcon_core.package_identification:_identify(motion_planning) by extensions ['ros']
[0.148s] Level 1:colcon.colcon_core.package_identification:_identify(motion_planning) by extension 'ros'
[0.148s] Level 1:colcon.colcon_core.package_identification:_identify(motion_planning) by extensions ['cmake', 'python']
[0.148s] Level 1:colcon.colcon_core.package_identification:_identify(motion_planning) by extension 'cmake'
[0.148s] Level 1:colcon.colcon_core.package_identification:_identify(motion_planning) by extension 'python'
[0.148s] Level 1:colcon.colcon_core.package_identification:_identify(motion_planning) by extensions ['python_setup_py']
[0.148s] Level 1:colcon.colcon_core.package_identification:_identify(motion_planning) by extension 'python_setup_py'
[0.148s] Level 1:colcon.colcon_core.package_identification:_identify(src) by extensions ['ignore', 'ignore_ament_install']
[0.148s] Level 1:colcon.colcon_core.package_identification:_identify(src) by extension 'ignore'
[0.149s] Level 1:colcon.colcon_core.package_identification:_identify(src) by extension 'ignore_ament_install'
[0.149s] Level 1:colcon.colcon_core.package_identification:_identify(src) by extensions ['colcon_pkg']
[0.149s] Level 1:colcon.colcon_core.package_identification:_identify(src) by extension 'colcon_pkg'
[0.149s] Level 1:colcon.colcon_core.package_identification:_identify(src) by extensions ['colcon_meta']
[0.149s] Level 1:colcon.colcon_core.package_identification:_identify(src) by extension 'colcon_meta'
[0.149s] Level 1:colcon.colcon_core.package_identification:_identify(src) by extensions ['ros']
[0.149s] Level 1:colcon.colcon_core.package_identification:_identify(src) by extension 'ros'
[0.149s] Level 1:colcon.colcon_core.package_identification:_identify(src) by extensions ['cmake', 'python']
[0.149s] Level 1:colcon.colcon_core.package_identification:_identify(src) by extension 'cmake'
[0.149s] Level 1:colcon.colcon_core.package_identification:_identify(src) by extension 'python'
[0.149s] Level 1:colcon.colcon_core.package_identification:_identify(src) by extensions ['python_setup_py']
[0.149s] Level 1:colcon.colcon_core.package_identification:_identify(src) by extension 'python_setup_py'
[0.149s] Level 1:colcon.colcon_core.package_identification:_identify(src/attachments) by extensions ['ignore', 'ignore_ament_install']
[0.149s] Level 1:colcon.colcon_core.package_identification:_identify(src/attachments) by extension 'ignore'
[0.149s] Level 1:colcon.colcon_core.package_identification:_identify(src/attachments) by extension 'ignore_ament_install'
[0.149s] Level 1:colcon.colcon_core.package_identification:_identify(src/attachments) by extensions ['colcon_pkg']
[0.149s] Level 1:colcon.colcon_core.package_identification:_identify(src/attachments) by extension 'colcon_pkg'
[0.149s] Level 1:colcon.colcon_core.package_identification:_identify(src/attachments) by extensions ['colcon_meta']
[0.149s] Level 1:colcon.colcon_core.package_identification:_identify(src/attachments) by extension 'colcon_meta'
[0.149s] Level 1:colcon.colcon_core.package_identification:_identify(src/attachments) by extensions ['ros']
[0.149s] Level 1:colcon.colcon_core.package_identification:_identify(src/attachments) by extension 'ros'
[0.149s] Level 1:colcon.colcon_core.package_identification:_identify(src/attachments) by extensions ['cmake', 'python']
[0.149s] Level 1:colcon.colcon_core.package_identification:_identify(src/attachments) by extension 'cmake'
[0.149s] Level 1:colcon.colcon_core.package_identification:_identify(src/attachments) by extension 'python'
[0.149s] Level 1:colcon.colcon_core.package_identification:_identify(src/attachments) by extensions ['python_setup_py']
[0.149s] Level 1:colcon.colcon_core.package_identification:_identify(src/attachments) by extension 'python_setup_py'
[0.149s] Level 1:colcon.colcon_core.package_identification:_identify(src/attachments/table_description) by extensions ['ignore', 'ignore_ament_install']
[0.149s] Level 1:colcon.colcon_core.package_identification:_identify(src/attachments/table_description) by extension 'ignore'
[0.149s] Level 1:colcon.colcon_core.package_identification:_identify(src/attachments/table_description) by extension 'ignore_ament_install'
[0.149s] Level 1:colcon.colcon_core.package_identification:_identify(src/attachments/table_description) by extensions ['colcon_pkg']
[0.149s] Level 1:colcon.colcon_core.package_identification:_identify(src/attachments/table_description) by extension 'colcon_pkg'
[0.149s] Level 1:colcon.colcon_core.package_identification:_identify(src/attachments/table_description) by extensions ['colcon_meta']
[0.149s] Level 1:colcon.colcon_core.package_identification:_identify(src/attachments/table_description) by extension 'colcon_meta'
[0.149s] Level 1:colcon.colcon_core.package_identification:_identify(src/attachments/table_description) by extensions ['ros']
[0.149s] Level 1:colcon.colcon_core.package_identification:_identify(src/attachments/table_description) by extension 'ros'
[0.151s] DEBUG:colcon.colcon_core.package_identification:Package 'src/attachments/table_description' with type 'ros.ament_cmake' and name 'table_description'
[0.151s] Level 1:colcon.colcon_core.package_identification:_identify(src/attachments/urdf_tutorial) by extensions ['ignore', 'ignore_ament_install']
[0.151s] Level 1:colcon.colcon_core.package_identification:_identify(src/attachments/urdf_tutorial) by extension 'ignore'
[0.151s] Level 1:colcon.colcon_core.package_identification:_identify(src/attachments/urdf_tutorial) by extension 'ignore_ament_install'
[0.151s] Level 1:colcon.colcon_core.package_identification:_identify(src/attachments/urdf_tutorial) by extensions ['colcon_pkg']
[0.151s] Level 1:colcon.colcon_core.package_identification:_identify(src/attachments/urdf_tutorial) by extension 'colcon_pkg'
[0.151s] Level 1:colcon.colcon_core.package_identification:_identify(src/attachments/urdf_tutorial) by extensions ['colcon_meta']
[0.151s] Level 1:colcon.colcon_core.package_identification:_identify(src/attachments/urdf_tutorial) by extension 'colcon_meta'
[0.151s] Level 1:colcon.colcon_core.package_identification:_identify(src/attachments/urdf_tutorial) by extensions ['ros']
[0.151s] Level 1:colcon.colcon_core.package_identification:_identify(src/attachments/urdf_tutorial) by extension 'ros'
[0.151s] DEBUG:colcon.colcon_core.package_identification:Package 'src/attachments/urdf_tutorial' with type 'ros.ament_cmake' and name 'urdf_tutorial'
[0.151s] Level 1:colcon.colcon_core.package_identification:_identify(src/environment) by extensions ['ignore', 'ignore_ament_install']
[0.151s] Level 1:colcon.colcon_core.package_identification:_identify(src/environment) by extension 'ignore'
[0.151s] Level 1:colcon.colcon_core.package_identification:_identify(src/environment) by extension 'ignore_ament_install'
[0.151s] Level 1:colcon.colcon_core.package_identification:_identify(src/environment) by extensions ['colcon_pkg']
[0.151s] Level 1:colcon.colcon_core.package_identification:_identify(src/environment) by extension 'colcon_pkg'
[0.151s] Level 1:colcon.colcon_core.package_identification:_identify(src/environment) by extensions ['colcon_meta']
[0.151s] Level 1:colcon.colcon_core.package_identification:_identify(src/environment) by extension 'colcon_meta'
[0.151s] Level 1:colcon.colcon_core.package_identification:_identify(src/environment) by extensions ['ros']
[0.151s] Level 1:colcon.colcon_core.package_identification:_identify(src/environment) by extension 'ros'
[0.152s] DEBUG:colcon.colcon_core.package_identification:Package 'src/environment' with type 'ros.ament_cmake' and name 'environment'
[0.152s] Level 1:colcon.colcon_core.package_identification:_identify(src/robots) by extensions ['ignore', 'ignore_ament_install']
[0.152s] Level 1:colcon.colcon_core.package_identification:_identify(src/robots) by extension 'ignore'
[0.152s] Level 1:colcon.colcon_core.package_identification:_identify(src/robots) by extension 'ignore_ament_install'
[0.152s] Level 1:colcon.colcon_core.package_identification:_identify(src/robots) by extensions ['colcon_pkg']
[0.152s] Level 1:colcon.colcon_core.package_identification:_identify(src/robots) by extension 'colcon_pkg'
[0.152s] Level 1:colcon.colcon_core.package_identification:_identify(src/robots) by extensions ['colcon_meta']
[0.152s] Level 1:colcon.colcon_core.package_identification:_identify(src/robots) by extension 'colcon_meta'
[0.152s] Level 1:colcon.colcon_core.package_identification:_identify(src/robots) by extensions ['ros']
[0.152s] Level 1:colcon.colcon_core.package_identification:_identify(src/robots) by extension 'ros'
[0.152s] Level 1:colcon.colcon_core.package_identification:_identify(src/robots) by extensions ['cmake', 'python']
[0.152s] Level 1:colcon.colcon_core.package_identification:_identify(src/robots) by extension 'cmake'
[0.152s] Level 1:colcon.colcon_core.package_identification:_identify(src/robots) by extension 'python'
[0.152s] Level 1:colcon.colcon_core.package_identification:_identify(src/robots) by extensions ['python_setup_py']
[0.152s] Level 1:colcon.colcon_core.package_identification:_identify(src/robots) by extension 'python_setup_py'
[0.152s] Level 1:colcon.colcon_core.package_identification:_identify(src/robots/ur_simulation_gz) by extensions ['ignore', 'ignore_ament_install']
[0.152s] Level 1:colcon.colcon_core.package_identification:_identify(src/robots/ur_simulation_gz) by extension 'ignore'
[0.152s] Level 1:colcon.colcon_core.package_identification:_identify(src/robots/ur_simulation_gz) by extension 'ignore_ament_install'
[0.152s] Level 1:colcon.colcon_core.package_identification:_identify(src/robots/ur_simulation_gz) by extensions ['colcon_pkg']
[0.152s] Level 1:colcon.colcon_core.package_identification:_identify(src/robots/ur_simulation_gz) by extension 'colcon_pkg'
[0.152s] Level 1:colcon.colcon_core.package_identification:_identify(src/robots/ur_simulation_gz) by extensions ['colcon_meta']
[0.152s] Level 1:colcon.colcon_core.package_identification:_identify(src/robots/ur_simulation_gz) by extension 'colcon_meta'
[0.152s] Level 1:colcon.colcon_core.package_identification:_identify(src/robots/ur_simulation_gz) by extensions ['ros']
[0.152s] Level 1:colcon.colcon_core.package_identification:_identify(src/robots/ur_simulation_gz) by extension 'ros'
[0.152s] Level 1:colcon.colcon_core.package_identification:_identify(src/robots/ur_simulation_gz) by extensions ['cmake', 'python']
[0.152s] Level 1:colcon.colcon_core.package_identification:_identify(src/robots/ur_simulation_gz) by extension 'cmake'
[0.152s] Level 1:colcon.colcon_core.package_identification:_identify(src/robots/ur_simulation_gz) by extension 'python'
[0.152s] Level 1:colcon.colcon_core.package_identification:_identify(src/robots/ur_simulation_gz) by extensions ['python_setup_py']
[0.152s] Level 1:colcon.colcon_core.package_identification:_identify(src/robots/ur_simulation_gz) by extension 'python_setup_py'
[0.153s] Level 1:colcon.colcon_core.package_identification:_identify(src/robots/ur_simulation_gz/ur_simulation_gz) by extensions ['ignore', 'ignore_ament_install']
[0.153s] Level 1:colcon.colcon_core.package_identification:_identify(src/robots/ur_simulation_gz/ur_simulation_gz) by extension 'ignore'
[0.153s] Level 1:colcon.colcon_core.package_identification:_identify(src/robots/ur_simulation_gz/ur_simulation_gz) by extension 'ignore_ament_install'
[0.153s] Level 1:colcon.colcon_core.package_identification:_identify(src/robots/ur_simulation_gz/ur_simulation_gz) by extensions ['colcon_pkg']
[0.153s] Level 1:colcon.colcon_core.package_identification:_identify(src/robots/ur_simulation_gz/ur_simulation_gz) by extension 'colcon_pkg'
[0.153s] Level 1:colcon.colcon_core.package_identification:_identify(src/robots/ur_simulation_gz/ur_simulation_gz) by extensions ['colcon_meta']
[0.153s] Level 1:colcon.colcon_core.package_identification:_identify(src/robots/ur_simulation_gz/ur_simulation_gz) by extension 'colcon_meta'
[0.153s] Level 1:colcon.colcon_core.package_identification:_identify(src/robots/ur_simulation_gz/ur_simulation_gz) by extensions ['ros']
[0.153s] Level 1:colcon.colcon_core.package_identification:_identify(src/robots/ur_simulation_gz/ur_simulation_gz) by extension 'ros'
[0.153s] DEBUG:colcon.colcon_core.package_identification:Package 'src/robots/ur_simulation_gz/ur_simulation_gz' with type 'ros.ament_cmake' and name 'ur_simulation_gz'
[0.153s] Level 1:colcon.colcon_core.package_identification:_identify(src/test_block) by extensions ['ignore', 'ignore_ament_install']
[0.153s] Level 1:colcon.colcon_core.package_identification:_identify(src/test_block) by extension 'ignore'
[0.153s] Level 1:colcon.colcon_core.package_identification:_identify(src/test_block) by extension 'ignore_ament_install'
[0.153s] Level 1:colcon.colcon_core.package_identification:_identify(src/test_block) by extensions ['colcon_pkg']
[0.153s] Level 1:colcon.colcon_core.package_identification:_identify(src/test_block) by extension 'colcon_pkg'
[0.153s] Level 1:colcon.colcon_core.package_identification:_identify(src/test_block) by extensions ['colcon_meta']
[0.153s] Level 1:colcon.colcon_core.package_identification:_identify(src/test_block) by extension 'colcon_meta'
[0.153s] Level 1:colcon.colcon_core.package_identification:_identify(src/test_block) by extensions ['ros']
[0.153s] Level 1:colcon.colcon_core.package_identification:_identify(src/test_block) by extension 'ros'
[0.153s] Level 1:colcon.colcon_core.package_identification:_identify(src/test_block) by extensions ['cmake', 'python']
[0.153s] Level 1:colcon.colcon_core.package_identification:_identify(src/test_block) by extension 'cmake'
[0.153s] Level 1:colcon.colcon_core.package_identification:_identify(src/test_block) by extension 'python'
[0.153s] Level 1:colcon.colcon_core.package_identification:_identify(src/test_block) by extensions ['python_setup_py']
[0.153s] Level 1:colcon.colcon_core.package_identification:_identify(src/test_block) by extension 'python_setup_py'
[0.153s] Level 1:colcon.colcon_core.package_discovery:discover_packages(recursive) using defaults
[0.154s] Level 1:colcon.colcon_core.package_discovery:discover_packages(ignore) discover
[0.154s] Level 1:colcon.colcon_core.package_discovery:discover_packages(ignore) using defaults
[0.154s] Level 1:colcon.colcon_core.package_discovery:discover_packages(path) discover
[0.154s] Level 1:colcon.colcon_core.package_discovery:discover_packages(path) using defaults
[0.168s] Level 1:colcon.colcon_core.package_discovery:discover_packages(prefix_path) check parameters
[0.168s] Level 1:colcon.colcon_core.package_discovery:discover_packages(prefix_path) discover
[0.171s] DEBUG:colcon.colcon_installed_package_information.package_discovery:Found 6 installed packages in /home/aschalin/ros2_bt/install
[0.172s] DEBUG:colcon.colcon_installed_package_information.package_discovery:Found 73 installed packages in /home/aschalin/ws_moveit/install
[0.174s] DEBUG:colcon.colcon_installed_package_information.package_discovery:Found 441 installed packages in /opt/ros/jazzy
[0.175s] Level 1:colcon.colcon_core.package_discovery:discover_packages(prefix_path) using defaults
[0.229s] Level 5:colcon.colcon_core.verb:set package 'table_description' build argument 'cmake_args' from command line to 'None'
[0.229s] Level 5:colcon.colcon_core.verb:set package 'table_description' build argument 'cmake_target' from command line to 'None'
[0.229s] Level 5:colcon.colcon_core.verb:set package 'table_description' build argument 'cmake_target_skip_unavailable' from command line to 'False'
[0.229s] Level 5:colcon.colcon_core.verb:set package 'table_description' build argument 'cmake_clean_cache' from command line to 'False'
[0.229s] Level 5:colcon.colcon_core.verb:set package 'table_description' build argument 'cmake_clean_first' from command line to 'False'
[0.229s] Level 5:colcon.colcon_core.verb:set package 'table_description' build argument 'cmake_force_configure' from command line to 'False'
[0.229s] Level 5:colcon.colcon_core.verb:set package 'table_description' build argument 'ament_cmake_args' from command line to 'None'
[0.229s] Level 5:colcon.colcon_core.verb:set package 'table_description' build argument 'catkin_cmake_args' from command line to 'None'
[0.229s] Level 5:colcon.colcon_core.verb:set package 'table_description' build argument 'catkin_skip_building_tests' from command line to 'False'
[0.229s] DEBUG:colcon.colcon_core.verb:Building package 'table_description' with the following arguments: {'ament_cmake_args': None, 'build_base': '/home/aschalin/UR5e_Assembly_of_Wooden_Pieces/build/table_description', 'catkin_cmake_args': None, 'catkin_skip_building_tests': False, 'cmake_args': None, 'cmake_clean_cache': False, 'cmake_clean_first': False, 'cmake_force_configure': False, 'cmake_target': None, 'cmake_target_skip_unavailable': False, 'install_base': '/home/aschalin/UR5e_Assembly_of_Wooden_Pieces/install/table_description', 'merge_install': False, 'path': '/home/aschalin/UR5e_Assembly_of_Wooden_Pieces/src/attachments/table_description', 'symlink_install': False, 'test_result_base': None}
[0.229s] Level 5:colcon.colcon_core.verb:set package 'ur_simulation_gz' build argument 'cmake_args' from command line to 'None'
[0.229s] Level 5:colcon.colcon_core.verb:set package 'ur_simulation_gz' build argument 'cmake_target' from command line to 'None'
[0.229s] Level 5:colcon.colcon_core.verb:set package 'ur_simulation_gz' build argument 'cmake_target_skip_unavailable' from command line to 'False'
[0.229s] Level 5:colcon.colcon_core.verb:set package 'ur_simulation_gz' build argument 'cmake_clean_cache' from command line to 'False'
[0.229s] Level 5:colcon.colcon_core.verb:set package 'ur_simulation_gz' build argument 'cmake_clean_first' from command line to 'False'
[0.229s] Level 5:colcon.colcon_core.verb:set package 'ur_simulation_gz' build argument 'cmake_force_configure' from command line to 'False'
[0.229s] Level 5:colcon.colcon_core.verb:set package 'ur_simulation_gz' build argument 'ament_cmake_args' from command line to 'None'
[0.229s] Level 5:colcon.colcon_core.verb:set package 'ur_simulation_gz' build argument 'catkin_cmake_args' from command line to 'None'
[0.230s] Level 5:colcon.colcon_core.verb:set package 'ur_simulation_gz' build argument 'catkin_skip_building_tests' from command line to 'False'
[0.230s] DEBUG:colcon.colcon_core.verb:Building package 'ur_simulation_gz' with the following arguments: {'ament_cmake_args': None, 'build_base': '/home/aschalin/UR5e_Assembly_of_Wooden_Pieces/build/ur_simulation_gz', 'catkin_cmake_args': None, 'catkin_skip_building_tests': False, 'cmake_args': None, 'cmake_clean_cache': False, 'cmake_clean_first': False, 'cmake_force_configure': False, 'cmake_target': None, 'cmake_target_skip_unavailable': False, 'install_base': '/home/aschalin/UR5e_Assembly_of_Wooden_Pieces/install/ur_simulation_gz', 'merge_install': False, 'path': '/home/aschalin/UR5e_Assembly_of_Wooden_Pieces/src/robots/ur_simulation_gz/ur_simulation_gz', 'symlink_install': False, 'test_result_base': None}
[0.230s] Level 5:colcon.colcon_core.verb:set package 'urdf_tutorial' build argument 'cmake_args' from command line to 'None'
[0.230s] Level 5:colcon.colcon_core.verb:set package 'urdf_tutorial' build argument 'cmake_target' from command line to 'None'
[0.230s] Level 5:colcon.colcon_core.verb:set package 'urdf_tutorial' build argument 'cmake_target_skip_unavailable' from command line to 'False'
[0.230s] Level 5:colcon.colcon_core.verb:set package 'urdf_tutorial' build argument 'cmake_clean_cache' from command line to 'False'
[0.230s] Level 5:colcon.colcon_core.verb:set package 'urdf_tutorial' build argument 'cmake_clean_first' from command line to 'False'
[0.230s] Level 5:colcon.colcon_core.verb:set package 'urdf_tutorial' build argument 'cmake_force_configure' from command line to 'False'
[0.230s] Level 5:colcon.colcon_core.verb:set package 'urdf_tutorial' build argument 'ament_cmake_args' from command line to 'None'
[0.230s] Level 5:colcon.colcon_core.verb:set package 'urdf_tutorial' build argument 'catkin_cmake_args' from command line to 'None'
[0.230s] Level 5:colcon.colcon_core.verb:set package 'urdf_tutorial' build argument 'catkin_skip_building_tests' from command line to 'False'
[0.230s] DEBUG:colcon.colcon_core.verb:Building package 'urdf_tutorial' with the following arguments: {'ament_cmake_args': None, 'build_base': '/home/aschalin/UR5e_Assembly_of_Wooden_Pieces/build/urdf_tutorial', 'catkin_cmake_args': None, 'catkin_skip_building_tests': False, 'cmake_args': None, 'cmake_clean_cache': False, 'cmake_clean_first': False, 'cmake_force_configure': False, 'cmake_target': None, 'cmake_target_skip_unavailable': False, 'install_base': '/home/aschalin/UR5e_Assembly_of_Wooden_Pieces/install/urdf_tutorial', 'merge_install': False, 'path': '/home/aschalin/UR5e_Assembly_of_Wooden_Pieces/src/attachments/urdf_tutorial', 'symlink_install': False, 'test_result_base': None}
[0.230s] Level 5:colcon.colcon_core.verb:set package 'environment' build argument 'cmake_args' from command line to 'None'
[0.230s] Level 5:colcon.colcon_core.verb:set package 'environment' build argument 'cmake_target' from command line to 'None'
[0.230s] Level 5:colcon.colcon_core.verb:set package 'environment' build argument 'cmake_target_skip_unavailable' from command line to 'False'
[0.230s] Level 5:colcon.colcon_core.verb:set package 'environment' build argument 'cmake_clean_cache' from command line to 'False'
[0.230s] Level 5:colcon.colcon_core.verb:set package 'environment' build argument 'cmake_clean_first' from command line to 'False'
[0.230s] Level 5:colcon.colcon_core.verb:set package 'environment' build argument 'cmake_force_configure' from command line to 'False'
[0.230s] Level 5:colcon.colcon_core.verb:set package 'environment' build argument 'ament_cmake_args' from command line to 'None'
[0.230s] Level 5:colcon.colcon_core.verb:set package 'environment' build argument 'catkin_cmake_args' from command line to 'None'
[0.230s] Level 5:colcon.colcon_core.verb:set package 'environment' build argument 'catkin_skip_building_tests' from command line to 'False'
[0.230s] DEBUG:colcon.colcon_core.verb:Building package 'environment' with the following arguments: {'ament_cmake_args': None, 'build_base': '/home/aschalin/UR5e_Assembly_of_Wooden_Pieces/build/environment', 'catkin_cmake_args': None, 'catkin_skip_building_tests': False, 'cmake_args': None, 'cmake_clean_cache': False, 'cmake_clean_first': False, 'cmake_force_configure': False, 'cmake_target': None, 'cmake_target_skip_unavailable': False, 'install_base': '/home/aschalin/UR5e_Assembly_of_Wooden_Pieces/install/environment', 'merge_install': False, 'path': '/home/aschalin/UR5e_Assembly_of_Wooden_Pieces/src/environment', 'symlink_install': False, 'test_result_base': None}
[0.230s] INFO:colcon.colcon_core.executor:Executing jobs using 'parallel' executor
[0.231s] DEBUG:colcon.colcon_parallel_executor.executor.parallel:run_until_complete
[0.231s] INFO:colcon.colcon_ros.task.ament_cmake.build:Building ROS package in '/home/aschalin/UR5e_Assembly_of_Wooden_Pieces/src/attachments/table_description' with build type 'ament_cmake'
[0.231s] INFO:colcon.colcon_cmake.task.cmake.build:Building CMake package in '/home/aschalin/UR5e_Assembly_of_Wooden_Pieces/src/attachments/table_description'
[0.234s] INFO:colcon.colcon_core.plugin_system:Skipping extension 'colcon_core.shell.bat': Not used on non-Windows systems
[0.234s] INFO:colcon.colcon_core.shell:Skip shell extension 'powershell' for command environment: Not usable outside of PowerShell
[0.234s] DEBUG:colcon.colcon_core.shell:Skip shell extension 'dsv' for command environment
[0.239s] INFO:colcon.colcon_ros.task.ament_cmake.build:Building ROS package in '/home/aschalin/UR5e_Assembly_of_Wooden_Pieces/src/attachments/urdf_tutorial' with build type 'ament_cmake'
[0.239s] INFO:colcon.colcon_cmake.task.cmake.build:Building CMake package in '/home/aschalin/UR5e_Assembly_of_Wooden_Pieces/src/attachments/urdf_tutorial'
[0.239s] INFO:colcon.colcon_core.shell:Skip shell extension 'powershell' for command environment: Not usable outside of PowerShell
[0.239s] DEBUG:colcon.colcon_core.shell:Skip shell extension 'dsv' for command environment
[0.244s] INFO:colcon.colcon_ros.task.ament_cmake.build:Building ROS package in '/home/aschalin/UR5e_Assembly_of_Wooden_Pieces/src/robots/ur_simulation_gz/ur_simulation_gz' with build type 'ament_cmake'
[0.244s] INFO:colcon.colcon_cmake.task.cmake.build:Building CMake package in '/home/aschalin/UR5e_Assembly_of_Wooden_Pieces/src/robots/ur_simulation_gz/ur_simulation_gz'
[0.244s] INFO:colcon.colcon_core.shell:Skip shell extension 'powershell' for command environment: Not usable outside of PowerShell
[0.244s] DEBUG:colcon.colcon_core.shell:Skip shell extension 'dsv' for command environment
[0.250s] DEBUG:colcon.colcon_core.event_handler.log_command:Invoking command in '/home/aschalin/UR5e_Assembly_of_Wooden_Pieces/build/table_description': CMAKE_PREFIX_PATH=${CMAKE_PREFIX_PATH}:/home/aschalin/ws_moveit/install/moveit_configs_utils:/opt/ros/jazzy DEBUGINFOD_URLS=https://debuginfod.ubuntu.com /usr/bin/cmake /home/aschalin/UR5e_Assembly_of_Wooden_Pieces/src/attachments/table_description -DCMAKE_INSTALL_PREFIX=/home/aschalin/UR5e_Assembly_of_Wooden_Pieces/install/table_description
[0.252s] DEBUG:colcon.colcon_core.event_handler.log_command:Invoking command in '/home/aschalin/UR5e_Assembly_of_Wooden_Pieces/build/urdf_tutorial': CMAKE_PREFIX_PATH=${CMAKE_PREFIX_PATH}:/home/aschalin/ws_moveit/install/moveit_configs_utils:/opt/ros/jazzy DEBUGINFOD_URLS=https://debuginfod.ubuntu.com /usr/bin/cmake /home/aschalin/UR5e_Assembly_of_Wooden_Pieces/src/attachments/urdf_tutorial -DCMAKE_INSTALL_PREFIX=/home/aschalin/UR5e_Assembly_of_Wooden_Pieces/install/urdf_tutorial
[0.256s] DEBUG:colcon.colcon_core.event_handler.log_command:Invoking command in '/home/aschalin/UR5e_Assembly_of_Wooden_Pieces/build/ur_simulation_gz': CMAKE_PREFIX_PATH=${CMAKE_PREFIX_PATH}:/home/aschalin/ws_moveit/install/moveit_configs_utils:/opt/ros/jazzy DEBUGINFOD_URLS=https://debuginfod.ubuntu.com /usr/bin/cmake /home/aschalin/UR5e_Assembly_of_Wooden_Pieces/src/robots/ur_simulation_gz/ur_simulation_gz -DCMAKE_INSTALL_PREFIX=/home/aschalin/UR5e_Assembly_of_Wooden_Pieces/install/ur_simulation_gz
[0.993s] DEBUG:colcon.colcon_core.event_handler.log_command:Invoked command in '/home/aschalin/UR5e_Assembly_of_Wooden_Pieces/build/urdf_tutorial' returned '0': CMAKE_PREFIX_PATH=${CMAKE_PREFIX_PATH}:/home/aschalin/ws_moveit/install/moveit_configs_utils:/opt/ros/jazzy DEBUGINFOD_URLS=https://debuginfod.ubuntu.com /usr/bin/cmake /home/aschalin/UR5e_Assembly_of_Wooden_Pieces/src/attachments/urdf_tutorial -DCMAKE_INSTALL_PREFIX=/home/aschalin/UR5e_Assembly_of_Wooden_Pieces/install/urdf_tutorial
[0.995s] DEBUG:colcon.colcon_core.event_handler.log_command:Invoking command in '/home/aschalin/UR5e_Assembly_of_Wooden_Pieces/build/urdf_tutorial': CMAKE_PREFIX_PATH=${CMAKE_PREFIX_PATH}:/home/aschalin/ws_moveit/install/moveit_configs_utils:/opt/ros/jazzy DEBUGINFOD_URLS=https://debuginfod.ubuntu.com /usr/bin/cmake --build /home/aschalin/UR5e_Assembly_of_Wooden_Pieces/build/urdf_tutorial -- -j22 -l22
[1.034s] DEBUG:colcon.colcon_core.event_handler.log_command:Invoked command in '/home/aschalin/UR5e_Assembly_of_Wooden_Pieces/build/urdf_tutorial' returned '0': CMAKE_PREFIX_PATH=${CMAKE_PREFIX_PATH}:/home/aschalin/ws_moveit/install/moveit_configs_utils:/opt/ros/jazzy DEBUGINFOD_URLS=https://debuginfod.ubuntu.com /usr/bin/cmake --build /home/aschalin/UR5e_Assembly_of_Wooden_Pieces/build/urdf_tutorial -- -j22 -l22
[1.044s] DEBUG:colcon.colcon_core.event_handler.log_command:Invoking command in '/home/aschalin/UR5e_Assembly_of_Wooden_Pieces/build/urdf_tutorial': CMAKE_PREFIX_PATH=${CMAKE_PREFIX_PATH}:/home/aschalin/ws_moveit/install/moveit_configs_utils:/opt/ros/jazzy DEBUGINFOD_URLS=https://debuginfod.ubuntu.com /usr/bin/cmake --install /home/aschalin/UR5e_Assembly_of_Wooden_Pieces/build/urdf_tutorial
[1.054s] Level 1:colcon.colcon_core.environment:create_environment_scripts_only(urdf_tutorial)
[1.055s] DEBUG:colcon.colcon_core.event_handler.log_command:Invoked command in '/home/aschalin/UR5e_Assembly_of_Wooden_Pieces/build/urdf_tutorial' returned '0': CMAKE_PREFIX_PATH=${CMAKE_PREFIX_PATH}:/home/aschalin/ws_moveit/install/moveit_configs_utils:/opt/ros/jazzy DEBUGINFOD_URLS=https://debuginfod.ubuntu.com /usr/bin/cmake --install /home/aschalin/UR5e_Assembly_of_Wooden_Pieces/build/urdf_tutorial
[1.059s] Level 1:colcon.colcon_core.environment:checking '/home/aschalin/UR5e_Assembly_of_Wooden_Pieces/install/urdf_tutorial' for CMake module files
[1.059s] Level 1:colcon.colcon_core.environment:checking '/home/aschalin/UR5e_Assembly_of_Wooden_Pieces/install/urdf_tutorial' for CMake config files
[1.059s] Level 1:colcon.colcon_core.shell:create_environment_hook('urdf_tutorial', 'cmake_prefix_path')
[1.059s] INFO:colcon.colcon_core.shell:Creating environment hook '/home/aschalin/UR5e_Assembly_of_Wooden_Pieces/install/urdf_tutorial/share/urdf_tutorial/hook/cmake_prefix_path.ps1'
[1.060s] INFO:colcon.colcon_core.shell:Creating environment descriptor '/home/aschalin/UR5e_Assembly_of_Wooden_Pieces/install/urdf_tutorial/share/urdf_tutorial/hook/cmake_prefix_path.dsv'
[1.060s] INFO:colcon.colcon_core.shell:Creating environment hook '/home/aschalin/UR5e_Assembly_of_Wooden_Pieces/install/urdf_tutorial/share/urdf_tutorial/hook/cmake_prefix_path.sh'
[1.061s] Level 1:colcon.colcon_core.environment:checking '/home/aschalin/UR5e_Assembly_of_Wooden_Pieces/install/urdf_tutorial/bin'
[1.061s] Level 1:colcon.colcon_core.environment:checking '/home/aschalin/UR5e_Assembly_of_Wooden_Pieces/install/urdf_tutorial/lib/pkgconfig/urdf_tutorial.pc'
[1.061s] Level 1:colcon.colcon_core.environment:checking '/home/aschalin/UR5e_Assembly_of_Wooden_Pieces/install/urdf_tutorial/lib/python3.12/site-packages'
[1.061s] Level 1:colcon.colcon_core.environment:checking '/home/aschalin/UR5e_Assembly_of_Wooden_Pieces/install/urdf_tutorial/bin'
[1.061s] INFO:colcon.colcon_core.shell:Creating package script '/home/aschalin/UR5e_Assembly_of_Wooden_Pieces/install/urdf_tutorial/share/urdf_tutorial/package.ps1'
[1.062s] INFO:colcon.colcon_core.shell:Creating package descriptor '/home/aschalin/UR5e_Assembly_of_Wooden_Pieces/install/urdf_tutorial/share/urdf_tutorial/package.dsv'
[1.062s] INFO:colcon.colcon_core.shell:Creating package script '/home/aschalin/UR5e_Assembly_of_Wooden_Pieces/install/urdf_tutorial/share/urdf_tutorial/package.sh'
[1.062s] INFO:colcon.colcon_core.shell:Creating package script '/home/aschalin/UR5e_Assembly_of_Wooden_Pieces/install/urdf_tutorial/share/urdf_tutorial/package.bash'
[1.063s] INFO:colcon.colcon_core.shell:Creating package script '/home/aschalin/UR5e_Assembly_of_Wooden_Pieces/install/urdf_tutorial/share/urdf_tutorial/package.zsh'
[1.063s] Level 1:colcon.colcon_core.environment:create_file_with_runtime_dependencies(/home/aschalin/UR5e_Assembly_of_Wooden_Pieces/install/urdf_tutorial/share/colcon-core/packages/urdf_tutorial)
[1.064s] Level 1:colcon.colcon_core.environment:create_environment_scripts_only(urdf_tutorial)
[1.064s] Level 1:colcon.colcon_core.environment:checking '/home/aschalin/UR5e_Assembly_of_Wooden_Pieces/install/urdf_tutorial' for CMake module files
[1.064s] Level 1:colcon.colcon_core.environment:checking '/home/aschalin/UR5e_Assembly_of_Wooden_Pieces/install/urdf_tutorial' for CMake config files
[1.064s] Level 1:colcon.colcon_core.shell:create_environment_hook('urdf_tutorial', 'cmake_prefix_path')
[1.064s] INFO:colcon.colcon_core.shell:Creating environment hook '/home/aschalin/UR5e_Assembly_of_Wooden_Pieces/install/urdf_tutorial/share/urdf_tutorial/hook/cmake_prefix_path.ps1'
[1.064s] INFO:colcon.colcon_core.shell:Creating environment descriptor '/home/aschalin/UR5e_Assembly_of_Wooden_Pieces/install/urdf_tutorial/share/urdf_tutorial/hook/cmake_prefix_path.dsv'
[1.065s] INFO:colcon.colcon_core.shell:Creating environment hook '/home/aschalin/UR5e_Assembly_of_Wooden_Pieces/install/urdf_tutorial/share/urdf_tutorial/hook/cmake_prefix_path.sh'
[1.065s] Level 1:colcon.colcon_core.environment:checking '/home/aschalin/UR5e_Assembly_of_Wooden_Pieces/install/urdf_tutorial/bin'
[1.065s] Level 1:colcon.colcon_core.environment:checking '/home/aschalin/UR5e_Assembly_of_Wooden_Pieces/install/urdf_tutorial/lib/pkgconfig/urdf_tutorial.pc'
[1.065s] Level 1:colcon.colcon_core.environment:checking '/home/aschalin/UR5e_Assembly_of_Wooden_Pieces/install/urdf_tutorial/lib/python3.12/site-packages'
[1.065s] Level 1:colcon.colcon_core.environment:checking '/home/aschalin/UR5e_Assembly_of_Wooden_Pieces/install/urdf_tutorial/bin'
[1.065s] INFO:colcon.colcon_core.shell:Creating package script '/home/aschalin/UR5e_Assembly_of_Wooden_Pieces/install/urdf_tutorial/share/urdf_tutorial/package.ps1'
[1.066s] INFO:colcon.colcon_core.shell:Creating package descriptor '/home/aschalin/UR5e_Assembly_of_Wooden_Pieces/install/urdf_tutorial/share/urdf_tutorial/package.dsv'
[1.066s] INFO:colcon.colcon_core.shell:Creating package script '/home/aschalin/UR5e_Assembly_of_Wooden_Pieces/install/urdf_tutorial/share/urdf_tutorial/package.sh'
[1.066s] INFO:colcon.colcon_core.shell:Creating package script '/home/aschalin/UR5e_Assembly_of_Wooden_Pieces/install/urdf_tutorial/share/urdf_tutorial/package.bash'
[1.066s] INFO:colcon.colcon_core.shell:Creating package script '/home/aschalin/UR5e_Assembly_of_Wooden_Pieces/install/urdf_tutorial/share/urdf_tutorial/package.zsh'
[1.066s] Level 1:colcon.colcon_core.environment:create_file_with_runtime_dependencies(/home/aschalin/UR5e_Assembly_of_Wooden_Pieces/install/urdf_tutorial/share/colcon-core/packages/urdf_tutorial)
[1.118s] DEBUG:colcon.colcon_core.event_handler.log_command:Invoked command in '/home/aschalin/UR5e_Assembly_of_Wooden_Pieces/build/table_description' returned '0': CMAKE_PREFIX_PATH=${CMAKE_PREFIX_PATH}:/home/aschalin/ws_moveit/install/moveit_configs_utils:/opt/ros/jazzy DEBUGINFOD_URLS=https://debuginfod.ubuntu.com /usr/bin/cmake /home/aschalin/UR5e_Assembly_of_Wooden_Pieces/src/attachments/table_description -DCMAKE_INSTALL_PREFIX=/home/aschalin/UR5e_Assembly_of_Wooden_Pieces/install/table_description
[1.118s] DEBUG:colcon.colcon_core.event_handler.log_command:Invoking command in '/home/aschalin/UR5e_Assembly_of_Wooden_Pieces/build/table_description': CMAKE_PREFIX_PATH=${CMAKE_PREFIX_PATH}:/home/aschalin/ws_moveit/install/moveit_configs_utils:/opt/ros/jazzy DEBUGINFOD_URLS=https://debuginfod.ubuntu.com /usr/bin/cmake --build /home/aschalin/UR5e_Assembly_of_Wooden_Pieces/build/table_description -- -j22 -l22
[1.160s] DEBUG:colcon.colcon_core.event_handler.log_command:Invoked command in '/home/aschalin/UR5e_Assembly_of_Wooden_Pieces/build/table_description' returned '0': CMAKE_PREFIX_PATH=${CMAKE_PREFIX_PATH}:/home/aschalin/ws_moveit/install/moveit_configs_utils:/opt/ros/jazzy DEBUGINFOD_URLS=https://debuginfod.ubuntu.com /usr/bin/cmake --build /home/aschalin/UR5e_Assembly_of_Wooden_Pieces/build/table_description -- -j22 -l22
[1.160s] DEBUG:colcon.colcon_core.event_handler.log_command:Invoking command in '/home/aschalin/UR5e_Assembly_of_Wooden_Pieces/build/table_description': CMAKE_PREFIX_PATH=${CMAKE_PREFIX_PATH}:/home/aschalin/ws_moveit/install/moveit_configs_utils:/opt/ros/jazzy DEBUGINFOD_URLS=https://debuginfod.ubuntu.com /usr/bin/cmake --install /home/aschalin/UR5e_Assembly_of_Wooden_Pieces/build/table_description
[1.168s] Level 1:colcon.colcon_core.environment:create_environment_scripts_only(table_description)
[1.169s] Level 1:colcon.colcon_core.environment:checking '/home/aschalin/UR5e_Assembly_of_Wooden_Pieces/install/table_description' for CMake module files
[1.169s] DEBUG:colcon.colcon_core.event_handler.log_command:Invoked command in '/home/aschalin/UR5e_Assembly_of_Wooden_Pieces/build/table_description' returned '0': CMAKE_PREFIX_PATH=${CMAKE_PREFIX_PATH}:/home/aschalin/ws_moveit/install/moveit_configs_utils:/opt/ros/jazzy DEBUGINFOD_URLS=https://debuginfod.ubuntu.com /usr/bin/cmake --install /home/aschalin/UR5e_Assembly_of_Wooden_Pieces/build/table_description
[1.169s] Level 1:colcon.colcon_core.environment:checking '/home/aschalin/UR5e_Assembly_of_Wooden_Pieces/install/table_description' for CMake config files
[1.169s] Level 1:colcon.colcon_core.shell:create_environment_hook('table_description', 'cmake_prefix_path')
[1.169s] INFO:colcon.colcon_core.shell:Creating environment hook '/home/aschalin/UR5e_Assembly_of_Wooden_Pieces/install/table_description/share/table_description/hook/cmake_prefix_path.ps1'
[1.169s] INFO:colcon.colcon_core.shell:Creating environment descriptor '/home/aschalin/UR5e_Assembly_of_Wooden_Pieces/install/table_description/share/table_description/hook/cmake_prefix_path.dsv'
[1.170s] INFO:colcon.colcon_core.shell:Creating environment hook '/home/aschalin/UR5e_Assembly_of_Wooden_Pieces/install/table_description/share/table_description/hook/cmake_prefix_path.sh'
[1.170s] Level 1:colcon.colcon_core.environment:checking '/home/aschalin/UR5e_Assembly_of_Wooden_Pieces/install/table_description/bin'
[1.170s] Level 1:colcon.colcon_core.environment:checking '/home/aschalin/UR5e_Assembly_of_Wooden_Pieces/install/table_description/lib/pkgconfig/table_description.pc'
[1.170s] Level 1:colcon.colcon_core.environment:checking '/home/aschalin/UR5e_Assembly_of_Wooden_Pieces/install/table_description/lib/python3.12/site-packages'
[1.170s] Level 1:colcon.colcon_core.environment:checking '/home/aschalin/UR5e_Assembly_of_Wooden_Pieces/install/table_description/bin'
[1.170s] INFO:colcon.colcon_core.shell:Creating package script '/home/aschalin/UR5e_Assembly_of_Wooden_Pieces/install/table_description/share/table_description/package.ps1'
[1.171s] INFO:colcon.colcon_core.shell:Creating package descriptor '/home/aschalin/UR5e_Assembly_of_Wooden_Pieces/install/table_description/share/table_description/package.dsv'
[1.171s] INFO:colcon.colcon_core.shell:Creating package script '/home/aschalin/UR5e_Assembly_of_Wooden_Pieces/install/table_description/share/table_description/package.sh'
[1.171s] INFO:colcon.colcon_core.shell:Creating package script '/home/aschalin/UR5e_Assembly_of_Wooden_Pieces/install/table_description/share/table_description/package.bash'
[1.171s] INFO:colcon.colcon_core.shell:Creating package script '/home/aschalin/UR5e_Assembly_of_Wooden_Pieces/install/table_description/share/table_description/package.zsh'
[1.171s] Level 1:colcon.colcon_core.environment:create_file_with_runtime_dependencies(/home/aschalin/UR5e_Assembly_of_Wooden_Pieces/install/table_description/share/colcon-core/packages/table_description)
[1.171s] Level 1:colcon.colcon_core.environment:create_environment_scripts_only(table_description)
[1.172s] Level 1:colcon.colcon_core.environment:checking '/home/aschalin/UR5e_Assembly_of_Wooden_Pieces/install/table_description' for CMake module files
[1.172s] Level 1:colcon.colcon_core.environment:checking '/home/aschalin/UR5e_Assembly_of_Wooden_Pieces/install/table_description' for CMake config files
[1.172s] Level 1:colcon.colcon_core.shell:create_environment_hook('table_description', 'cmake_prefix_path')
[1.172s] INFO:colcon.colcon_core.shell:Creating environment hook '/home/aschalin/UR5e_Assembly_of_Wooden_Pieces/install/table_description/share/table_description/hook/cmake_prefix_path.ps1'
[1.172s] INFO:colcon.colcon_core.shell:Creating environment descriptor '/home/aschalin/UR5e_Assembly_of_Wooden_Pieces/install/table_description/share/table_description/hook/cmake_prefix_path.dsv'
[1.172s] INFO:colcon.colcon_core.shell:Creating environment hook '/home/aschalin/UR5e_Assembly_of_Wooden_Pieces/install/table_description/share/table_description/hook/cmake_prefix_path.sh'
[1.173s] Level 1:colcon.colcon_core.environment:checking '/home/aschalin/UR5e_Assembly_of_Wooden_Pieces/install/table_description/bin'
[1.173s] Level 1:colcon.colcon_core.environment:checking '/home/aschalin/UR5e_Assembly_of_Wooden_Pieces/install/table_description/lib/pkgconfig/table_description.pc'
[1.173s] Level 1:colcon.colcon_core.environment:checking '/home/aschalin/UR5e_Assembly_of_Wooden_Pieces/install/table_description/lib/python3.12/site-packages'
[1.173s] Level 1:colcon.colcon_core.environment:checking '/home/aschalin/UR5e_Assembly_of_Wooden_Pieces/install/table_description/bin'
[1.173s] INFO:colcon.colcon_core.shell:Creating package script '/home/aschalin/UR5e_Assembly_of_Wooden_Pieces/install/table_description/share/table_description/package.ps1'
[1.173s] INFO:colcon.colcon_core.shell:Creating package descriptor '/home/aschalin/UR5e_Assembly_of_Wooden_Pieces/install/table_description/share/table_description/package.dsv'
[1.173s] INFO:colcon.colcon_core.shell:Creating package script '/home/aschalin/UR5e_Assembly_of_Wooden_Pieces/install/table_description/share/table_description/package.sh'
[1.174s] INFO:colcon.colcon_core.shell:Creating package script '/home/aschalin/UR5e_Assembly_of_Wooden_Pieces/install/table_description/share/table_description/package.bash'
[1.174s] INFO:colcon.colcon_core.shell:Creating package script '/home/aschalin/UR5e_Assembly_of_Wooden_Pieces/install/table_description/share/table_description/package.zsh'
[1.174s] Level 1:colcon.colcon_core.environment:create_file_with_runtime_dependencies(/home/aschalin/UR5e_Assembly_of_Wooden_Pieces/install/table_description/share/colcon-core/packages/table_description)
[1.174s] INFO:colcon.colcon_ros.task.ament_cmake.build:Building ROS package in '/home/aschalin/UR5e_Assembly_of_Wooden_Pieces/src/environment' with build type 'ament_cmake'
[1.174s] INFO:colcon.colcon_cmake.task.cmake.build:Building CMake package in '/home/aschalin/UR5e_Assembly_of_Wooden_Pieces/src/environment'
[1.174s] INFO:colcon.colcon_core.shell:Skip shell extension 'powershell' for command environment: Not usable outside of PowerShell
[1.174s] DEBUG:colcon.colcon_core.shell:Skip shell extension 'dsv' for command environment
[1.184s] DEBUG:colcon.colcon_core.event_handler.log_command:Invoking command in '/home/aschalin/UR5e_Assembly_of_Wooden_Pieces/build/environment': AMENT_PREFIX_PATH=/home/aschalin/UR5e_Assembly_of_Wooden_Pieces/install/urdf_tutorial:/home/aschalin/UR5e_Assembly_of_Wooden_Pieces/install/table_description:${AMENT_PREFIX_PATH} CMAKE_PREFIX_PATH=/home/aschalin/UR5e_Assembly_of_Wooden_Pieces/install/urdf_tutorial:/home/aschalin/UR5e_Assembly_of_Wooden_Pieces/install/table_description:/home/aschalin/ros2_bt/install/your_package:/home/aschalin/ros2_bt/install/environment:/home/aschalin/ros2_bt/install/urdf_tutorial:/home/aschalin/ros2_bt/install/ur_simulation_gz:/home/aschalin/ros2_bt/install/ur_description:/home/aschalin/ros2_bt/install/table_description:/home/aschalin/ws_moveit/install/robotiq_hardware_tests:/home/aschalin/ws_moveit/install/robotiq_driver:/home/aschalin/ws_moveit/install/serial:/home/aschalin/ws_moveit/install/moveit2_tutorials:/home/aschalin/ws_moveit/install/hello_moveit:/home/aschalin/ws_moveit/install/moveit_visual_tools:/home/aschalin/ws_moveit/install/rviz_visual_tools:/home/aschalin/ws_moveit/install/moveit_task_constructor_visualization:/home/aschalin/ws_moveit/install/moveit_task_constructor_demo:/home/aschalin/ws_moveit/install/moveit_task_constructor_capabilities:/home/aschalin/ws_moveit/install/moveit_task_constructor_core:/home/aschalin/ws_moveit/install/rviz_marker_tools:/home/aschalin/ws_moveit/install/kortex_bringup:/home/aschalin/ws_moveit/install/kinova_gen3_lite_moveit_config:/home/aschalin/ws_moveit/install/kinova_gen3_7dof_robotiq_2f_85_moveit_config:/home/aschalin/ws_moveit/install/kinova_gen3_6dof_robotiq_2f_85_moveit_config:/home/aschalin/ws_moveit/install/kortex_description:/home/aschalin/ws_moveit/install/robotiq_description:/home/aschalin/ws_moveit/install/robotiq_controllers:/home/aschalin/ws_moveit/install/pilz_industrial_motion_planner_testutils:/home/aschalin/ws_moveit/install/moveit_runtime:/home/aschalin/ws_moveit/install/moveit:/home/aschalin/ws_moveit/install/moveit_planners:/home/aschalin/ws_moveit/install/pilz_industrial_motion_planner:/home/aschalin/ws_moveit/install/picknik_twist_controller:/home/aschalin/ws_moveit/install/picknik_reset_fault_controller:/home/aschalin/ws_moveit/install/moveit_task_constructor_msgs:/home/aschalin/ws_moveit/install/moveit_ros_control_interface:/home/aschalin/ws_moveit/install/moveit_plugins:/home/aschalin/ws_moveit/install/moveit_simple_controller_manager:/home/aschalin/ws_moveit/install/moveit_setup_assistant:/home/aschalin/ws_moveit/install/moveit_setup_srdf_plugins:/home/aschalin/ws_moveit/install/moveit_setup_core_plugins:/home/aschalin/ws_moveit/install/moveit_setup_controllers:/home/aschalin/ws_moveit/install/moveit_setup_app_plugins:/home/aschalin/ws_moveit/install/moveit_setup_framework:/home/aschalin/ws_moveit/install/moveit_servo:/home/aschalin/ws_moveit/install/moveit_ros_trajectory_cache:/home/aschalin/ws_moveit/install/moveit_ros:/home/aschalin/ws_moveit/install/moveit_ros_visualization:/home/aschalin/ws_moveit/install/moveit_py:/home/aschalin/ws_moveit/install/moveit_hybrid_planning:/home/aschalin/ws_moveit/install/moveit_ros_planning_interface:/home/aschalin/ws_moveit/install/moveit_ros_benchmarks:/home/aschalin/ws_moveit/install/moveit_ros_warehouse:/home/aschalin/ws_moveit/install/moveit_ros_robot_interaction:/home/aschalin/ws_moveit/install/moveit_ros_perception:/home/aschalin/ws_moveit/install/moveit_resources_prbt_pg70_support:/home/aschalin/ws_moveit/install/moveit_resources_prbt_moveit_config:/home/aschalin/ws_moveit/install/moveit_ros_move_group:/home/aschalin/ws_moveit/install/moveit_planners_ompl:/home/aschalin/ws_moveit/install/moveit_kinematics:/home/aschalin/ws_moveit/install/moveit_ros_planning:/home/aschalin/ws_moveit/install/moveit_ros_occupancy_map_monitor:/home/aschalin/ws_moveit/install/moveit_resources_prbt_support:/home/aschalin/ws_moveit/install/moveit_resources_prbt_ikfast_manipulator_plugin:/home/aschalin/ws_moveit/install/moveit_resources:/home/aschalin/ws_moveit/install/moveit_resources_pr2_description:/home/aschalin/ws_moveit/install/moveit_resources_panda_moveit_config:/home/aschalin/ws_moveit/install/dual_arm_panda_moveit_config:/home/aschalin/ws_moveit/install/moveit_resources_panda_description:/home/aschalin/ws_moveit/install/moveit_resources_fanuc_moveit_config:/home/aschalin/ws_moveit/install/moveit_resources_fanuc_description:/home/aschalin/ws_moveit/install/moveit_planners_stomp:/home/aschalin/ws_moveit/install/moveit_planners_chomp:/home/aschalin/ws_moveit/install/chomp_motion_planner:/home/aschalin/ws_moveit/install/moveit_core:/home/aschalin/ws_moveit/install/moveit_msgs:/home/aschalin/ws_moveit/install/moveit_common:/home/aschalin/ws_moveit/install/kortex_driver:/home/aschalin/ws_moveit/install/kortex_api:/opt/ros/jazzy/opt/gz_sim_vendor:/opt/ros/jazzy/opt/gz_sensors_vendor:/opt/ros/jazzy/opt/gz_physics_vendor:/opt/ros/jazzy/opt/sdformat_vendor:/opt/ros/jazzy/opt/gz_gui_vendor:/opt/ros/jazzy/opt/gz_transport_vendor:/opt/ros/jazzy/opt/gz_rendering_vendor:/opt/ros/jazzy/opt/gz_plugin_vendor:/opt/ros/jazzy/opt/gz_fuel_tools_vendor:/opt/ros/jazzy/opt/gz_msgs_vendor:/opt/ros/jazzy/opt/gz_common_vendor:/opt/ros/jazzy/opt/gz_math_vendor:/opt/ros/jazzy/opt/gz_utils_vendor:/opt/ros/jazzy/opt/gz_tools_vendor:/opt/ros/jazzy/opt/gz_ogre_next_vendor:/opt/ros/jazzy/opt/gz_dartsim_vendor:/opt/ros/jazzy/opt/gz_cmake_vendor:/home/aschalin/ws_moveit/install/moveit_configs_utils:/opt/ros/jazzy DEBUGINFOD_URLS=https://debuginfod.ubuntu.com /usr/bin/cmake /home/aschalin/UR5e_Assembly_of_Wooden_Pieces/src/environment -DCMAKE_INSTALL_PREFIX=/home/aschalin/UR5e_Assembly_of_Wooden_Pieces/install/environment
[1.378s] DEBUG:colcon.colcon_core.event_handler.log_command:Invoked command in '/home/aschalin/UR5e_Assembly_of_Wooden_Pieces/build/ur_simulation_gz' returned '0': CMAKE_PREFIX_PATH=${CMAKE_PREFIX_PATH}:/home/aschalin/ws_moveit/install/moveit_configs_utils:/opt/ros/jazzy DEBUGINFOD_URLS=https://debuginfod.ubuntu.com /usr/bin/cmake /home/aschalin/UR5e_Assembly_of_Wooden_Pieces/src/robots/ur_simulation_gz/ur_simulation_gz -DCMAKE_INSTALL_PREFIX=/home/aschalin/UR5e_Assembly_of_Wooden_Pieces/install/ur_simulation_gz
[1.380s] DEBUG:colcon.colcon_core.event_handler.log_command:Invoking command in '/home/aschalin/UR5e_Assembly_of_Wooden_Pieces/build/ur_simulation_gz': CMAKE_PREFIX_PATH=${CMAKE_PREFIX_PATH}:/home/aschalin/ws_moveit/install/moveit_configs_utils:/opt/ros/jazzy DEBUGINFOD_URLS=https://debuginfod.ubuntu.com /usr/bin/cmake --build /home/aschalin/UR5e_Assembly_of_Wooden_Pieces/build/ur_simulation_gz -- -j22 -l22
[1.416s] DEBUG:colcon.colcon_core.event_handler.log_command:Invoked command in '/home/aschalin/UR5e_Assembly_of_Wooden_Pieces/build/ur_simulation_gz' returned '0': CMAKE_PREFIX_PATH=${CMAKE_PREFIX_PATH}:/home/aschalin/ws_moveit/install/moveit_configs_utils:/opt/ros/jazzy DEBUGINFOD_URLS=https://debuginfod.ubuntu.com /usr/bin/cmake --build /home/aschalin/UR5e_Assembly_of_Wooden_Pieces/build/ur_simulation_gz -- -j22 -l22
[1.417s] DEBUG:colcon.colcon_core.event_handler.log_command:Invoking command in '/home/aschalin/UR5e_Assembly_of_Wooden_Pieces/build/ur_simulation_gz': CMAKE_PREFIX_PATH=${CMAKE_PREFIX_PATH}:/home/aschalin/ws_moveit/install/moveit_configs_utils:/opt/ros/jazzy DEBUGINFOD_URLS=https://debuginfod.ubuntu.com /usr/bin/cmake --install /home/aschalin/UR5e_Assembly_of_Wooden_Pieces/build/ur_simulation_gz
[1.424s] Level 1:colcon.colcon_core.environment:create_environment_scripts_only(ur_simulation_gz)
[1.424s] Level 1:colcon.colcon_core.environment:checking '/home/aschalin/UR5e_Assembly_of_Wooden_Pieces/install/ur_simulation_gz' for CMake module files
[1.424s] DEBUG:colcon.colcon_core.event_handler.log_command:Invoked command in '/home/aschalin/UR5e_Assembly_of_Wooden_Pieces/build/ur_simulation_gz' returned '0': CMAKE_PREFIX_PATH=${CMAKE_PREFIX_PATH}:/home/aschalin/ws_moveit/install/moveit_configs_utils:/opt/ros/jazzy DEBUGINFOD_URLS=https://debuginfod.ubuntu.com /usr/bin/cmake --install /home/aschalin/UR5e_Assembly_of_Wooden_Pieces/build/ur_simulation_gz
[1.424s] Level 1:colcon.colcon_core.environment:checking '/home/aschalin/UR5e_Assembly_of_Wooden_Pieces/install/ur_simulation_gz' for CMake config files
[1.424s] Level 1:colcon.colcon_core.shell:create_environment_hook('ur_simulation_gz', 'cmake_prefix_path')
[1.425s] INFO:colcon.colcon_core.shell:Creating environment hook '/home/aschalin/UR5e_Assembly_of_Wooden_Pieces/install/ur_simulation_gz/share/ur_simulation_gz/hook/cmake_prefix_path.ps1'
[1.425s] INFO:colcon.colcon_core.shell:Creating environment descriptor '/home/aschalin/UR5e_Assembly_of_Wooden_Pieces/install/ur_simulation_gz/share/ur_simulation_gz/hook/cmake_prefix_path.dsv'
[1.425s] INFO:colcon.colcon_core.shell:Creating environment hook '/home/aschalin/UR5e_Assembly_of_Wooden_Pieces/install/ur_simulation_gz/share/ur_simulation_gz/hook/cmake_prefix_path.sh'
[1.425s] Level 1:colcon.colcon_core.environment:checking '/home/aschalin/UR5e_Assembly_of_Wooden_Pieces/install/ur_simulation_gz/bin'
[1.425s] Level 1:colcon.colcon_core.environment:checking '/home/aschalin/UR5e_Assembly_of_Wooden_Pieces/install/ur_simulation_gz/lib/pkgconfig/ur_simulation_gz.pc'
[1.425s] Level 1:colcon.colcon_core.environment:checking '/home/aschalin/UR5e_Assembly_of_Wooden_Pieces/install/ur_simulation_gz/lib/python3.12/site-packages'
[1.426s] Level 1:colcon.colcon_core.environment:checking '/home/aschalin/UR5e_Assembly_of_Wooden_Pieces/install/ur_simulation_gz/bin'
[1.426s] INFO:colcon.colcon_core.shell:Creating package script '/home/aschalin/UR5e_Assembly_of_Wooden_Pieces/install/ur_simulation_gz/share/ur_simulation_gz/package.ps1'
[1.426s] INFO:colcon.colcon_core.shell:Creating package descriptor '/home/aschalin/UR5e_Assembly_of_Wooden_Pieces/install/ur_simulation_gz/share/ur_simulation_gz/package.dsv'
[1.426s] INFO:colcon.colcon_core.shell:Creating package script '/home/aschalin/UR5e_Assembly_of_Wooden_Pieces/install/ur_simulation_gz/share/ur_simulation_gz/package.sh'
[1.426s] INFO:colcon.colcon_core.shell:Creating package script '/home/aschalin/UR5e_Assembly_of_Wooden_Pieces/install/ur_simulation_gz/share/ur_simulation_gz/package.bash'
[1.426s] INFO:colcon.colcon_core.shell:Creating package script '/home/aschalin/UR5e_Assembly_of_Wooden_Pieces/install/ur_simulation_gz/share/ur_simulation_gz/package.zsh'
[1.427s] Level 1:colcon.colcon_core.environment:create_file_with_runtime_dependencies(/home/aschalin/UR5e_Assembly_of_Wooden_Pieces/install/ur_simulation_gz/share/colcon-core/packages/ur_simulation_gz)
[1.427s] Level 1:colcon.colcon_core.environment:create_environment_scripts_only(ur_simulation_gz)
[1.427s] Level 1:colcon.colcon_core.environment:checking '/home/aschalin/UR5e_Assembly_of_Wooden_Pieces/install/ur_simulation_gz' for CMake module files
[1.427s] Level 1:colcon.colcon_core.environment:checking '/home/aschalin/UR5e_Assembly_of_Wooden_Pieces/install/ur_simulation_gz' for CMake config files
[1.427s] Level 1:colcon.colcon_core.shell:create_environment_hook('ur_simulation_gz', 'cmake_prefix_path')
[1.427s] INFO:colcon.colcon_core.shell:Creating environment hook '/home/aschalin/UR5e_Assembly_of_Wooden_Pieces/install/ur_simulation_gz/share/ur_simulation_gz/hook/cmake_prefix_path.ps1'
[1.428s] INFO:colcon.colcon_core.shell:Creating environment descriptor '/home/aschalin/UR5e_Assembly_of_Wooden_Pieces/install/ur_simulation_gz/share/ur_simulation_gz/hook/cmake_prefix_path.dsv'
[1.428s] INFO:colcon.colcon_core.shell:Creating environment hook '/home/aschalin/UR5e_Assembly_of_Wooden_Pieces/install/ur_simulation_gz/share/ur_simulation_gz/hook/cmake_prefix_path.sh'
[1.428s] Level 1:colcon.colcon_core.environment:checking '/home/aschalin/UR5e_Assembly_of_Wooden_Pieces/install/ur_simulation_gz/bin'
[1.428s] Level 1:colcon.colcon_core.environment:checking '/home/aschalin/UR5e_Assembly_of_Wooden_Pieces/install/ur_simulation_gz/lib/pkgconfig/ur_simulation_gz.pc'
[1.428s] Level 1:colcon.colcon_core.environment:checking '/home/aschalin/UR5e_Assembly_of_Wooden_Pieces/install/ur_simulation_gz/lib/python3.12/site-packages'
[1.428s] Level 1:colcon.colcon_core.environment:checking '/home/aschalin/UR5e_Assembly_of_Wooden_Pieces/install/ur_simulation_gz/bin'
[1.428s] INFO:colcon.colcon_core.shell:Creating package script '/home/aschalin/UR5e_Assembly_of_Wooden_Pieces/install/ur_simulation_gz/share/ur_simulation_gz/package.ps1'
[1.429s] INFO:colcon.colcon_core.shell:Creating package descriptor '/home/aschalin/UR5e_Assembly_of_Wooden_Pieces/install/ur_simulation_gz/share/ur_simulation_gz/package.dsv'
[1.429s] INFO:colcon.colcon_core.shell:Creating package script '/home/aschalin/UR5e_Assembly_of_Wooden_Pieces/install/ur_simulation_gz/share/ur_simulation_gz/package.sh'
[1.429s] INFO:colcon.colcon_core.shell:Creating package script '/home/aschalin/UR5e_Assembly_of_Wooden_Pieces/install/ur_simulation_gz/share/ur_simulation_gz/package.bash'
[1.429s] INFO:colcon.colcon_core.shell:Creating package script '/home/aschalin/UR5e_Assembly_of_Wooden_Pieces/install/ur_simulation_gz/share/ur_simulation_gz/package.zsh'
[1.429s] Level 1:colcon.colcon_core.environment:create_file_with_runtime_dependencies(/home/aschalin/UR5e_Assembly_of_Wooden_Pieces/install/ur_simulation_gz/share/colcon-core/packages/ur_simulation_gz)
[1.843s] DEBUG:colcon.colcon_core.event_handler.log_command:Invoked command in '/home/aschalin/UR5e_Assembly_of_Wooden_Pieces/build/environment' returned '0': AMENT_PREFIX_PATH=/home/aschalin/UR5e_Assembly_of_Wooden_Pieces/install/urdf_tutorial:/home/aschalin/UR5e_Assembly_of_Wooden_Pieces/install/table_description:${AMENT_PREFIX_PATH} CMAKE_PREFIX_PATH=/home/aschalin/UR5e_Assembly_of_Wooden_Pieces/install/urdf_tutorial:/home/aschalin/UR5e_Assembly_of_Wooden_Pieces/install/table_description:/home/aschalin/ros2_bt/install/your_package:/home/aschalin/ros2_bt/install/environment:/home/aschalin/ros2_bt/install/urdf_tutorial:/home/aschalin/ros2_bt/install/ur_simulation_gz:/home/aschalin/ros2_bt/install/ur_description:/home/aschalin/ros2_bt/install/table_description:/home/aschalin/ws_moveit/install/robotiq_hardware_tests:/home/aschalin/ws_moveit/install/robotiq_driver:/home/aschalin/ws_moveit/install/serial:/home/aschalin/ws_moveit/install/moveit2_tutorials:/home/aschalin/ws_moveit/install/hello_moveit:/home/aschalin/ws_moveit/install/moveit_visual_tools:/home/aschalin/ws_moveit/install/rviz_visual_tools:/home/aschalin/ws_moveit/install/moveit_task_constructor_visualization:/home/aschalin/ws_moveit/install/moveit_task_constructor_demo:/home/aschalin/ws_moveit/install/moveit_task_constructor_capabilities:/home/aschalin/ws_moveit/install/moveit_task_constructor_core:/home/aschalin/ws_moveit/install/rviz_marker_tools:/home/aschalin/ws_moveit/install/kortex_bringup:/home/aschalin/ws_moveit/install/kinova_gen3_lite_moveit_config:/home/aschalin/ws_moveit/install/kinova_gen3_7dof_robotiq_2f_85_moveit_config:/home/aschalin/ws_moveit/install/kinova_gen3_6dof_robotiq_2f_85_moveit_config:/home/aschalin/ws_moveit/install/kortex_description:/home/aschalin/ws_moveit/install/robotiq_description:/home/aschalin/ws_moveit/install/robotiq_controllers:/home/aschalin/ws_moveit/install/pilz_industrial_motion_planner_testutils:/home/aschalin/ws_moveit/install/moveit_runtime:/home/aschalin/ws_moveit/install/moveit:/home/aschalin/ws_moveit/install/moveit_planners:/home/aschalin/ws_moveit/install/pilz_industrial_motion_planner:/home/aschalin/ws_moveit/install/picknik_twist_controller:/home/aschalin/ws_moveit/install/picknik_reset_fault_controller:/home/aschalin/ws_moveit/install/moveit_task_constructor_msgs:/home/aschalin/ws_moveit/install/moveit_ros_control_interface:/home/aschalin/ws_moveit/install/moveit_plugins:/home/aschalin/ws_moveit/install/moveit_simple_controller_manager:/home/aschalin/ws_moveit/install/moveit_setup_assistant:/home/aschalin/ws_moveit/install/moveit_setup_srdf_plugins:/home/aschalin/ws_moveit/install/moveit_setup_core_plugins:/home/aschalin/ws_moveit/install/moveit_setup_controllers:/home/aschalin/ws_moveit/install/moveit_setup_app_plugins:/home/aschalin/ws_moveit/install/moveit_setup_framework:/home/aschalin/ws_moveit/install/moveit_servo:/home/aschalin/ws_moveit/install/moveit_ros_trajectory_cache:/home/aschalin/ws_moveit/install/moveit_ros:/home/aschalin/ws_moveit/install/moveit_ros_visualization:/home/aschalin/ws_moveit/install/moveit_py:/home/aschalin/ws_moveit/install/moveit_hybrid_planning:/home/aschalin/ws_moveit/install/moveit_ros_planning_interface:/home/aschalin/ws_moveit/install/moveit_ros_benchmarks:/home/aschalin/ws_moveit/install/moveit_ros_warehouse:/home/aschalin/ws_moveit/install/moveit_ros_robot_interaction:/home/aschalin/ws_moveit/install/moveit_ros_perception:/home/aschalin/ws_moveit/install/moveit_resources_prbt_pg70_support:/home/aschalin/ws_moveit/install/moveit_resources_prbt_moveit_config:/home/aschalin/ws_moveit/install/moveit_ros_move_group:/home/aschalin/ws_moveit/install/moveit_planners_ompl:/home/aschalin/ws_moveit/install/moveit_kinematics:/home/aschalin/ws_moveit/install/moveit_ros_planning:/home/aschalin/ws_moveit/install/moveit_ros_occupancy_map_monitor:/home/aschalin/ws_moveit/install/moveit_resources_prbt_support:/home/aschalin/ws_moveit/install/moveit_resources_prbt_ikfast_manipulator_plugin:/home/aschalin/ws_moveit/install/moveit_resources:/home/aschalin/ws_moveit/install/moveit_resources_pr2_description:/home/aschalin/ws_moveit/install/moveit_resources_panda_moveit_config:/home/aschalin/ws_moveit/install/dual_arm_panda_moveit_config:/home/aschalin/ws_moveit/install/moveit_resources_panda_description:/home/aschalin/ws_moveit/install/moveit_resources_fanuc_moveit_config:/home/aschalin/ws_moveit/install/moveit_resources_fanuc_description:/home/aschalin/ws_moveit/install/moveit_planners_stomp:/home/aschalin/ws_moveit/install/moveit_planners_chomp:/home/aschalin/ws_moveit/install/chomp_motion_planner:/home/aschalin/ws_moveit/install/moveit_core:/home/aschalin/ws_moveit/install/moveit_msgs:/home/aschalin/ws_moveit/install/moveit_common:/home/aschalin/ws_moveit/install/kortex_driver:/home/aschalin/ws_moveit/install/kortex_api:/opt/ros/jazzy/opt/gz_sim_vendor:/opt/ros/jazzy/opt/gz_sensors_vendor:/opt/ros/jazzy/opt/gz_physics_vendor:/opt/ros/jazzy/opt/sdformat_vendor:/opt/ros/jazzy/opt/gz_gui_vendor:/opt/ros/jazzy/opt/gz_transport_vendor:/opt/ros/jazzy/opt/gz_rendering_vendor:/opt/ros/jazzy/opt/gz_plugin_vendor:/opt/ros/jazzy/opt/gz_fuel_tools_vendor:/opt/ros/jazzy/opt/gz_msgs_vendor:/opt/ros/jazzy/opt/gz_common_vendor:/opt/ros/jazzy/opt/gz_math_vendor:/opt/ros/jazzy/opt/gz_utils_vendor:/opt/ros/jazzy/opt/gz_tools_vendor:/opt/ros/jazzy/opt/gz_ogre_next_vendor:/opt/ros/jazzy/opt/gz_dartsim_vendor:/opt/ros/jazzy/opt/gz_cmake_vendor:/home/aschalin/ws_moveit/install/moveit_configs_utils:/opt/ros/jazzy DEBUGINFOD_URLS=https://debuginfod.ubuntu.com /usr/bin/cmake /home/aschalin/UR5e_Assembly_of_Wooden_Pieces/src/environment -DCMAKE_INSTALL_PREFIX=/home/aschalin/UR5e_Assembly_of_Wooden_Pieces/install/environment
[1.844s] DEBUG:colcon.colcon_core.event_handler.log_command:Invoking command in '/home/aschalin/UR5e_Assembly_of_Wooden_Pieces/build/environment': AMENT_PREFIX_PATH=/home/aschalin/UR5e_Assembly_of_Wooden_Pieces/install/urdf_tutorial:/home/aschalin/UR5e_Assembly_of_Wooden_Pieces/install/table_description:${AMENT_PREFIX_PATH} CMAKE_PREFIX_PATH=/home/aschalin/UR5e_Assembly_of_Wooden_Pieces/install/urdf_tutorial:/home/aschalin/UR5e_Assembly_of_Wooden_Pieces/install/table_description:/home/aschalin/ros2_bt/install/your_package:/home/aschalin/ros2_bt/install/environment:/home/aschalin/ros2_bt/install/urdf_tutorial:/home/aschalin/ros2_bt/install/ur_simulation_gz:/home/aschalin/ros2_bt/install/ur_description:/home/aschalin/ros2_bt/install/table_description:/home/aschalin/ws_moveit/install/robotiq_hardware_tests:/home/aschalin/ws_moveit/install/robotiq_driver:/home/aschalin/ws_moveit/install/serial:/home/aschalin/ws_moveit/install/moveit2_tutorials:/home/aschalin/ws_moveit/install/hello_moveit:/home/aschalin/ws_moveit/install/moveit_visual_tools:/home/aschalin/ws_moveit/install/rviz_visual_tools:/home/aschalin/ws_moveit/install/moveit_task_constructor_visualization:/home/aschalin/ws_moveit/install/moveit_task_constructor_demo:/home/aschalin/ws_moveit/install/moveit_task_constructor_capabilities:/home/aschalin/ws_moveit/install/moveit_task_constructor_core:/home/aschalin/ws_moveit/install/rviz_marker_tools:/home/aschalin/ws_moveit/install/kortex_bringup:/home/aschalin/ws_moveit/install/kinova_gen3_lite_moveit_config:/home/aschalin/ws_moveit/install/kinova_gen3_7dof_robotiq_2f_85_moveit_config:/home/aschalin/ws_moveit/install/kinova_gen3_6dof_robotiq_2f_85_moveit_config:/home/aschalin/ws_moveit/install/kortex_description:/home/aschalin/ws_moveit/install/robotiq_description:/home/aschalin/ws_moveit/install/robotiq_controllers:/home/aschalin/ws_moveit/install/pilz_industrial_motion_planner_testutils:/home/aschalin/ws_moveit/install/moveit_runtime:/home/aschalin/ws_moveit/install/moveit:/home/aschalin/ws_moveit/install/moveit_planners:/home/aschalin/ws_moveit/install/pilz_industrial_motion_planner:/home/aschalin/ws_moveit/install/picknik_twist_controller:/home/aschalin/ws_moveit/install/picknik_reset_fault_controller:/home/aschalin/ws_moveit/install/moveit_task_constructor_msgs:/home/aschalin/ws_moveit/install/moveit_ros_control_interface:/home/aschalin/ws_moveit/install/moveit_plugins:/home/aschalin/ws_moveit/install/moveit_simple_controller_manager:/home/aschalin/ws_moveit/install/moveit_setup_assistant:/home/aschalin/ws_moveit/install/moveit_setup_srdf_plugins:/home/aschalin/ws_moveit/install/moveit_setup_core_plugins:/home/aschalin/ws_moveit/install/moveit_setup_controllers:/home/aschalin/ws_moveit/install/moveit_setup_app_plugins:/home/aschalin/ws_moveit/install/moveit_setup_framework:/home/aschalin/ws_moveit/install/moveit_servo:/home/aschalin/ws_moveit/install/moveit_ros_trajectory_cache:/home/aschalin/ws_moveit/install/moveit_ros:/home/aschalin/ws_moveit/install/moveit_ros_visualization:/home/aschalin/ws_moveit/install/moveit_py:/home/aschalin/ws_moveit/install/moveit_hybrid_planning:/home/aschalin/ws_moveit/install/moveit_ros_planning_interface:/home/aschalin/ws_moveit/install/moveit_ros_benchmarks:/home/aschalin/ws_moveit/install/moveit_ros_warehouse:/home/aschalin/ws_moveit/install/moveit_ros_robot_interaction:/home/aschalin/ws_moveit/install/moveit_ros_perception:/home/aschalin/ws_moveit/install/moveit_resources_prbt_pg70_support:/home/aschalin/ws_moveit/install/moveit_resources_prbt_moveit_config:/home/aschalin/ws_moveit/install/moveit_ros_move_group:/home/aschalin/ws_moveit/install/moveit_planners_ompl:/home/aschalin/ws_moveit/install/moveit_kinematics:/home/aschalin/ws_moveit/install/moveit_ros_planning:/home/aschalin/ws_moveit/install/moveit_ros_occupancy_map_monitor:/home/aschalin/ws_moveit/install/moveit_resources_prbt_support:/home/aschalin/ws_moveit/install/moveit_resources_prbt_ikfast_manipulator_plugin:/home/aschalin/ws_moveit/install/moveit_resources:/home/aschalin/ws_moveit/install/moveit_resources_pr2_description:/home/aschalin/ws_moveit/install/moveit_resources_panda_moveit_config:/home/aschalin/ws_moveit/install/dual_arm_panda_moveit_config:/home/aschalin/ws_moveit/install/moveit_resources_panda_description:/home/aschalin/ws_moveit/install/moveit_resources_fanuc_moveit_config:/home/aschalin/ws_moveit/install/moveit_resources_fanuc_description:/home/aschalin/ws_moveit/install/moveit_planners_stomp:/home/aschalin/ws_moveit/install/moveit_planners_chomp:/home/aschalin/ws_moveit/install/chomp_motion_planner:/home/aschalin/ws_moveit/install/moveit_core:/home/aschalin/ws_moveit/install/moveit_msgs:/home/aschalin/ws_moveit/install/moveit_common:/home/aschalin/ws_moveit/install/kortex_driver:/home/aschalin/ws_moveit/install/kortex_api:/opt/ros/jazzy/opt/gz_sim_vendor:/opt/ros/jazzy/opt/gz_sensors_vendor:/opt/ros/jazzy/opt/gz_physics_vendor:/opt/ros/jazzy/opt/sdformat_vendor:/opt/ros/jazzy/opt/gz_gui_vendor:/opt/ros/jazzy/opt/gz_transport_vendor:/opt/ros/jazzy/opt/gz_rendering_vendor:/opt/ros/jazzy/opt/gz_plugin_vendor:/opt/ros/jazzy/opt/gz_fuel_tools_vendor:/opt/ros/jazzy/opt/gz_msgs_vendor:/opt/ros/jazzy/opt/gz_common_vendor:/opt/ros/jazzy/opt/gz_math_vendor:/opt/ros/jazzy/opt/gz_utils_vendor:/opt/ros/jazzy/opt/gz_tools_vendor:/opt/ros/jazzy/opt/gz_ogre_next_vendor:/opt/ros/jazzy/opt/gz_dartsim_vendor:/opt/ros/jazzy/opt/gz_cmake_vendor:/home/aschalin/ws_moveit/install/moveit_configs_utils:/opt/ros/jazzy DEBUGINFOD_URLS=https://debuginfod.ubuntu.com /usr/bin/cmake --build /home/aschalin/UR5e_Assembly_of_Wooden_Pieces/build/environment -- -j22 -l22
[1.885s] DEBUG:colcon.colcon_core.event_handler.log_command:Invoked command in '/home/aschalin/UR5e_Assembly_of_Wooden_Pieces/build/environment' returned '0': AMENT_PREFIX_PATH=/home/aschalin/UR5e_Assembly_of_Wooden_Pieces/install/urdf_tutorial:/home/aschalin/UR5e_Assembly_of_Wooden_Pieces/install/table_description:${AMENT_PREFIX_PATH} CMAKE_PREFIX_PATH=/home/aschalin/UR5e_Assembly_of_Wooden_Pieces/install/urdf_tutorial:/home/aschalin/UR5e_Assembly_of_Wooden_Pieces/install/table_description:/home/aschalin/ros2_bt/install/your_package:/home/aschalin/ros2_bt/install/environment:/home/aschalin/ros2_bt/install/urdf_tutorial:/home/aschalin/ros2_bt/install/ur_simulation_gz:/home/aschalin/ros2_bt/install/ur_description:/home/aschalin/ros2_bt/install/table_description:/home/aschalin/ws_moveit/install/robotiq_hardware_tests:/home/aschalin/ws_moveit/install/robotiq_driver:/home/aschalin/ws_moveit/install/serial:/home/aschalin/ws_moveit/install/moveit2_tutorials:/home/aschalin/ws_moveit/install/hello_moveit:/home/aschalin/ws_moveit/install/moveit_visual_tools:/home/aschalin/ws_moveit/install/rviz_visual_tools:/home/aschalin/ws_moveit/install/moveit_task_constructor_visualization:/home/aschalin/ws_moveit/install/moveit_task_constructor_demo:/home/aschalin/ws_moveit/install/moveit_task_constructor_capabilities:/home/aschalin/ws_moveit/install/moveit_task_constructor_core:/home/aschalin/ws_moveit/install/rviz_marker_tools:/home/aschalin/ws_moveit/install/kortex_bringup:/home/aschalin/ws_moveit/install/kinova_gen3_lite_moveit_config:/home/aschalin/ws_moveit/install/kinova_gen3_7dof_robotiq_2f_85_moveit_config:/home/aschalin/ws_moveit/install/kinova_gen3_6dof_robotiq_2f_85_moveit_config:/home/aschalin/ws_moveit/install/kortex_description:/home/aschalin/ws_moveit/install/robotiq_description:/home/aschalin/ws_moveit/install/robotiq_controllers:/home/aschalin/ws_moveit/install/pilz_industrial_motion_planner_testutils:/home/aschalin/ws_moveit/install/moveit_runtime:/home/aschalin/ws_moveit/install/moveit:/home/aschalin/ws_moveit/install/moveit_planners:/home/aschalin/ws_moveit/install/pilz_industrial_motion_planner:/home/aschalin/ws_moveit/install/picknik_twist_controller:/home/aschalin/ws_moveit/install/picknik_reset_fault_controller:/home/aschalin/ws_moveit/install/moveit_task_constructor_msgs:/home/aschalin/ws_moveit/install/moveit_ros_control_interface:/home/aschalin/ws_moveit/install/moveit_plugins:/home/aschalin/ws_moveit/install/moveit_simple_controller_manager:/home/aschalin/ws_moveit/install/moveit_setup_assistant:/home/aschalin/ws_moveit/install/moveit_setup_srdf_plugins:/home/aschalin/ws_moveit/install/moveit_setup_core_plugins:/home/aschalin/ws_moveit/install/moveit_setup_controllers:/home/aschalin/ws_moveit/install/moveit_setup_app_plugins:/home/aschalin/ws_moveit/install/moveit_setup_framework:/home/aschalin/ws_moveit/install/moveit_servo:/home/aschalin/ws_moveit/install/moveit_ros_trajectory_cache:/home/aschalin/ws_moveit/install/moveit_ros:/home/aschalin/ws_moveit/install/moveit_ros_visualization:/home/aschalin/ws_moveit/install/moveit_py:/home/aschalin/ws_moveit/install/moveit_hybrid_planning:/home/aschalin/ws_moveit/install/moveit_ros_planning_interface:/home/aschalin/ws_moveit/install/moveit_ros_benchmarks:/home/aschalin/ws_moveit/install/moveit_ros_warehouse:/home/aschalin/ws_moveit/install/moveit_ros_robot_interaction:/home/aschalin/ws_moveit/install/moveit_ros_perception:/home/aschalin/ws_moveit/install/moveit_resources_prbt_pg70_support:/home/aschalin/ws_moveit/install/moveit_resources_prbt_moveit_config:/home/aschalin/ws_moveit/install/moveit_ros_move_group:/home/aschalin/ws_moveit/install/moveit_planners_ompl:/home/aschalin/ws_moveit/install/moveit_kinematics:/home/aschalin/ws_moveit/install/moveit_ros_planning:/home/aschalin/ws_moveit/install/moveit_ros_occupancy_map_monitor:/home/aschalin/ws_moveit/install/moveit_resources_prbt_support:/home/aschalin/ws_moveit/install/moveit_resources_prbt_ikfast_manipulator_plugin:/home/aschalin/ws_moveit/install/moveit_resources:/home/aschalin/ws_moveit/install/moveit_resources_pr2_description:/home/aschalin/ws_moveit/install/moveit_resources_panda_moveit_config:/home/aschalin/ws_moveit/install/dual_arm_panda_moveit_config:/home/aschalin/ws_moveit/install/moveit_resources_panda_description:/home/aschalin/ws_moveit/install/moveit_resources_fanuc_moveit_config:/home/aschalin/ws_moveit/install/moveit_resources_fanuc_description:/home/aschalin/ws_moveit/install/moveit_planners_stomp:/home/aschalin/ws_moveit/install/moveit_planners_chomp:/home/aschalin/ws_moveit/install/chomp_motion_planner:/home/aschalin/ws_moveit/install/moveit_core:/home/aschalin/ws_moveit/install/moveit_msgs:/home/aschalin/ws_moveit/install/moveit_common:/home/aschalin/ws_moveit/install/kortex_driver:/home/aschalin/ws_moveit/install/kortex_api:/opt/ros/jazzy/opt/gz_sim_vendor:/opt/ros/jazzy/opt/gz_sensors_vendor:/opt/ros/jazzy/opt/gz_physics_vendor:/opt/ros/jazzy/opt/sdformat_vendor:/opt/ros/jazzy/opt/gz_gui_vendor:/opt/ros/jazzy/opt/gz_transport_vendor:/opt/ros/jazzy/opt/gz_rendering_vendor:/opt/ros/jazzy/opt/gz_plugin_vendor:/opt/ros/jazzy/opt/gz_fuel_tools_vendor:/opt/ros/jazzy/opt/gz_msgs_vendor:/opt/ros/jazzy/opt/gz_common_vendor:/opt/ros/jazzy/opt/gz_math_vendor:/opt/ros/jazzy/opt/gz_utils_vendor:/opt/ros/jazzy/opt/gz_tools_vendor:/opt/ros/jazzy/opt/gz_ogre_next_vendor:/opt/ros/jazzy/opt/gz_dartsim_vendor:/opt/ros/jazzy/opt/gz_cmake_vendor:/home/aschalin/ws_moveit/install/moveit_configs_utils:/opt/ros/jazzy DEBUGINFOD_URLS=https://debuginfod.ubuntu.com /usr/bin/cmake --build /home/aschalin/UR5e_Assembly_of_Wooden_Pieces/build/environment -- -j22 -l22
[1.886s] DEBUG:colcon.colcon_core.event_handler.log_command:Invoking command in '/home/aschalin/UR5e_Assembly_of_Wooden_Pieces/build/environment': AMENT_PREFIX_PATH=/home/aschalin/UR5e_Assembly_of_Wooden_Pieces/install/urdf_tutorial:/home/aschalin/UR5e_Assembly_of_Wooden_Pieces/install/table_description:${AMENT_PREFIX_PATH} CMAKE_PREFIX_PATH=/home/aschalin/UR5e_Assembly_of_Wooden_Pieces/install/urdf_tutorial:/home/aschalin/UR5e_Assembly_of_Wooden_Pieces/install/table_description:/home/aschalin/ros2_bt/install/your_package:/home/aschalin/ros2_bt/install/environment:/home/aschalin/ros2_bt/install/urdf_tutorial:/home/aschalin/ros2_bt/install/ur_simulation_gz:/home/aschalin/ros2_bt/install/ur_description:/home/aschalin/ros2_bt/install/table_description:/home/aschalin/ws_moveit/install/robotiq_hardware_tests:/home/aschalin/ws_moveit/install/robotiq_driver:/home/aschalin/ws_moveit/install/serial:/home/aschalin/ws_moveit/install/moveit2_tutorials:/home/aschalin/ws_moveit/install/hello_moveit:/home/aschalin/ws_moveit/install/moveit_visual_tools:/home/aschalin/ws_moveit/install/rviz_visual_tools:/home/aschalin/ws_moveit/install/moveit_task_constructor_visualization:/home/aschalin/ws_moveit/install/moveit_task_constructor_demo:/home/aschalin/ws_moveit/install/moveit_task_constructor_capabilities:/home/aschalin/ws_moveit/install/moveit_task_constructor_core:/home/aschalin/ws_moveit/install/rviz_marker_tools:/home/aschalin/ws_moveit/install/kortex_bringup:/home/aschalin/ws_moveit/install/kinova_gen3_lite_moveit_config:/home/aschalin/ws_moveit/install/kinova_gen3_7dof_robotiq_2f_85_moveit_config:/home/aschalin/ws_moveit/install/kinova_gen3_6dof_robotiq_2f_85_moveit_config:/home/aschalin/ws_moveit/install/kortex_description:/home/aschalin/ws_moveit/install/robotiq_description:/home/aschalin/ws_moveit/install/robotiq_controllers:/home/aschalin/ws_moveit/install/pilz_industrial_motion_planner_testutils:/home/aschalin/ws_moveit/install/moveit_runtime:/home/aschalin/ws_moveit/install/moveit:/home/aschalin/ws_moveit/install/moveit_planners:/home/aschalin/ws_moveit/install/pilz_industrial_motion_planner:/home/aschalin/ws_moveit/install/picknik_twist_controller:/home/aschalin/ws_moveit/install/picknik_reset_fault_controller:/home/aschalin/ws_moveit/install/moveit_task_constructor_msgs:/home/aschalin/ws_moveit/install/moveit_ros_control_interface:/home/aschalin/ws_moveit/install/moveit_plugins:/home/aschalin/ws_moveit/install/moveit_simple_controller_manager:/home/aschalin/ws_moveit/install/moveit_setup_assistant:/home/aschalin/ws_moveit/install/moveit_setup_srdf_plugins:/home/aschalin/ws_moveit/install/moveit_setup_core_plugins:/home/aschalin/ws_moveit/install/moveit_setup_controllers:/home/aschalin/ws_moveit/install/moveit_setup_app_plugins:/home/aschalin/ws_moveit/install/moveit_setup_framework:/home/aschalin/ws_moveit/install/moveit_servo:/home/aschalin/ws_moveit/install/moveit_ros_trajectory_cache:/home/aschalin/ws_moveit/install/moveit_ros:/home/aschalin/ws_moveit/install/moveit_ros_visualization:/home/aschalin/ws_moveit/install/moveit_py:/home/aschalin/ws_moveit/install/moveit_hybrid_planning:/home/aschalin/ws_moveit/install/moveit_ros_planning_interface:/home/aschalin/ws_moveit/install/moveit_ros_benchmarks:/home/aschalin/ws_moveit/install/moveit_ros_warehouse:/home/aschalin/ws_moveit/install/moveit_ros_robot_interaction:/home/aschalin/ws_moveit/install/moveit_ros_perception:/home/aschalin/ws_moveit/install/moveit_resources_prbt_pg70_support:/home/aschalin/ws_moveit/install/moveit_resources_prbt_moveit_config:/home/aschalin/ws_moveit/install/moveit_ros_move_group:/home/aschalin/ws_moveit/install/moveit_planners_ompl:/home/aschalin/ws_moveit/install/moveit_kinematics:/home/aschalin/ws_moveit/install/moveit_ros_planning:/home/aschalin/ws_moveit/install/moveit_ros_occupancy_map_monitor:/home/aschalin/ws_moveit/install/moveit_resources_prbt_support:/home/aschalin/ws_moveit/install/moveit_resources_prbt_ikfast_manipulator_plugin:/home/aschalin/ws_moveit/install/moveit_resources:/home/aschalin/ws_moveit/install/moveit_resources_pr2_description:/home/aschalin/ws_moveit/install/moveit_resources_panda_moveit_config:/home/aschalin/ws_moveit/install/dual_arm_panda_moveit_config:/home/aschalin/ws_moveit/install/moveit_resources_panda_description:/home/aschalin/ws_moveit/install/moveit_resources_fanuc_moveit_config:/home/aschalin/ws_moveit/install/moveit_resources_fanuc_description:/home/aschalin/ws_moveit/install/moveit_planners_stomp:/home/aschalin/ws_moveit/install/moveit_planners_chomp:/home/aschalin/ws_moveit/install/chomp_motion_planner:/home/aschalin/ws_moveit/install/moveit_core:/home/aschalin/ws_moveit/install/moveit_msgs:/home/aschalin/ws_moveit/install/moveit_common:/home/aschalin/ws_moveit/install/kortex_driver:/home/aschalin/ws_moveit/install/kortex_api:/opt/ros/jazzy/opt/gz_sim_vendor:/opt/ros/jazzy/opt/gz_sensors_vendor:/opt/ros/jazzy/opt/gz_physics_vendor:/opt/ros/jazzy/opt/sdformat_vendor:/opt/ros/jazzy/opt/gz_gui_vendor:/opt/ros/jazzy/opt/gz_transport_vendor:/opt/ros/jazzy/opt/gz_rendering_vendor:/opt/ros/jazzy/opt/gz_plugin_vendor:/opt/ros/jazzy/opt/gz_fuel_tools_vendor:/opt/ros/jazzy/opt/gz_msgs_vendor:/opt/ros/jazzy/opt/gz_common_vendor:/opt/ros/jazzy/opt/gz_math_vendor:/opt/ros/jazzy/opt/gz_utils_vendor:/opt/ros/jazzy/opt/gz_tools_vendor:/opt/ros/jazzy/opt/gz_ogre_next_vendor:/opt/ros/jazzy/opt/gz_dartsim_vendor:/opt/ros/jazzy/opt/gz_cmake_vendor:/home/aschalin/ws_moveit/install/moveit_configs_utils:/opt/ros/jazzy DEBUGINFOD_URLS=https://debuginfod.ubuntu.com /usr/bin/cmake --install /home/aschalin/UR5e_Assembly_of_Wooden_Pieces/build/environment
[1.893s] Level 1:colcon.colcon_core.environment:create_environment_scripts_only(environment)
[1.894s] Level 1:colcon.colcon_core.environment:checking '/home/aschalin/UR5e_Assembly_of_Wooden_Pieces/install/environment' for CMake module files
[1.894s] DEBUG:colcon.colcon_core.event_handler.log_command:Invoked command in '/home/aschalin/UR5e_Assembly_of_Wooden_Pieces/build/environment' returned '0': AMENT_PREFIX_PATH=/home/aschalin/UR5e_Assembly_of_Wooden_Pieces/install/urdf_tutorial:/home/aschalin/UR5e_Assembly_of_Wooden_Pieces/install/table_description:${AMENT_PREFIX_PATH} CMAKE_PREFIX_PATH=/home/aschalin/UR5e_Assembly_of_Wooden_Pieces/install/urdf_tutorial:/home/aschalin/UR5e_Assembly_of_Wooden_Pieces/install/table_description:/home/aschalin/ros2_bt/install/your_package:/home/aschalin/ros2_bt/install/environment:/home/aschalin/ros2_bt/install/urdf_tutorial:/home/aschalin/ros2_bt/install/ur_simulation_gz:/home/aschalin/ros2_bt/install/ur_description:/home/aschalin/ros2_bt/install/table_description:/home/aschalin/ws_moveit/install/robotiq_hardware_tests:/home/aschalin/ws_moveit/install/robotiq_driver:/home/aschalin/ws_moveit/install/serial:/home/aschalin/ws_moveit/install/moveit2_tutorials:/home/aschalin/ws_moveit/install/hello_moveit:/home/aschalin/ws_moveit/install/moveit_visual_tools:/home/aschalin/ws_moveit/install/rviz_visual_tools:/home/aschalin/ws_moveit/install/moveit_task_constructor_visualization:/home/aschalin/ws_moveit/install/moveit_task_constructor_demo:/home/aschalin/ws_moveit/install/moveit_task_constructor_capabilities:/home/aschalin/ws_moveit/install/moveit_task_constructor_core:/home/aschalin/ws_moveit/install/rviz_marker_tools:/home/aschalin/ws_moveit/install/kortex_bringup:/home/aschalin/ws_moveit/install/kinova_gen3_lite_moveit_config:/home/aschalin/ws_moveit/install/kinova_gen3_7dof_robotiq_2f_85_moveit_config:/home/aschalin/ws_moveit/install/kinova_gen3_6dof_robotiq_2f_85_moveit_config:/home/aschalin/ws_moveit/install/kortex_description:/home/aschalin/ws_moveit/install/robotiq_description:/home/aschalin/ws_moveit/install/robotiq_controllers:/home/aschalin/ws_moveit/install/pilz_industrial_motion_planner_testutils:/home/aschalin/ws_moveit/install/moveit_runtime:/home/aschalin/ws_moveit/install/moveit:/home/aschalin/ws_moveit/install/moveit_planners:/home/aschalin/ws_moveit/install/pilz_industrial_motion_planner:/home/aschalin/ws_moveit/install/picknik_twist_controller:/home/aschalin/ws_moveit/install/picknik_reset_fault_controller:/home/aschalin/ws_moveit/install/moveit_task_constructor_msgs:/home/aschalin/ws_moveit/install/moveit_ros_control_interface:/home/aschalin/ws_moveit/install/moveit_plugins:/home/aschalin/ws_moveit/install/moveit_simple_controller_manager:/home/aschalin/ws_moveit/install/moveit_setup_assistant:/home/aschalin/ws_moveit/install/moveit_setup_srdf_plugins:/home/aschalin/ws_moveit/install/moveit_setup_core_plugins:/home/aschalin/ws_moveit/install/moveit_setup_controllers:/home/aschalin/ws_moveit/install/moveit_setup_app_plugins:/home/aschalin/ws_moveit/install/moveit_setup_framework:/home/aschalin/ws_moveit/install/moveit_servo:/home/aschalin/ws_moveit/install/moveit_ros_trajectory_cache:/home/aschalin/ws_moveit/install/moveit_ros:/home/aschalin/ws_moveit/install/moveit_ros_visualization:/home/aschalin/ws_moveit/install/moveit_py:/home/aschalin/ws_moveit/install/moveit_hybrid_planning:/home/aschalin/ws_moveit/install/moveit_ros_planning_interface:/home/aschalin/ws_moveit/install/moveit_ros_benchmarks:/home/aschalin/ws_moveit/install/moveit_ros_warehouse:/home/aschalin/ws_moveit/install/moveit_ros_robot_interaction:/home/aschalin/ws_moveit/install/moveit_ros_perception:/home/aschalin/ws_moveit/install/moveit_resources_prbt_pg70_support:/home/aschalin/ws_moveit/install/moveit_resources_prbt_moveit_config:/home/aschalin/ws_moveit/install/moveit_ros_move_group:/home/aschalin/ws_moveit/install/moveit_planners_ompl:/home/aschalin/ws_moveit/install/moveit_kinematics:/home/aschalin/ws_moveit/install/moveit_ros_planning:/home/aschalin/ws_moveit/install/moveit_ros_occupancy_map_monitor:/home/aschalin/ws_moveit/install/moveit_resources_prbt_support:/home/aschalin/ws_moveit/install/moveit_resources_prbt_ikfast_manipulator_plugin:/home/aschalin/ws_moveit/install/moveit_resources:/home/aschalin/ws_moveit/install/moveit_resources_pr2_description:/home/aschalin/ws_moveit/install/moveit_resources_panda_moveit_config:/home/aschalin/ws_moveit/install/dual_arm_panda_moveit_config:/home/aschalin/ws_moveit/install/moveit_resources_panda_description:/home/aschalin/ws_moveit/install/moveit_resources_fanuc_moveit_config:/home/aschalin/ws_moveit/install/moveit_resources_fanuc_description:/home/aschalin/ws_moveit/install/moveit_planners_stomp:/home/aschalin/ws_moveit/install/moveit_planners_chomp:/home/aschalin/ws_moveit/install/chomp_motion_planner:/home/aschalin/ws_moveit/install/moveit_core:/home/aschalin/ws_moveit/install/moveit_msgs:/home/aschalin/ws_moveit/install/moveit_common:/home/aschalin/ws_moveit/install/kortex_driver:/home/aschalin/ws_moveit/install/kortex_api:/opt/ros/jazzy/opt/gz_sim_vendor:/opt/ros/jazzy/opt/gz_sensors_vendor:/opt/ros/jazzy/opt/gz_physics_vendor:/opt/ros/jazzy/opt/sdformat_vendor:/opt/ros/jazzy/opt/gz_gui_vendor:/opt/ros/jazzy/opt/gz_transport_vendor:/opt/ros/jazzy/opt/gz_rendering_vendor:/opt/ros/jazzy/opt/gz_plugin_vendor:/opt/ros/jazzy/opt/gz_fuel_tools_vendor:/opt/ros/jazzy/opt/gz_msgs_vendor:/opt/ros/jazzy/opt/gz_common_vendor:/opt/ros/jazzy/opt/gz_math_vendor:/opt/ros/jazzy/opt/gz_utils_vendor:/opt/ros/jazzy/opt/gz_tools_vendor:/opt/ros/jazzy/opt/gz_ogre_next_vendor:/opt/ros/jazzy/opt/gz_dartsim_vendor:/opt/ros/jazzy/opt/gz_cmake_vendor:/home/aschalin/ws_moveit/install/moveit_configs_utils:/opt/ros/jazzy DEBUGINFOD_URLS=https://debuginfod.ubuntu.com /usr/bin/cmake --install /home/aschalin/UR5e_Assembly_of_Wooden_Pieces/build/environment
[1.894s] Level 1:colcon.colcon_core.environment:checking '/home/aschalin/UR5e_Assembly_of_Wooden_Pieces/install/environment' for CMake config files
[1.894s] Level 1:colcon.colcon_core.shell:create_environment_hook('environment', 'cmake_prefix_path')
[1.894s] INFO:colcon.colcon_core.shell:Creating environment hook '/home/aschalin/UR5e_Assembly_of_Wooden_Pieces/install/environment/share/environment/hook/cmake_prefix_path.ps1'
[1.894s] INFO:colcon.colcon_core.shell:Creating environment descriptor '/home/aschalin/UR5e_Assembly_of_Wooden_Pieces/install/environment/share/environment/hook/cmake_prefix_path.dsv'
[1.895s] INFO:colcon.colcon_core.shell:Creating environment hook '/home/aschalin/UR5e_Assembly_of_Wooden_Pieces/install/environment/share/environment/hook/cmake_prefix_path.sh'
[1.895s] Level 1:colcon.colcon_core.environment:checking '/home/aschalin/UR5e_Assembly_of_Wooden_Pieces/install/environment/bin'
[1.895s] Level 1:colcon.colcon_core.environment:checking '/home/aschalin/UR5e_Assembly_of_Wooden_Pieces/install/environment/lib/pkgconfig/environment.pc'
[1.895s] Level 1:colcon.colcon_core.environment:checking '/home/aschalin/UR5e_Assembly_of_Wooden_Pieces/install/environment/lib/python3.12/site-packages'
[1.895s] Level 1:colcon.colcon_core.environment:checking '/home/aschalin/UR5e_Assembly_of_Wooden_Pieces/install/environment/bin'
[1.895s] INFO:colcon.colcon_core.shell:Creating package script '/home/aschalin/UR5e_Assembly_of_Wooden_Pieces/install/environment/share/environment/package.ps1'
[1.896s] INFO:colcon.colcon_core.shell:Creating package descriptor '/home/aschalin/UR5e_Assembly_of_Wooden_Pieces/install/environment/share/environment/package.dsv'
[1.896s] INFO:colcon.colcon_core.shell:Creating package script '/home/aschalin/UR5e_Assembly_of_Wooden_Pieces/install/environment/share/environment/package.sh'
[1.896s] INFO:colcon.colcon_core.shell:Creating package script '/home/aschalin/UR5e_Assembly_of_Wooden_Pieces/install/environment/share/environment/package.bash'
[1.896s] INFO:colcon.colcon_core.shell:Creating package script '/home/aschalin/UR5e_Assembly_of_Wooden_Pieces/install/environment/share/environment/package.zsh'
[1.896s] Level 1:colcon.colcon_core.environment:create_file_with_runtime_dependencies(/home/aschalin/UR5e_Assembly_of_Wooden_Pieces/install/environment/share/colcon-core/packages/environment)
[1.897s] Level 1:colcon.colcon_core.environment:create_environment_scripts_only(environment)
[1.897s] Level 1:colcon.colcon_core.environment:checking '/home/aschalin/UR5e_Assembly_of_Wooden_Pieces/install/environment' for CMake module files
[1.897s] Level 1:colcon.colcon_core.environment:checking '/home/aschalin/UR5e_Assembly_of_Wooden_Pieces/install/environment' for CMake config files
[1.897s] Level 1:colcon.colcon_core.shell:create_environment_hook('environment', 'cmake_prefix_path')
[1.897s] INFO:colcon.colcon_core.shell:Creating environment hook '/home/aschalin/UR5e_Assembly_of_Wooden_Pieces/install/environment/share/environment/hook/cmake_prefix_path.ps1'
[1.897s] INFO:colcon.colcon_core.shell:Creating environment descriptor '/home/aschalin/UR5e_Assembly_of_Wooden_Pieces/install/environment/share/environment/hook/cmake_prefix_path.dsv'
[1.897s] INFO:colcon.colcon_core.shell:Creating environment hook '/home/aschalin/UR5e_Assembly_of_Wooden_Pieces/install/environment/share/environment/hook/cmake_prefix_path.sh'
[1.898s] Level 1:colcon.colcon_core.environment:checking '/home/aschalin/UR5e_Assembly_of_Wooden_Pieces/install/environment/bin'
[1.898s] Level 1:colcon.colcon_core.environment:checking '/home/aschalin/UR5e_Assembly_of_Wooden_Pieces/install/environment/lib/pkgconfig/environment.pc'
[1.898s] Level 1:colcon.colcon_core.environment:checking '/home/aschalin/UR5e_Assembly_of_Wooden_Pieces/install/environment/lib/python3.12/site-packages'
[1.898s] Level 1:colcon.colcon_core.environment:checking '/home/aschalin/UR5e_Assembly_of_Wooden_Pieces/install/environment/bin'
[1.898s] INFO:colcon.colcon_core.shell:Creating package script '/home/aschalin/UR5e_Assembly_of_Wooden_Pieces/install/environment/share/environment/package.ps1'
[1.898s] INFO:colcon.colcon_core.shell:Creating package descriptor '/home/aschalin/UR5e_Assembly_of_Wooden_Pieces/install/environment/share/environment/package.dsv'
[1.898s] INFO:colcon.colcon_core.shell:Creating package script '/home/aschalin/UR5e_Assembly_of_Wooden_Pieces/install/environment/share/environment/package.sh'
[1.899s] INFO:colcon.colcon_core.shell:Creating package script '/home/aschalin/UR5e_Assembly_of_Wooden_Pieces/install/environment/share/environment/package.bash'
[1.899s] INFO:colcon.colcon_core.shell:Creating package script '/home/aschalin/UR5e_Assembly_of_Wooden_Pieces/install/environment/share/environment/package.zsh'
[1.899s] Level 1:colcon.colcon_core.environment:create_file_with_runtime_dependencies(/home/aschalin/UR5e_Assembly_of_Wooden_Pieces/install/environment/share/colcon-core/packages/environment)
[1.900s] DEBUG:colcon.colcon_parallel_executor.executor.parallel:closing loop
[1.900s] DEBUG:colcon.colcon_parallel_executor.executor.parallel:loop closed
[1.900s] DEBUG:colcon.colcon_parallel_executor.executor.parallel:run_until_complete finished with '0'
[1.900s] DEBUG:colcon.colcon_core.event_reactor:joining thread
[1.904s] INFO:colcon.colcon_core.plugin_system:Skipping extension 'colcon_notification.desktop_notification.terminal_notifier': Not used on non-Darwin systems
[1.904s] INFO:colcon.colcon_core.plugin_system:Skipping extension 'colcon_notification.desktop_notification.win32': Not used on non-Windows systems
[1.904s] INFO:colcon.colcon_notification.desktop_notification:Sending desktop notification using 'notify2'
[1.916s] DEBUG:colcon.colcon_core.event_reactor:joined thread
[1.916s] INFO:colcon.colcon_core.shell:Creating prefix script '/home/aschalin/UR5e_Assembly_of_Wooden_Pieces/install/local_setup.ps1'
[1.917s] INFO:colcon.colcon_core.shell:Creating prefix util module '/home/aschalin/UR5e_Assembly_of_Wooden_Pieces/install/_local_setup_util_ps1.py'
[1.918s] INFO:colcon.colcon_core.shell:Creating prefix chain script '/home/aschalin/UR5e_Assembly_of_Wooden_Pieces/install/setup.ps1'
[1.919s] INFO:colcon.colcon_core.shell:Creating prefix script '/home/aschalin/UR5e_Assembly_of_Wooden_Pieces/install/local_setup.sh'
[1.920s] INFO:colcon.colcon_core.shell:Creating prefix util module '/home/aschalin/UR5e_Assembly_of_Wooden_Pieces/install/_local_setup_util_sh.py'
[1.920s] INFO:colcon.colcon_core.shell:Creating prefix chain script '/home/aschalin/UR5e_Assembly_of_Wooden_Pieces/install/setup.sh'
[1.922s] INFO:colcon.colcon_core.shell:Creating prefix script '/home/aschalin/UR5e_Assembly_of_Wooden_Pieces/install/local_setup.bash'
[1.922s] INFO:colcon.colcon_core.shell:Creating prefix chain script '/home/aschalin/UR5e_Assembly_of_Wooden_Pieces/install/setup.bash'
[1.923s] INFO:colcon.colcon_core.shell:Creating prefix script '/home/aschalin/UR5e_Assembly_of_Wooden_Pieces/install/local_setup.zsh'
[1.924s] INFO:colcon.colcon_core.shell:Creating prefix chain script '/home/aschalin/UR5e_Assembly_of_Wooden_Pieces/install/setup.zsh'
