-- The C compiler identification is GNU 13.3.0
-- The CXX compiler identification is GNU 13.3.0
-- Detecting C compiler ABI info
-- Detecting C compiler ABI info - done
-- Check for working C compiler: /usr/bin/cc - skipped
-- Detecting C compile features
-- Detecting C compile features - done
-- Detecting CXX compiler ABI info
-- Detecting CXX compiler ABI info - done
-- Check for working CXX compiler: /usr/bin/c++ - skipped
-- Detecting CXX compile features
-- Detecting CXX compile features - done
-- Found ament_cmake: 2.5.3 (/opt/ros/jazzy/share/ament_cmake/cmake)
-- Found Python3: /usr/bin/python3 (found version "3.12.3") found components: Interpreter 
-- Found xacro: 2.0.11 (/opt/ros/jazzy/share/xacro/cmake)
-- Found rviz2: 14.1.7 (/opt/ros/jazzy/share/rviz2/cmake)
-- Found table_description: 0.0.0 (/home/aschalin/UR5e_Assembly_of_Wooden_Pieces/install/table_description/share/table_description/cmake)
-- Found urdf_tutorial: 1.1.0 (/home/aschalin/UR5e_Assembly_of_Wooden_Pieces/install/urdf_tutorial/share/urdf_tutorial/cmake)
-- Found ament_lint_auto: 0.17.1 (/opt/ros/jazzy/share/ament_lint_auto/cmake)
-- Added test 'flake8' to check Python code syntax and style conventions
-- Configured 'flake8' exclude dirs and/or files: 
-- Added test 'lint_cmake' to check CMake code style
-- Added test 'pep257' to check Python code against some of the docstring style conventions in PEP 257
-- Added test 'xmllint' to check XML markup files
-- Configuring done (0.6s)
-- Generating done (0.0s)
-- Build files have been written to: /home/aschalin/UR5e_Assembly_of_Wooden_Pieces/build/environment
-- Install configuration: ""
-- Installing: /home/aschalin/UR5e_Assembly_of_Wooden_Pieces/install/environment/share/environment/urdf
-- Installing: /home/aschalin/UR5e_Assembly_of_Wooden_Pieces/install/environment/share/environment/urdf/environment.xacro
-- Installing: /home/aschalin/UR5e_Assembly_of_Wooden_Pieces/install/environment/share/environment/launch
-- Installing: /home/aschalin/UR5e_Assembly_of_Wooden_Pieces/install/environment/share/environment/launch/view_environment.launch.py
-- Installing: /home/aschalin/UR5e_Assembly_of_Wooden_Pieces/install/environment/share/environment/rviz
-- Installing: /home/aschalin/UR5e_Assembly_of_Wooden_Pieces/install/environment/share/environment/rviz/view_robot.rviz
-- Installing: /home/aschalin/UR5e_Assembly_of_Wooden_Pieces/install/environment/share/ament_index/resource_index/package_run_dependencies/environment
-- Installing: /home/aschalin/UR5e_Assembly_of_Wooden_Pieces/install/environment/share/ament_index/resource_index/parent_prefix_path/environment
-- Installing: /home/aschalin/UR5e_Assembly_of_Wooden_Pieces/install/environment/share/environment/environment/ament_prefix_path.sh
-- Installing: /home/aschalin/UR5e_Assembly_of_Wooden_Pieces/install/environment/share/environment/environment/ament_prefix_path.dsv
-- Installing: /home/aschalin/UR5e_Assembly_of_Wooden_Pieces/install/environment/share/environment/environment/path.sh
-- Installing: /home/aschalin/UR5e_Assembly_of_Wooden_Pieces/install/environment/share/environment/environment/path.dsv
-- Installing: /home/aschalin/UR5e_Assembly_of_Wooden_Pieces/install/environment/share/environment/local_setup.bash
-- Installing: /home/aschalin/UR5e_Assembly_of_Wooden_Pieces/install/environment/share/environment/local_setup.sh
-- Installing: /home/aschalin/UR5e_Assembly_of_Wooden_Pieces/install/environment/share/environment/local_setup.zsh
-- Installing: /home/aschalin/UR5e_Assembly_of_Wooden_Pieces/install/environment/share/environment/local_setup.dsv
-- Installing: /home/aschalin/UR5e_Assembly_of_Wooden_Pieces/install/environment/share/environment/package.dsv
-- Installing: /home/aschalin/UR5e_Assembly_of_Wooden_Pieces/install/environment/share/ament_index/resource_index/packages/environment
-- Installing: /home/aschalin/UR5e_Assembly_of_Wooden_Pieces/install/environment/share/environment/cmake/environmentConfig.cmake
-- Installing: /home/aschalin/UR5e_Assembly_of_Wooden_Pieces/install/environment/share/environment/cmake/environmentConfig-version.cmake
-- Installing: /home/aschalin/UR5e_Assembly_of_Wooden_Pieces/install/environment/share/environment/package.xml
