[0.009s] Invoking command in '/home/aschalin/UR5e_Assembly_of_Wooden_Pieces/build/ur_simulation_gz': CMAKE_PREFIX_PATH=${CMAKE_PREFIX_PATH}:/opt/ros/jazzy DEBUGINFOD_URLS=https://debuginfod.ubuntu.com /usr/bin/cmake --build /home/aschalin/UR5e_Assembly_of_Wooden_Pieces/build/ur_simulation_gz -- -j22 -l22
[0.044s] Invoked command in '/home/aschalin/UR5e_Assembly_of_Wooden_Pieces/build/ur_simulation_gz' returned '0': CMAKE_PREFIX_PATH=${CMAKE_PREFIX_PATH}:/opt/ros/jazzy DEBUGINFOD_URLS=https://debuginfod.ubuntu.com /usr/bin/cmake --build /home/aschalin/UR5e_Assembly_of_Wooden_Pieces/build/ur_simulation_gz -- -j22 -l22
[0.044s] Invoking command in '/home/aschalin/UR5e_Assembly_of_Wooden_Pieces/build/ur_simulation_gz': CMAKE_PREFIX_PATH=${CMAKE_PREFIX_PATH}:/opt/ros/jazzy DEBUGINFOD_URLS=https://debuginfod.ubuntu.com /usr/bin/cmake --install /home/aschalin/UR5e_Assembly_of_Wooden_Pieces/build/ur_simulation_gz
[0.050s] -- Install configuration: ""
[0.050s] -- Up-to-date: /home/aschalin/UR5e_Assembly_of_Wooden_Pieces/install/ur_simulation_gz/share/ur_simulation_gz/config
[0.050s] -- Up-to-date: /home/aschalin/UR5e_Assembly_of_Wooden_Pieces/install/ur_simulation_gz/share/ur_simulation_gz/config/ur_controllers.yaml
[0.050s] -- Up-to-date: /home/aschalin/UR5e_Assembly_of_Wooden_Pieces/install/ur_simulation_gz/share/ur_simulation_gz/launch
[0.050s] -- Up-to-date: /home/aschalin/UR5e_Assembly_of_Wooden_Pieces/install/ur_simulation_gz/share/ur_simulation_gz/launch/ur_sim_moveit.launch.py
[0.050s] -- Up-to-date: /home/aschalin/UR5e_Assembly_of_Wooden_Pieces/install/ur_simulation_gz/share/ur_simulation_gz/launch/ur_sim_control.launch.py
[0.050s] -- Up-to-date: /home/aschalin/UR5e_Assembly_of_Wooden_Pieces/install/ur_simulation_gz/share/ur_simulation_gz/urdf
[0.050s] -- Up-to-date: /home/aschalin/UR5e_Assembly_of_Wooden_Pieces/install/ur_simulation_gz/share/ur_simulation_gz/urdf/ur_gz.urdf.xacro
[0.050s] -- Up-to-date: /home/aschalin/UR5e_Assembly_of_Wooden_Pieces/install/ur_simulation_gz/share/ur_simulation_gz/urdf/ur_gz.ros2_control.xacro
[0.050s] -- Up-to-date: /home/aschalin/UR5e_Assembly_of_Wooden_Pieces/install/ur_simulation_gz/share/ament_index/resource_index/package_run_dependencies/ur_simulation_gz
[0.050s] -- Up-to-date: /home/aschalin/UR5e_Assembly_of_Wooden_Pieces/install/ur_simulation_gz/share/ament_index/resource_index/parent_prefix_path/ur_simulation_gz
[0.050s] -- Up-to-date: /home/aschalin/UR5e_Assembly_of_Wooden_Pieces/install/ur_simulation_gz/share/ur_simulation_gz/environment/ament_prefix_path.sh
[0.050s] -- Up-to-date: /home/aschalin/UR5e_Assembly_of_Wooden_Pieces/install/ur_simulation_gz/share/ur_simulation_gz/environment/ament_prefix_path.dsv
[0.051s] -- Up-to-date: /home/aschalin/UR5e_Assembly_of_Wooden_Pieces/install/ur_simulation_gz/share/ur_simulation_gz/environment/path.sh
[0.051s] -- Up-to-date: /home/aschalin/UR5e_Assembly_of_Wooden_Pieces/install/ur_simulation_gz/share/ur_simulation_gz/environment/path.dsv
[0.051s] -- Up-to-date: /home/aschalin/UR5e_Assembly_of_Wooden_Pieces/install/ur_simulation_gz/share/ur_simulation_gz/local_setup.bash
[0.051s] -- Up-to-date: /home/aschalin/UR5e_Assembly_of_Wooden_Pieces/install/ur_simulation_gz/share/ur_simulation_gz/local_setup.sh
[0.051s] -- Up-to-date: /home/aschalin/UR5e_Assembly_of_Wooden_Pieces/install/ur_simulation_gz/share/ur_simulation_gz/local_setup.zsh
[0.051s] -- Up-to-date: /home/aschalin/UR5e_Assembly_of_Wooden_Pieces/install/ur_simulation_gz/share/ur_simulation_gz/local_setup.dsv
[0.051s] -- Up-to-date: /home/aschalin/UR5e_Assembly_of_Wooden_Pieces/install/ur_simulation_gz/share/ur_simulation_gz/package.dsv
[0.051s] -- Up-to-date: /home/aschalin/UR5e_Assembly_of_Wooden_Pieces/install/ur_simulation_gz/share/ament_index/resource_index/packages/ur_simulation_gz
[0.051s] -- Up-to-date: /home/aschalin/UR5e_Assembly_of_Wooden_Pieces/install/ur_simulation_gz/share/ur_simulation_gz/cmake/ur_simulation_gzConfig.cmake
[0.051s] -- Up-to-date: /home/aschalin/UR5e_Assembly_of_Wooden_Pieces/install/ur_simulation_gz/share/ur_simulation_gz/cmake/ur_simulation_gzConfig-version.cmake
[0.051s] -- Up-to-date: /home/aschalin/UR5e_Assembly_of_Wooden_Pieces/install/ur_simulation_gz/share/ur_simulation_gz/package.xml
[0.060s] Invoked command in '/home/aschalin/UR5e_Assembly_of_Wooden_Pieces/build/ur_simulation_gz' returned '0': CMAKE_PREFIX_PATH=${CMAKE_PREFIX_PATH}:/opt/ros/jazzy DEBUGINFOD_URLS=https://debuginfod.ubuntu.com /usr/bin/cmake --install /home/aschalin/UR5e_Assembly_of_Wooden_Pieces/build/ur_simulation_gz
