-- Install configuration: ""
-- Up-to-date: /home/aschalin/UR5e_Assembly_of_Wooden_Pieces/install/environment/share/environment/urdf
-- Up-to-date: /home/aschalin/UR5e_Assembly_of_Wooden_Pieces/install/environment/share/environment/urdf/environment.xacro
-- Up-to-date: /home/aschalin/UR5e_Assembly_of_Wooden_Pieces/install/environment/share/environment/launch
-- Up-to-date: /home/aschalin/UR5e_Assembly_of_Wooden_Pieces/install/environment/share/environment/launch/view_environment.launch.py
-- Up-to-date: /home/aschalin/UR5e_Assembly_of_Wooden_Pieces/install/environment/share/environment/rviz
-- Up-to-date: /home/aschalin/UR5e_Assembly_of_Wooden_Pieces/install/environment/share/environment/rviz/view_robot.rviz
-- Up-to-date: /home/aschalin/UR5e_Assembly_of_Wooden_Pieces/install/environment/share/ament_index/resource_index/package_run_dependencies/environment
-- Up-to-date: /home/aschalin/UR5e_Assembly_of_Wooden_Pieces/install/environment/share/ament_index/resource_index/parent_prefix_path/environment
-- Up-to-date: /home/aschalin/UR5e_Assembly_of_Wooden_Pieces/install/environment/share/environment/environment/ament_prefix_path.sh
-- Up-to-date: /home/aschalin/UR5e_Assembly_of_Wooden_Pieces/install/environment/share/environment/environment/ament_prefix_path.dsv
-- Up-to-date: /home/aschalin/UR5e_Assembly_of_Wooden_Pieces/install/environment/share/environment/environment/path.sh
-- Up-to-date: /home/aschalin/UR5e_Assembly_of_Wooden_Pieces/install/environment/share/environment/environment/path.dsv
-- Up-to-date: /home/aschalin/UR5e_Assembly_of_Wooden_Pieces/install/environment/share/environment/local_setup.bash
-- Up-to-date: /home/aschalin/UR5e_Assembly_of_Wooden_Pieces/install/environment/share/environment/local_setup.sh
-- Up-to-date: /home/aschalin/UR5e_Assembly_of_Wooden_Pieces/install/environment/share/environment/local_setup.zsh
-- Up-to-date: /home/aschalin/UR5e_Assembly_of_Wooden_Pieces/install/environment/share/environment/local_setup.dsv
-- Up-to-date: /home/aschalin/UR5e_Assembly_of_Wooden_Pieces/install/environment/share/environment/package.dsv
-- Up-to-date: /home/aschalin/UR5e_Assembly_of_Wooden_Pieces/install/environment/share/ament_index/resource_index/packages/environment
-- Up-to-date: /home/aschalin/UR5e_Assembly_of_Wooden_Pieces/install/environment/share/environment/cmake/environmentConfig.cmake
-- Up-to-date: /home/aschalin/UR5e_Assembly_of_Wooden_Pieces/install/environment/share/environment/cmake/environmentConfig-version.cmake
-- Up-to-date: /home/aschalin/UR5e_Assembly_of_Wooden_Pieces/install/environment/share/environment/package.xml
