[0.005s] Invoking command in '/home/aschalin/UR5e_Assembly_of_Wooden_Pieces/build/environment': AMENT_PREFIX_PATH=/home/aschalin/UR5e_Assembly_of_Wooden_Pieces/install/urdf_tutorial:/home/aschalin/UR5e_Assembly_of_Wooden_Pieces/install/table_description:${AMENT_PREFIX_PATH} CMAKE_PREFIX_PATH=/home/aschalin/UR5e_Assembly_of_Wooden_Pieces/install/urdf_tutorial:/home/aschalin/UR5e_Assembly_of_Wooden_Pieces/install/table_description:/opt/ros/jazzy/opt/gz_sim_vendor:/opt/ros/jazzy/opt/gz_sensors_vendor:/opt/ros/jazzy/opt/gz_physics_vendor:/opt/ros/jazzy/opt/sdformat_vendor:/opt/ros/jazzy/opt/gz_gui_vendor:/opt/ros/jazzy/opt/gz_transport_vendor:/opt/ros/jazzy/opt/gz_rendering_vendor:/opt/ros/jazzy/opt/gz_plugin_vendor:/opt/ros/jazzy/opt/gz_fuel_tools_vendor:/opt/ros/jazzy/opt/gz_msgs_vendor:/opt/ros/jazzy/opt/gz_common_vendor:/opt/ros/jazzy/opt/gz_math_vendor:/opt/ros/jazzy/opt/gz_utils_vendor:/opt/ros/jazzy/opt/gz_tools_vendor:/opt/ros/jazzy/opt/gz_ogre_next_vendor:/opt/ros/jazzy/opt/gz_dartsim_vendor:/opt/ros/jazzy/opt/gz_cmake_vendor:/opt/ros/jazzy DEBUGINFOD_URLS=https://debuginfod.ubuntu.com /usr/bin/cmake --build /home/aschalin/UR5e_Assembly_of_Wooden_Pieces/build/environment -- -j22 -l22
[0.033s] Invoked command in '/home/aschalin/UR5e_Assembly_of_Wooden_Pieces/build/environment' returned '0': AMENT_PREFIX_PATH=/home/aschalin/UR5e_Assembly_of_Wooden_Pieces/install/urdf_tutorial:/home/aschalin/UR5e_Assembly_of_Wooden_Pieces/install/table_description:${AMENT_PREFIX_PATH} CMAKE_PREFIX_PATH=/home/aschalin/UR5e_Assembly_of_Wooden_Pieces/install/urdf_tutorial:/home/aschalin/UR5e_Assembly_of_Wooden_Pieces/install/table_description:/opt/ros/jazzy/opt/gz_sim_vendor:/opt/ros/jazzy/opt/gz_sensors_vendor:/opt/ros/jazzy/opt/gz_physics_vendor:/opt/ros/jazzy/opt/sdformat_vendor:/opt/ros/jazzy/opt/gz_gui_vendor:/opt/ros/jazzy/opt/gz_transport_vendor:/opt/ros/jazzy/opt/gz_rendering_vendor:/opt/ros/jazzy/opt/gz_plugin_vendor:/opt/ros/jazzy/opt/gz_fuel_tools_vendor:/opt/ros/jazzy/opt/gz_msgs_vendor:/opt/ros/jazzy/opt/gz_common_vendor:/opt/ros/jazzy/opt/gz_math_vendor:/opt/ros/jazzy/opt/gz_utils_vendor:/opt/ros/jazzy/opt/gz_tools_vendor:/opt/ros/jazzy/opt/gz_ogre_next_vendor:/opt/ros/jazzy/opt/gz_dartsim_vendor:/opt/ros/jazzy/opt/gz_cmake_vendor:/opt/ros/jazzy DEBUGINFOD_URLS=https://debuginfod.ubuntu.com /usr/bin/cmake --build /home/aschalin/UR5e_Assembly_of_Wooden_Pieces/build/environment -- -j22 -l22
[0.034s] Invoking command in '/home/aschalin/UR5e_Assembly_of_Wooden_Pieces/build/environment': AMENT_PREFIX_PATH=/home/aschalin/UR5e_Assembly_of_Wooden_Pieces/install/urdf_tutorial:/home/aschalin/UR5e_Assembly_of_Wooden_Pieces/install/table_description:${AMENT_PREFIX_PATH} CMAKE_PREFIX_PATH=/home/aschalin/UR5e_Assembly_of_Wooden_Pieces/install/urdf_tutorial:/home/aschalin/UR5e_Assembly_of_Wooden_Pieces/install/table_description:/opt/ros/jazzy/opt/gz_sim_vendor:/opt/ros/jazzy/opt/gz_sensors_vendor:/opt/ros/jazzy/opt/gz_physics_vendor:/opt/ros/jazzy/opt/sdformat_vendor:/opt/ros/jazzy/opt/gz_gui_vendor:/opt/ros/jazzy/opt/gz_transport_vendor:/opt/ros/jazzy/opt/gz_rendering_vendor:/opt/ros/jazzy/opt/gz_plugin_vendor:/opt/ros/jazzy/opt/gz_fuel_tools_vendor:/opt/ros/jazzy/opt/gz_msgs_vendor:/opt/ros/jazzy/opt/gz_common_vendor:/opt/ros/jazzy/opt/gz_math_vendor:/opt/ros/jazzy/opt/gz_utils_vendor:/opt/ros/jazzy/opt/gz_tools_vendor:/opt/ros/jazzy/opt/gz_ogre_next_vendor:/opt/ros/jazzy/opt/gz_dartsim_vendor:/opt/ros/jazzy/opt/gz_cmake_vendor:/opt/ros/jazzy DEBUGINFOD_URLS=https://debuginfod.ubuntu.com /usr/bin/cmake --install /home/aschalin/UR5e_Assembly_of_Wooden_Pieces/build/environment
[0.040s] -- Install configuration: ""
[0.040s] -- Up-to-date: /home/aschalin/UR5e_Assembly_of_Wooden_Pieces/install/environment/share/environment/urdf
[0.040s] -- Up-to-date: /home/aschalin/UR5e_Assembly_of_Wooden_Pieces/install/environment/share/environment/urdf/environment.xacro
[0.041s] -- Up-to-date: /home/aschalin/UR5e_Assembly_of_Wooden_Pieces/install/environment/share/environment/launch
[0.041s] -- Up-to-date: /home/aschalin/UR5e_Assembly_of_Wooden_Pieces/install/environment/share/environment/launch/view_environment.launch.py
[0.041s] -- Up-to-date: /home/aschalin/UR5e_Assembly_of_Wooden_Pieces/install/environment/share/environment/rviz
[0.041s] -- Up-to-date: /home/aschalin/UR5e_Assembly_of_Wooden_Pieces/install/environment/share/environment/rviz/view_robot.rviz
[0.041s] -- Up-to-date: /home/aschalin/UR5e_Assembly_of_Wooden_Pieces/install/environment/share/ament_index/resource_index/package_run_dependencies/environment
[0.041s] -- Up-to-date: /home/aschalin/UR5e_Assembly_of_Wooden_Pieces/install/environment/share/ament_index/resource_index/parent_prefix_path/environment
[0.041s] -- Up-to-date: /home/aschalin/UR5e_Assembly_of_Wooden_Pieces/install/environment/share/environment/environment/ament_prefix_path.sh
[0.041s] -- Up-to-date: /home/aschalin/UR5e_Assembly_of_Wooden_Pieces/install/environment/share/environment/environment/ament_prefix_path.dsv
[0.041s] -- Up-to-date: /home/aschalin/UR5e_Assembly_of_Wooden_Pieces/install/environment/share/environment/environment/path.sh
[0.041s] -- Up-to-date: /home/aschalin/UR5e_Assembly_of_Wooden_Pieces/install/environment/share/environment/environment/path.dsv
[0.041s] -- Up-to-date: /home/aschalin/UR5e_Assembly_of_Wooden_Pieces/install/environment/share/environment/local_setup.bash
[0.041s] -- Up-to-date: /home/aschalin/UR5e_Assembly_of_Wooden_Pieces/install/environment/share/environment/local_setup.sh
[0.042s] -- Up-to-date: /home/aschalin/UR5e_Assembly_of_Wooden_Pieces/install/environment/share/environment/local_setup.zsh
[0.042s] -- Up-to-date: /home/aschalin/UR5e_Assembly_of_Wooden_Pieces/install/environment/share/environment/local_setup.dsv
[0.042s] -- Up-to-date: /home/aschalin/UR5e_Assembly_of_Wooden_Pieces/install/environment/share/environment/package.dsv
[0.042s] -- Up-to-date: /home/aschalin/UR5e_Assembly_of_Wooden_Pieces/install/environment/share/ament_index/resource_index/packages/environment
[0.042s] -- Up-to-date: /home/aschalin/UR5e_Assembly_of_Wooden_Pieces/install/environment/share/environment/cmake/environmentConfig.cmake
[0.042s] -- Up-to-date: /home/aschalin/UR5e_Assembly_of_Wooden_Pieces/install/environment/share/environment/cmake/environmentConfig-version.cmake
[0.042s] -- Up-to-date: /home/aschalin/UR5e_Assembly_of_Wooden_Pieces/install/environment/share/environment/package.xml
[0.043s] Invoked command in '/home/aschalin/UR5e_Assembly_of_Wooden_Pieces/build/environment' returned '0': AMENT_PREFIX_PATH=/home/aschalin/UR5e_Assembly_of_Wooden_Pieces/install/urdf_tutorial:/home/aschalin/UR5e_Assembly_of_Wooden_Pieces/install/table_description:${AMENT_PREFIX_PATH} CMAKE_PREFIX_PATH=/home/aschalin/UR5e_Assembly_of_Wooden_Pieces/install/urdf_tutorial:/home/aschalin/UR5e_Assembly_of_Wooden_Pieces/install/table_description:/opt/ros/jazzy/opt/gz_sim_vendor:/opt/ros/jazzy/opt/gz_sensors_vendor:/opt/ros/jazzy/opt/gz_physics_vendor:/opt/ros/jazzy/opt/sdformat_vendor:/opt/ros/jazzy/opt/gz_gui_vendor:/opt/ros/jazzy/opt/gz_transport_vendor:/opt/ros/jazzy/opt/gz_rendering_vendor:/opt/ros/jazzy/opt/gz_plugin_vendor:/opt/ros/jazzy/opt/gz_fuel_tools_vendor:/opt/ros/jazzy/opt/gz_msgs_vendor:/opt/ros/jazzy/opt/gz_common_vendor:/opt/ros/jazzy/opt/gz_math_vendor:/opt/ros/jazzy/opt/gz_utils_vendor:/opt/ros/jazzy/opt/gz_tools_vendor:/opt/ros/jazzy/opt/gz_ogre_next_vendor:/opt/ros/jazzy/opt/gz_dartsim_vendor:/opt/ros/jazzy/opt/gz_cmake_vendor:/opt/ros/jazzy DEBUGINFOD_URLS=https://debuginfod.ubuntu.com /usr/bin/cmake --install /home/aschalin/UR5e_Assembly_of_Wooden_Pieces/build/environment
