[0.071s] DEBUG:colcon:Command line arguments: ['/usr/bin/colcon', 'build']
[0.071s] DEBUG:colcon:Parsed command line arguments: Namespace(log_base=None, log_level=None, verb_name='build', build_base='build', install_base='install', merge_install=False, symlink_install=False, test_result_base=None, continue_on_error=False, executor='parallel', parallel_workers=22, event_handlers=None, ignore_user_meta=False, metas=['./colcon.meta'], base_paths=['.'], packages_ignore=None, packages_ignore_regex=None, paths=None, packages_up_to=None, packages_up_to_regex=None, packages_above=None, packages_above_and_dependencies=None, packages_above_depth=None, packages_select_by_dep=None, packages_skip_by_dep=None, packages_skip_up_to=None, packages_select_build_failed=False, packages_skip_build_finished=False, packages_select_test_failures=False, packages_skip_test_passed=False, packages_select=None, packages_skip=None, packages_select_regex=None, packages_skip_regex=None, packages_start=None, packages_end=None, allow_overriding=[], cmake_args=None, cmake_target=None, cmake_target_skip_unavailable=False, cmake_clean_cache=False, cmake_clean_first=False, cmake_force_configure=False, ament_cmake_args=None, catkin_cmake_args=None, catkin_skip_building_tests=False, mixin_files=None, mixin=None, verb_parser=<colcon_mixin.mixin.mixin_argument.MixinArgumentDecorator object at 0x737a313c6fc0>, verb_extension=<colcon_core.verb.build.BuildVerb object at 0x737a314f7500>, main=<bound method BuildVerb.main of <colcon_core.verb.build.BuildVerb object at 0x737a314f7500>>, mixin_verb=('build',))
[0.093s] Level 1:colcon.colcon_core.package_discovery:discover_packages(colcon_meta) check parameters
[0.094s] Level 1:colcon.colcon_core.package_discovery:discover_packages(recursive) check parameters
[0.094s] Level 1:colcon.colcon_core.package_discovery:discover_packages(ignore) check parameters
[0.094s] Level 1:colcon.colcon_core.package_discovery:discover_packages(path) check parameters
[0.094s] Level 1:colcon.colcon_core.package_discovery:discover_packages(colcon_meta) discover
[0.094s] Level 1:colcon.colcon_core.package_discovery:discover_packages(recursive) discover
[0.094s] INFO:colcon.colcon_core.package_discovery:Crawling recursively for packages in '/home/aschalin/UR5e_Assembly_of_Wooden_Pieces'
[0.094s] Level 1:colcon.colcon_core.package_identification:_identify(.) by extensions ['ignore', 'ignore_ament_install']
[0.094s] Level 1:colcon.colcon_core.package_identification:_identify(.) by extension 'ignore'
[0.094s] Level 1:colcon.colcon_core.package_identification:_identify(.) by extension 'ignore_ament_install'
[0.094s] Level 1:colcon.colcon_core.package_identification:_identify(.) by extensions ['colcon_pkg']
[0.094s] Level 1:colcon.colcon_core.package_identification:_identify(.) by extension 'colcon_pkg'
[0.094s] Level 1:colcon.colcon_core.package_identification:_identify(.) by extensions ['colcon_meta']
[0.094s] Level 1:colcon.colcon_core.package_identification:_identify(.) by extension 'colcon_meta'
[0.094s] Level 1:colcon.colcon_core.package_identification:_identify(.) by extensions ['ros']
[0.094s] Level 1:colcon.colcon_core.package_identification:_identify(.) by extension 'ros'
[0.109s] Level 1:colcon.colcon_core.package_identification:_identify(.) by extensions ['cmake', 'python']
[0.109s] Level 1:colcon.colcon_core.package_identification:_identify(.) by extension 'cmake'
[0.109s] Level 1:colcon.colcon_core.package_identification:_identify(.) by extension 'python'
[0.109s] Level 1:colcon.colcon_core.package_identification:_identify(.) by extensions ['python_setup_py']
[0.109s] Level 1:colcon.colcon_core.package_identification:_identify(.) by extension 'python_setup_py'
[0.109s] Level 1:colcon.colcon_core.package_identification:_identify(build) by extensions ['ignore', 'ignore_ament_install']
[0.109s] Level 1:colcon.colcon_core.package_identification:_identify(build) by extension 'ignore'
[0.109s] Level 1:colcon.colcon_core.package_identification:_identify(build) ignored
[0.109s] Level 1:colcon.colcon_core.package_identification:_identify(install) by extensions ['ignore', 'ignore_ament_install']
[0.109s] Level 1:colcon.colcon_core.package_identification:_identify(install) by extension 'ignore'
[0.110s] Level 1:colcon.colcon_core.package_identification:_identify(install) ignored
[0.110s] Level 1:colcon.colcon_core.package_identification:_identify(log) by extensions ['ignore', 'ignore_ament_install']
[0.110s] Level 1:colcon.colcon_core.package_identification:_identify(log) by extension 'ignore'
[0.110s] Level 1:colcon.colcon_core.package_identification:_identify(log) ignored
[0.110s] Level 1:colcon.colcon_core.package_identification:_identify(motion_planning) by extensions ['ignore', 'ignore_ament_install']
[0.110s] Level 1:colcon.colcon_core.package_identification:_identify(motion_planning) by extension 'ignore'
[0.110s] Level 1:colcon.colcon_core.package_identification:_identify(motion_planning) by extension 'ignore_ament_install'
[0.110s] Level 1:colcon.colcon_core.package_identification:_identify(motion_planning) by extensions ['colcon_pkg']
[0.110s] Level 1:colcon.colcon_core.package_identification:_identify(motion_planning) by extension 'colcon_pkg'
[0.110s] Level 1:colcon.colcon_core.package_identification:_identify(motion_planning) by extensions ['colcon_meta']
[0.110s] Level 1:colcon.colcon_core.package_identification:_identify(motion_planning) by extension 'colcon_meta'
[0.110s] Level 1:colcon.colcon_core.package_identification:_identify(motion_planning) by extensions ['ros']
[0.110s] Level 1:colcon.colcon_core.package_identification:_identify(motion_planning) by extension 'ros'
[0.110s] Level 1:colcon.colcon_core.package_identification:_identify(motion_planning) by extensions ['cmake', 'python']
[0.110s] Level 1:colcon.colcon_core.package_identification:_identify(motion_planning) by extension 'cmake'
[0.110s] Level 1:colcon.colcon_core.package_identification:_identify(motion_planning) by extension 'python'
[0.110s] Level 1:colcon.colcon_core.package_identification:_identify(motion_planning) by extensions ['python_setup_py']
[0.110s] Level 1:colcon.colcon_core.package_identification:_identify(motion_planning) by extension 'python_setup_py'
[0.110s] Level 1:colcon.colcon_core.package_identification:_identify(src) by extensions ['ignore', 'ignore_ament_install']
[0.110s] Level 1:colcon.colcon_core.package_identification:_identify(src) by extension 'ignore'
[0.110s] Level 1:colcon.colcon_core.package_identification:_identify(src) by extension 'ignore_ament_install'
[0.110s] Level 1:colcon.colcon_core.package_identification:_identify(src) by extensions ['colcon_pkg']
[0.110s] Level 1:colcon.colcon_core.package_identification:_identify(src) by extension 'colcon_pkg'
[0.110s] Level 1:colcon.colcon_core.package_identification:_identify(src) by extensions ['colcon_meta']
[0.110s] Level 1:colcon.colcon_core.package_identification:_identify(src) by extension 'colcon_meta'
[0.110s] Level 1:colcon.colcon_core.package_identification:_identify(src) by extensions ['ros']
[0.110s] Level 1:colcon.colcon_core.package_identification:_identify(src) by extension 'ros'
[0.110s] Level 1:colcon.colcon_core.package_identification:_identify(src) by extensions ['cmake', 'python']
[0.110s] Level 1:colcon.colcon_core.package_identification:_identify(src) by extension 'cmake'
[0.110s] Level 1:colcon.colcon_core.package_identification:_identify(src) by extension 'python'
[0.110s] Level 1:colcon.colcon_core.package_identification:_identify(src) by extensions ['python_setup_py']
[0.110s] Level 1:colcon.colcon_core.package_identification:_identify(src) by extension 'python_setup_py'
[0.110s] Level 1:colcon.colcon_core.package_identification:_identify(src/attachments) by extensions ['ignore', 'ignore_ament_install']
[0.110s] Level 1:colcon.colcon_core.package_identification:_identify(src/attachments) by extension 'ignore'
[0.110s] Level 1:colcon.colcon_core.package_identification:_identify(src/attachments) by extension 'ignore_ament_install'
[0.110s] Level 1:colcon.colcon_core.package_identification:_identify(src/attachments) by extensions ['colcon_pkg']
[0.110s] Level 1:colcon.colcon_core.package_identification:_identify(src/attachments) by extension 'colcon_pkg'
[0.110s] Level 1:colcon.colcon_core.package_identification:_identify(src/attachments) by extensions ['colcon_meta']
[0.110s] Level 1:colcon.colcon_core.package_identification:_identify(src/attachments) by extension 'colcon_meta'
[0.110s] Level 1:colcon.colcon_core.package_identification:_identify(src/attachments) by extensions ['ros']
[0.111s] Level 1:colcon.colcon_core.package_identification:_identify(src/attachments) by extension 'ros'
[0.111s] Level 1:colcon.colcon_core.package_identification:_identify(src/attachments) by extensions ['cmake', 'python']
[0.111s] Level 1:colcon.colcon_core.package_identification:_identify(src/attachments) by extension 'cmake'
[0.111s] Level 1:colcon.colcon_core.package_identification:_identify(src/attachments) by extension 'python'
[0.111s] Level 1:colcon.colcon_core.package_identification:_identify(src/attachments) by extensions ['python_setup_py']
[0.111s] Level 1:colcon.colcon_core.package_identification:_identify(src/attachments) by extension 'python_setup_py'
[0.111s] Level 1:colcon.colcon_core.package_identification:_identify(src/attachments/table_description) by extensions ['ignore', 'ignore_ament_install']
[0.111s] Level 1:colcon.colcon_core.package_identification:_identify(src/attachments/table_description) by extension 'ignore'
[0.111s] Level 1:colcon.colcon_core.package_identification:_identify(src/attachments/table_description) by extension 'ignore_ament_install'
[0.111s] Level 1:colcon.colcon_core.package_identification:_identify(src/attachments/table_description) by extensions ['colcon_pkg']
[0.111s] Level 1:colcon.colcon_core.package_identification:_identify(src/attachments/table_description) by extension 'colcon_pkg'
[0.111s] Level 1:colcon.colcon_core.package_identification:_identify(src/attachments/table_description) by extensions ['colcon_meta']
[0.111s] Level 1:colcon.colcon_core.package_identification:_identify(src/attachments/table_description) by extension 'colcon_meta'
[0.111s] Level 1:colcon.colcon_core.package_identification:_identify(src/attachments/table_description) by extensions ['ros']
[0.111s] Level 1:colcon.colcon_core.package_identification:_identify(src/attachments/table_description) by extension 'ros'
[0.112s] DEBUG:colcon.colcon_core.package_identification:Package 'src/attachments/table_description' with type 'ros.ament_cmake' and name 'table_description'
[0.112s] Level 1:colcon.colcon_core.package_identification:_identify(src/attachments/urdf_tutorial) by extensions ['ignore', 'ignore_ament_install']
[0.112s] Level 1:colcon.colcon_core.package_identification:_identify(src/attachments/urdf_tutorial) by extension 'ignore'
[0.112s] Level 1:colcon.colcon_core.package_identification:_identify(src/attachments/urdf_tutorial) by extension 'ignore_ament_install'
[0.113s] Level 1:colcon.colcon_core.package_identification:_identify(src/attachments/urdf_tutorial) by extensions ['colcon_pkg']
[0.113s] Level 1:colcon.colcon_core.package_identification:_identify(src/attachments/urdf_tutorial) by extension 'colcon_pkg'
[0.113s] Level 1:colcon.colcon_core.package_identification:_identify(src/attachments/urdf_tutorial) by extensions ['colcon_meta']
[0.113s] Level 1:colcon.colcon_core.package_identification:_identify(src/attachments/urdf_tutorial) by extension 'colcon_meta'
[0.113s] Level 1:colcon.colcon_core.package_identification:_identify(src/attachments/urdf_tutorial) by extensions ['ros']
[0.113s] Level 1:colcon.colcon_core.package_identification:_identify(src/attachments/urdf_tutorial) by extension 'ros'
[0.113s] DEBUG:colcon.colcon_core.package_identification:Package 'src/attachments/urdf_tutorial' with type 'ros.ament_cmake' and name 'urdf_tutorial'
[0.113s] Level 1:colcon.colcon_core.package_identification:_identify(src/environment) by extensions ['ignore', 'ignore_ament_install']
[0.113s] Level 1:colcon.colcon_core.package_identification:_identify(src/environment) by extension 'ignore'
[0.113s] Level 1:colcon.colcon_core.package_identification:_identify(src/environment) by extension 'ignore_ament_install'
[0.113s] Level 1:colcon.colcon_core.package_identification:_identify(src/environment) by extensions ['colcon_pkg']
[0.113s] Level 1:colcon.colcon_core.package_identification:_identify(src/environment) by extension 'colcon_pkg'
[0.113s] Level 1:colcon.colcon_core.package_identification:_identify(src/environment) by extensions ['colcon_meta']
[0.113s] Level 1:colcon.colcon_core.package_identification:_identify(src/environment) by extension 'colcon_meta'
[0.113s] Level 1:colcon.colcon_core.package_identification:_identify(src/environment) by extensions ['ros']
[0.113s] Level 1:colcon.colcon_core.package_identification:_identify(src/environment) by extension 'ros'
[0.113s] DEBUG:colcon.colcon_core.package_identification:Package 'src/environment' with type 'ros.ament_cmake' and name 'environment'
[0.114s] Level 1:colcon.colcon_core.package_identification:_identify(src/robots) by extensions ['ignore', 'ignore_ament_install']
[0.114s] Level 1:colcon.colcon_core.package_identification:_identify(src/robots) by extension 'ignore'
[0.114s] Level 1:colcon.colcon_core.package_identification:_identify(src/robots) by extension 'ignore_ament_install'
[0.114s] Level 1:colcon.colcon_core.package_identification:_identify(src/robots) by extensions ['colcon_pkg']
[0.114s] Level 1:colcon.colcon_core.package_identification:_identify(src/robots) by extension 'colcon_pkg'
[0.114s] Level 1:colcon.colcon_core.package_identification:_identify(src/robots) by extensions ['colcon_meta']
[0.114s] Level 1:colcon.colcon_core.package_identification:_identify(src/robots) by extension 'colcon_meta'
[0.114s] Level 1:colcon.colcon_core.package_identification:_identify(src/robots) by extensions ['ros']
[0.114s] Level 1:colcon.colcon_core.package_identification:_identify(src/robots) by extension 'ros'
[0.114s] Level 1:colcon.colcon_core.package_identification:_identify(src/robots) by extensions ['cmake', 'python']
[0.114s] Level 1:colcon.colcon_core.package_identification:_identify(src/robots) by extension 'cmake'
[0.114s] Level 1:colcon.colcon_core.package_identification:_identify(src/robots) by extension 'python'
[0.114s] Level 1:colcon.colcon_core.package_identification:_identify(src/robots) by extensions ['python_setup_py']
[0.114s] Level 1:colcon.colcon_core.package_identification:_identify(src/robots) by extension 'python_setup_py'
[0.114s] Level 1:colcon.colcon_core.package_identification:_identify(src/robots/ur_simulation_gz) by extensions ['ignore', 'ignore_ament_install']
[0.114s] Level 1:colcon.colcon_core.package_identification:_identify(src/robots/ur_simulation_gz) by extension 'ignore'
[0.114s] Level 1:colcon.colcon_core.package_identification:_identify(src/robots/ur_simulation_gz) by extension 'ignore_ament_install'
[0.114s] Level 1:colcon.colcon_core.package_identification:_identify(src/robots/ur_simulation_gz) by extensions ['colcon_pkg']
[0.114s] Level 1:colcon.colcon_core.package_identification:_identify(src/robots/ur_simulation_gz) by extension 'colcon_pkg'
[0.114s] Level 1:colcon.colcon_core.package_identification:_identify(src/robots/ur_simulation_gz) by extensions ['colcon_meta']
[0.114s] Level 1:colcon.colcon_core.package_identification:_identify(src/robots/ur_simulation_gz) by extension 'colcon_meta'
[0.114s] Level 1:colcon.colcon_core.package_identification:_identify(src/robots/ur_simulation_gz) by extensions ['ros']
[0.114s] Level 1:colcon.colcon_core.package_identification:_identify(src/robots/ur_simulation_gz) by extension 'ros'
[0.114s] Level 1:colcon.colcon_core.package_identification:_identify(src/robots/ur_simulation_gz) by extensions ['cmake', 'python']
[0.114s] Level 1:colcon.colcon_core.package_identification:_identify(src/robots/ur_simulation_gz) by extension 'cmake'
[0.114s] Level 1:colcon.colcon_core.package_identification:_identify(src/robots/ur_simulation_gz) by extension 'python'
[0.114s] Level 1:colcon.colcon_core.package_identification:_identify(src/robots/ur_simulation_gz) by extensions ['python_setup_py']
[0.114s] Level 1:colcon.colcon_core.package_identification:_identify(src/robots/ur_simulation_gz) by extension 'python_setup_py'
[0.114s] Level 1:colcon.colcon_core.package_identification:_identify(src/robots/ur_simulation_gz/ur_simulation_gz) by extensions ['ignore', 'ignore_ament_install']
[0.114s] Level 1:colcon.colcon_core.package_identification:_identify(src/robots/ur_simulation_gz/ur_simulation_gz) by extension 'ignore'
[0.114s] Level 1:colcon.colcon_core.package_identification:_identify(src/robots/ur_simulation_gz/ur_simulation_gz) by extension 'ignore_ament_install'
[0.114s] Level 1:colcon.colcon_core.package_identification:_identify(src/robots/ur_simulation_gz/ur_simulation_gz) by extensions ['colcon_pkg']
[0.114s] Level 1:colcon.colcon_core.package_identification:_identify(src/robots/ur_simulation_gz/ur_simulation_gz) by extension 'colcon_pkg'
[0.114s] Level 1:colcon.colcon_core.package_identification:_identify(src/robots/ur_simulation_gz/ur_simulation_gz) by extensions ['colcon_meta']
[0.114s] Level 1:colcon.colcon_core.package_identification:_identify(src/robots/ur_simulation_gz/ur_simulation_gz) by extension 'colcon_meta'
[0.114s] Level 1:colcon.colcon_core.package_identification:_identify(src/robots/ur_simulation_gz/ur_simulation_gz) by extensions ['ros']
[0.114s] Level 1:colcon.colcon_core.package_identification:_identify(src/robots/ur_simulation_gz/ur_simulation_gz) by extension 'ros'
[0.115s] DEBUG:colcon.colcon_core.package_identification:Package 'src/robots/ur_simulation_gz/ur_simulation_gz' with type 'ros.ament_cmake' and name 'ur_simulation_gz'
[0.115s] Level 1:colcon.colcon_core.package_identification:_identify(src/test_block) by extensions ['ignore', 'ignore_ament_install']
[0.115s] Level 1:colcon.colcon_core.package_identification:_identify(src/test_block) by extension 'ignore'
[0.115s] Level 1:colcon.colcon_core.package_identification:_identify(src/test_block) by extension 'ignore_ament_install'
[0.115s] Level 1:colcon.colcon_core.package_identification:_identify(src/test_block) by extensions ['colcon_pkg']
[0.115s] Level 1:colcon.colcon_core.package_identification:_identify(src/test_block) by extension 'colcon_pkg'
[0.115s] Level 1:colcon.colcon_core.package_identification:_identify(src/test_block) by extensions ['colcon_meta']
[0.115s] Level 1:colcon.colcon_core.package_identification:_identify(src/test_block) by extension 'colcon_meta'
[0.115s] Level 1:colcon.colcon_core.package_identification:_identify(src/test_block) by extensions ['ros']
[0.115s] Level 1:colcon.colcon_core.package_identification:_identify(src/test_block) by extension 'ros'
[0.115s] Level 1:colcon.colcon_core.package_identification:_identify(src/test_block) by extensions ['cmake', 'python']
[0.115s] Level 1:colcon.colcon_core.package_identification:_identify(src/test_block) by extension 'cmake'
[0.115s] Level 1:colcon.colcon_core.package_identification:_identify(src/test_block) by extension 'python'
[0.115s] Level 1:colcon.colcon_core.package_identification:_identify(src/test_block) by extensions ['python_setup_py']
[0.115s] Level 1:colcon.colcon_core.package_identification:_identify(src/test_block) by extension 'python_setup_py'
[0.115s] Level 1:colcon.colcon_core.package_discovery:discover_packages(recursive) using defaults
[0.115s] Level 1:colcon.colcon_core.package_discovery:discover_packages(ignore) discover
[0.115s] Level 1:colcon.colcon_core.package_discovery:discover_packages(ignore) using defaults
[0.115s] Level 1:colcon.colcon_core.package_discovery:discover_packages(path) discover
[0.115s] Level 1:colcon.colcon_core.package_discovery:discover_packages(path) using defaults
[0.126s] Level 1:colcon.colcon_core.package_discovery:discover_packages(prefix_path) check parameters
[0.126s] Level 1:colcon.colcon_core.package_discovery:discover_packages(prefix_path) discover
[0.128s] DEBUG:colcon.colcon_installed_package_information.package_discovery:Found 441 installed packages in /opt/ros/jazzy
[0.129s] Level 1:colcon.colcon_core.package_discovery:discover_packages(prefix_path) using defaults
[0.160s] Level 5:colcon.colcon_core.verb:set package 'table_description' build argument 'cmake_args' from command line to 'None'
[0.160s] Level 5:colcon.colcon_core.verb:set package 'table_description' build argument 'cmake_target' from command line to 'None'
[0.160s] Level 5:colcon.colcon_core.verb:set package 'table_description' build argument 'cmake_target_skip_unavailable' from command line to 'False'
[0.160s] Level 5:colcon.colcon_core.verb:set package 'table_description' build argument 'cmake_clean_cache' from command line to 'False'
[0.160s] Level 5:colcon.colcon_core.verb:set package 'table_description' build argument 'cmake_clean_first' from command line to 'False'
[0.160s] Level 5:colcon.colcon_core.verb:set package 'table_description' build argument 'cmake_force_configure' from command line to 'False'
[0.161s] Level 5:colcon.colcon_core.verb:set package 'table_description' build argument 'ament_cmake_args' from command line to 'None'
[0.161s] Level 5:colcon.colcon_core.verb:set package 'table_description' build argument 'catkin_cmake_args' from command line to 'None'
[0.161s] Level 5:colcon.colcon_core.verb:set package 'table_description' build argument 'catkin_skip_building_tests' from command line to 'False'
[0.161s] DEBUG:colcon.colcon_core.verb:Building package 'table_description' with the following arguments: {'ament_cmake_args': None, 'build_base': '/home/aschalin/UR5e_Assembly_of_Wooden_Pieces/build/table_description', 'catkin_cmake_args': None, 'catkin_skip_building_tests': False, 'cmake_args': None, 'cmake_clean_cache': False, 'cmake_clean_first': False, 'cmake_force_configure': False, 'cmake_target': None, 'cmake_target_skip_unavailable': False, 'install_base': '/home/aschalin/UR5e_Assembly_of_Wooden_Pieces/install/table_description', 'merge_install': False, 'path': '/home/aschalin/UR5e_Assembly_of_Wooden_Pieces/src/attachments/table_description', 'symlink_install': False, 'test_result_base': None}
[0.161s] Level 5:colcon.colcon_core.verb:set package 'ur_simulation_gz' build argument 'cmake_args' from command line to 'None'
[0.161s] Level 5:colcon.colcon_core.verb:set package 'ur_simulation_gz' build argument 'cmake_target' from command line to 'None'
[0.161s] Level 5:colcon.colcon_core.verb:set package 'ur_simulation_gz' build argument 'cmake_target_skip_unavailable' from command line to 'False'
[0.161s] Level 5:colcon.colcon_core.verb:set package 'ur_simulation_gz' build argument 'cmake_clean_cache' from command line to 'False'
[0.161s] Level 5:colcon.colcon_core.verb:set package 'ur_simulation_gz' build argument 'cmake_clean_first' from command line to 'False'
[0.161s] Level 5:colcon.colcon_core.verb:set package 'ur_simulation_gz' build argument 'cmake_force_configure' from command line to 'False'
[0.161s] Level 5:colcon.colcon_core.verb:set package 'ur_simulation_gz' build argument 'ament_cmake_args' from command line to 'None'
[0.161s] Level 5:colcon.colcon_core.verb:set package 'ur_simulation_gz' build argument 'catkin_cmake_args' from command line to 'None'
[0.161s] Level 5:colcon.colcon_core.verb:set package 'ur_simulation_gz' build argument 'catkin_skip_building_tests' from command line to 'False'
[0.161s] DEBUG:colcon.colcon_core.verb:Building package 'ur_simulation_gz' with the following arguments: {'ament_cmake_args': None, 'build_base': '/home/aschalin/UR5e_Assembly_of_Wooden_Pieces/build/ur_simulation_gz', 'catkin_cmake_args': None, 'catkin_skip_building_tests': False, 'cmake_args': None, 'cmake_clean_cache': False, 'cmake_clean_first': False, 'cmake_force_configure': False, 'cmake_target': None, 'cmake_target_skip_unavailable': False, 'install_base': '/home/aschalin/UR5e_Assembly_of_Wooden_Pieces/install/ur_simulation_gz', 'merge_install': False, 'path': '/home/aschalin/UR5e_Assembly_of_Wooden_Pieces/src/robots/ur_simulation_gz/ur_simulation_gz', 'symlink_install': False, 'test_result_base': None}
[0.161s] Level 5:colcon.colcon_core.verb:set package 'urdf_tutorial' build argument 'cmake_args' from command line to 'None'
[0.161s] Level 5:colcon.colcon_core.verb:set package 'urdf_tutorial' build argument 'cmake_target' from command line to 'None'
[0.161s] Level 5:colcon.colcon_core.verb:set package 'urdf_tutorial' build argument 'cmake_target_skip_unavailable' from command line to 'False'
[0.161s] Level 5:colcon.colcon_core.verb:set package 'urdf_tutorial' build argument 'cmake_clean_cache' from command line to 'False'
[0.161s] Level 5:colcon.colcon_core.verb:set package 'urdf_tutorial' build argument 'cmake_clean_first' from command line to 'False'
[0.161s] Level 5:colcon.colcon_core.verb:set package 'urdf_tutorial' build argument 'cmake_force_configure' from command line to 'False'
[0.161s] Level 5:colcon.colcon_core.verb:set package 'urdf_tutorial' build argument 'ament_cmake_args' from command line to 'None'
[0.161s] Level 5:colcon.colcon_core.verb:set package 'urdf_tutorial' build argument 'catkin_cmake_args' from command line to 'None'
[0.161s] Level 5:colcon.colcon_core.verb:set package 'urdf_tutorial' build argument 'catkin_skip_building_tests' from command line to 'False'
[0.161s] DEBUG:colcon.colcon_core.verb:Building package 'urdf_tutorial' with the following arguments: {'ament_cmake_args': None, 'build_base': '/home/aschalin/UR5e_Assembly_of_Wooden_Pieces/build/urdf_tutorial', 'catkin_cmake_args': None, 'catkin_skip_building_tests': False, 'cmake_args': None, 'cmake_clean_cache': False, 'cmake_clean_first': False, 'cmake_force_configure': False, 'cmake_target': None, 'cmake_target_skip_unavailable': False, 'install_base': '/home/aschalin/UR5e_Assembly_of_Wooden_Pieces/install/urdf_tutorial', 'merge_install': False, 'path': '/home/aschalin/UR5e_Assembly_of_Wooden_Pieces/src/attachments/urdf_tutorial', 'symlink_install': False, 'test_result_base': None}
[0.161s] Level 5:colcon.colcon_core.verb:set package 'environment' build argument 'cmake_args' from command line to 'None'
[0.161s] Level 5:colcon.colcon_core.verb:set package 'environment' build argument 'cmake_target' from command line to 'None'
[0.161s] Level 5:colcon.colcon_core.verb:set package 'environment' build argument 'cmake_target_skip_unavailable' from command line to 'False'
[0.161s] Level 5:colcon.colcon_core.verb:set package 'environment' build argument 'cmake_clean_cache' from command line to 'False'
[0.161s] Level 5:colcon.colcon_core.verb:set package 'environment' build argument 'cmake_clean_first' from command line to 'False'
[0.161s] Level 5:colcon.colcon_core.verb:set package 'environment' build argument 'cmake_force_configure' from command line to 'False'
[0.161s] Level 5:colcon.colcon_core.verb:set package 'environment' build argument 'ament_cmake_args' from command line to 'None'
[0.161s] Level 5:colcon.colcon_core.verb:set package 'environment' build argument 'catkin_cmake_args' from command line to 'None'
[0.161s] Level 5:colcon.colcon_core.verb:set package 'environment' build argument 'catkin_skip_building_tests' from command line to 'False'
[0.161s] DEBUG:colcon.colcon_core.verb:Building package 'environment' with the following arguments: {'ament_cmake_args': None, 'build_base': '/home/aschalin/UR5e_Assembly_of_Wooden_Pieces/build/environment', 'catkin_cmake_args': None, 'catkin_skip_building_tests': False, 'cmake_args': None, 'cmake_clean_cache': False, 'cmake_clean_first': False, 'cmake_force_configure': False, 'cmake_target': None, 'cmake_target_skip_unavailable': False, 'install_base': '/home/aschalin/UR5e_Assembly_of_Wooden_Pieces/install/environment', 'merge_install': False, 'path': '/home/aschalin/UR5e_Assembly_of_Wooden_Pieces/src/environment', 'symlink_install': False, 'test_result_base': None}
[0.161s] INFO:colcon.colcon_core.executor:Executing jobs using 'parallel' executor
[0.162s] DEBUG:colcon.colcon_parallel_executor.executor.parallel:run_until_complete
[0.162s] INFO:colcon.colcon_ros.task.ament_cmake.build:Building ROS package in '/home/aschalin/UR5e_Assembly_of_Wooden_Pieces/src/attachments/table_description' with build type 'ament_cmake'
[0.162s] INFO:colcon.colcon_cmake.task.cmake.build:Building CMake package in '/home/aschalin/UR5e_Assembly_of_Wooden_Pieces/src/attachments/table_description'
[0.164s] INFO:colcon.colcon_core.plugin_system:Skipping extension 'colcon_core.shell.bat': Not used on non-Windows systems
[0.165s] INFO:colcon.colcon_core.shell:Skip shell extension 'powershell' for command environment: Not usable outside of PowerShell
[0.165s] DEBUG:colcon.colcon_core.shell:Skip shell extension 'dsv' for command environment
[0.168s] INFO:colcon.colcon_ros.task.ament_cmake.build:Building ROS package in '/home/aschalin/UR5e_Assembly_of_Wooden_Pieces/src/attachments/urdf_tutorial' with build type 'ament_cmake'
[0.169s] INFO:colcon.colcon_cmake.task.cmake.build:Building CMake package in '/home/aschalin/UR5e_Assembly_of_Wooden_Pieces/src/attachments/urdf_tutorial'
[0.169s] INFO:colcon.colcon_core.shell:Skip shell extension 'powershell' for command environment: Not usable outside of PowerShell
[0.169s] DEBUG:colcon.colcon_core.shell:Skip shell extension 'dsv' for command environment
[0.172s] INFO:colcon.colcon_ros.task.ament_cmake.build:Building ROS package in '/home/aschalin/UR5e_Assembly_of_Wooden_Pieces/src/robots/ur_simulation_gz/ur_simulation_gz' with build type 'ament_cmake'
[0.172s] INFO:colcon.colcon_cmake.task.cmake.build:Building CMake package in '/home/aschalin/UR5e_Assembly_of_Wooden_Pieces/src/robots/ur_simulation_gz/ur_simulation_gz'
[0.172s] INFO:colcon.colcon_core.shell:Skip shell extension 'powershell' for command environment: Not usable outside of PowerShell
[0.172s] DEBUG:colcon.colcon_core.shell:Skip shell extension 'dsv' for command environment
[0.178s] DEBUG:colcon.colcon_core.event_handler.log_command:Invoking command in '/home/aschalin/UR5e_Assembly_of_Wooden_Pieces/build/table_description': CMAKE_PREFIX_PATH=${CMAKE_PREFIX_PATH}:/opt/ros/jazzy DEBUGINFOD_URLS=https://debuginfod.ubuntu.com /usr/bin/cmake --build /home/aschalin/UR5e_Assembly_of_Wooden_Pieces/build/table_description -- -j22 -l22
[0.179s] DEBUG:colcon.colcon_core.event_handler.log_command:Invoking command in '/home/aschalin/UR5e_Assembly_of_Wooden_Pieces/build/urdf_tutorial': CMAKE_PREFIX_PATH=${CMAKE_PREFIX_PATH}:/opt/ros/jazzy DEBUGINFOD_URLS=https://debuginfod.ubuntu.com /usr/bin/cmake --build /home/aschalin/UR5e_Assembly_of_Wooden_Pieces/build/urdf_tutorial -- -j22 -l22
[0.181s] DEBUG:colcon.colcon_core.event_handler.log_command:Invoking command in '/home/aschalin/UR5e_Assembly_of_Wooden_Pieces/build/ur_simulation_gz': CMAKE_PREFIX_PATH=${CMAKE_PREFIX_PATH}:/opt/ros/jazzy DEBUGINFOD_URLS=https://debuginfod.ubuntu.com /usr/bin/cmake --build /home/aschalin/UR5e_Assembly_of_Wooden_Pieces/build/ur_simulation_gz -- -j22 -l22
[0.209s] DEBUG:colcon.colcon_core.event_handler.log_command:Invoked command in '/home/aschalin/UR5e_Assembly_of_Wooden_Pieces/build/urdf_tutorial' returned '0': CMAKE_PREFIX_PATH=${CMAKE_PREFIX_PATH}:/opt/ros/jazzy DEBUGINFOD_URLS=https://debuginfod.ubuntu.com /usr/bin/cmake --build /home/aschalin/UR5e_Assembly_of_Wooden_Pieces/build/urdf_tutorial -- -j22 -l22
[0.215s] DEBUG:colcon.colcon_core.event_handler.log_command:Invoking command in '/home/aschalin/UR5e_Assembly_of_Wooden_Pieces/build/urdf_tutorial': CMAKE_PREFIX_PATH=${CMAKE_PREFIX_PATH}:/opt/ros/jazzy DEBUGINFOD_URLS=https://debuginfod.ubuntu.com /usr/bin/cmake --install /home/aschalin/UR5e_Assembly_of_Wooden_Pieces/build/urdf_tutorial
[0.216s] DEBUG:colcon.colcon_core.event_handler.log_command:Invoked command in '/home/aschalin/UR5e_Assembly_of_Wooden_Pieces/build/ur_simulation_gz' returned '0': CMAKE_PREFIX_PATH=${CMAKE_PREFIX_PATH}:/opt/ros/jazzy DEBUGINFOD_URLS=https://debuginfod.ubuntu.com /usr/bin/cmake --build /home/aschalin/UR5e_Assembly_of_Wooden_Pieces/build/ur_simulation_gz -- -j22 -l22
[0.217s] DEBUG:colcon.colcon_core.event_handler.log_command:Invoking command in '/home/aschalin/UR5e_Assembly_of_Wooden_Pieces/build/ur_simulation_gz': CMAKE_PREFIX_PATH=${CMAKE_PREFIX_PATH}:/opt/ros/jazzy DEBUGINFOD_URLS=https://debuginfod.ubuntu.com /usr/bin/cmake --install /home/aschalin/UR5e_Assembly_of_Wooden_Pieces/build/ur_simulation_gz
[0.217s] DEBUG:colcon.colcon_core.event_handler.log_command:Invoked command in '/home/aschalin/UR5e_Assembly_of_Wooden_Pieces/build/table_description' returned '0': CMAKE_PREFIX_PATH=${CMAKE_PREFIX_PATH}:/opt/ros/jazzy DEBUGINFOD_URLS=https://debuginfod.ubuntu.com /usr/bin/cmake --build /home/aschalin/UR5e_Assembly_of_Wooden_Pieces/build/table_description -- -j22 -l22
[0.218s] DEBUG:colcon.colcon_core.event_handler.log_command:Invoking command in '/home/aschalin/UR5e_Assembly_of_Wooden_Pieces/build/table_description': CMAKE_PREFIX_PATH=${CMAKE_PREFIX_PATH}:/opt/ros/jazzy DEBUGINFOD_URLS=https://debuginfod.ubuntu.com /usr/bin/cmake --install /home/aschalin/UR5e_Assembly_of_Wooden_Pieces/build/table_description
[0.224s] Level 1:colcon.colcon_core.environment:create_environment_scripts_only(urdf_tutorial)
[0.225s] DEBUG:colcon.colcon_core.event_handler.log_command:Invoked command in '/home/aschalin/UR5e_Assembly_of_Wooden_Pieces/build/urdf_tutorial' returned '0': CMAKE_PREFIX_PATH=${CMAKE_PREFIX_PATH}:/opt/ros/jazzy DEBUGINFOD_URLS=https://debuginfod.ubuntu.com /usr/bin/cmake --install /home/aschalin/UR5e_Assembly_of_Wooden_Pieces/build/urdf_tutorial
[0.226s] Level 1:colcon.colcon_core.environment:checking '/home/aschalin/UR5e_Assembly_of_Wooden_Pieces/install/urdf_tutorial' for CMake module files
[0.226s] Level 1:colcon.colcon_core.environment:checking '/home/aschalin/UR5e_Assembly_of_Wooden_Pieces/install/urdf_tutorial' for CMake config files
[0.226s] Level 1:colcon.colcon_core.shell:create_environment_hook('urdf_tutorial', 'cmake_prefix_path')
[0.226s] INFO:colcon.colcon_core.shell:Creating environment hook '/home/aschalin/UR5e_Assembly_of_Wooden_Pieces/install/urdf_tutorial/share/urdf_tutorial/hook/cmake_prefix_path.ps1'
[0.227s] INFO:colcon.colcon_core.shell:Creating environment descriptor '/home/aschalin/UR5e_Assembly_of_Wooden_Pieces/install/urdf_tutorial/share/urdf_tutorial/hook/cmake_prefix_path.dsv'
[0.227s] INFO:colcon.colcon_core.shell:Creating environment hook '/home/aschalin/UR5e_Assembly_of_Wooden_Pieces/install/urdf_tutorial/share/urdf_tutorial/hook/cmake_prefix_path.sh'
[0.227s] Level 1:colcon.colcon_core.environment:checking '/home/aschalin/UR5e_Assembly_of_Wooden_Pieces/install/urdf_tutorial/bin'
[0.227s] Level 1:colcon.colcon_core.environment:checking '/home/aschalin/UR5e_Assembly_of_Wooden_Pieces/install/urdf_tutorial/lib/pkgconfig/urdf_tutorial.pc'
[0.228s] Level 1:colcon.colcon_core.environment:checking '/home/aschalin/UR5e_Assembly_of_Wooden_Pieces/install/urdf_tutorial/lib/python3.12/site-packages'
[0.228s] Level 1:colcon.colcon_core.environment:checking '/home/aschalin/UR5e_Assembly_of_Wooden_Pieces/install/urdf_tutorial/bin'
[0.228s] INFO:colcon.colcon_core.shell:Creating package script '/home/aschalin/UR5e_Assembly_of_Wooden_Pieces/install/urdf_tutorial/share/urdf_tutorial/package.ps1'
[0.228s] INFO:colcon.colcon_core.shell:Creating package descriptor '/home/aschalin/UR5e_Assembly_of_Wooden_Pieces/install/urdf_tutorial/share/urdf_tutorial/package.dsv'
[0.228s] INFO:colcon.colcon_core.shell:Creating package script '/home/aschalin/UR5e_Assembly_of_Wooden_Pieces/install/urdf_tutorial/share/urdf_tutorial/package.sh'
[0.229s] INFO:colcon.colcon_core.shell:Creating package script '/home/aschalin/UR5e_Assembly_of_Wooden_Pieces/install/urdf_tutorial/share/urdf_tutorial/package.bash'
[0.229s] INFO:colcon.colcon_core.shell:Creating package script '/home/aschalin/UR5e_Assembly_of_Wooden_Pieces/install/urdf_tutorial/share/urdf_tutorial/package.zsh'
[0.229s] Level 1:colcon.colcon_core.environment:create_file_with_runtime_dependencies(/home/aschalin/UR5e_Assembly_of_Wooden_Pieces/install/urdf_tutorial/share/colcon-core/packages/urdf_tutorial)
[0.229s] Level 1:colcon.colcon_core.environment:create_environment_scripts_only(urdf_tutorial)
[0.230s] Level 1:colcon.colcon_core.environment:checking '/home/aschalin/UR5e_Assembly_of_Wooden_Pieces/install/urdf_tutorial' for CMake module files
[0.230s] Level 1:colcon.colcon_core.environment:checking '/home/aschalin/UR5e_Assembly_of_Wooden_Pieces/install/urdf_tutorial' for CMake config files
[0.230s] Level 1:colcon.colcon_core.shell:create_environment_hook('urdf_tutorial', 'cmake_prefix_path')
[0.230s] INFO:colcon.colcon_core.shell:Creating environment hook '/home/aschalin/UR5e_Assembly_of_Wooden_Pieces/install/urdf_tutorial/share/urdf_tutorial/hook/cmake_prefix_path.ps1'
[0.230s] INFO:colcon.colcon_core.shell:Creating environment descriptor '/home/aschalin/UR5e_Assembly_of_Wooden_Pieces/install/urdf_tutorial/share/urdf_tutorial/hook/cmake_prefix_path.dsv'
[0.230s] INFO:colcon.colcon_core.shell:Creating environment hook '/home/aschalin/UR5e_Assembly_of_Wooden_Pieces/install/urdf_tutorial/share/urdf_tutorial/hook/cmake_prefix_path.sh'
[0.231s] Level 1:colcon.colcon_core.environment:checking '/home/aschalin/UR5e_Assembly_of_Wooden_Pieces/install/urdf_tutorial/bin'
[0.231s] Level 1:colcon.colcon_core.environment:checking '/home/aschalin/UR5e_Assembly_of_Wooden_Pieces/install/urdf_tutorial/lib/pkgconfig/urdf_tutorial.pc'
[0.231s] Level 1:colcon.colcon_core.environment:checking '/home/aschalin/UR5e_Assembly_of_Wooden_Pieces/install/urdf_tutorial/lib/python3.12/site-packages'
[0.231s] Level 1:colcon.colcon_core.environment:checking '/home/aschalin/UR5e_Assembly_of_Wooden_Pieces/install/urdf_tutorial/bin'
[0.231s] INFO:colcon.colcon_core.shell:Creating package script '/home/aschalin/UR5e_Assembly_of_Wooden_Pieces/install/urdf_tutorial/share/urdf_tutorial/package.ps1'
[0.231s] INFO:colcon.colcon_core.shell:Creating package descriptor '/home/aschalin/UR5e_Assembly_of_Wooden_Pieces/install/urdf_tutorial/share/urdf_tutorial/package.dsv'
[0.231s] INFO:colcon.colcon_core.shell:Creating package script '/home/aschalin/UR5e_Assembly_of_Wooden_Pieces/install/urdf_tutorial/share/urdf_tutorial/package.sh'
[0.232s] INFO:colcon.colcon_core.shell:Creating package script '/home/aschalin/UR5e_Assembly_of_Wooden_Pieces/install/urdf_tutorial/share/urdf_tutorial/package.bash'
[0.232s] INFO:colcon.colcon_core.shell:Creating package script '/home/aschalin/UR5e_Assembly_of_Wooden_Pieces/install/urdf_tutorial/share/urdf_tutorial/package.zsh'
[0.232s] Level 1:colcon.colcon_core.environment:create_file_with_runtime_dependencies(/home/aschalin/UR5e_Assembly_of_Wooden_Pieces/install/urdf_tutorial/share/colcon-core/packages/urdf_tutorial)
[0.232s] Level 1:colcon.colcon_core.environment:create_environment_scripts_only(ur_simulation_gz)
[0.232s] Level 1:colcon.colcon_core.environment:checking '/home/aschalin/UR5e_Assembly_of_Wooden_Pieces/install/ur_simulation_gz' for CMake module files
[0.233s] DEBUG:colcon.colcon_core.event_handler.log_command:Invoked command in '/home/aschalin/UR5e_Assembly_of_Wooden_Pieces/build/ur_simulation_gz' returned '0': CMAKE_PREFIX_PATH=${CMAKE_PREFIX_PATH}:/opt/ros/jazzy DEBUGINFOD_URLS=https://debuginfod.ubuntu.com /usr/bin/cmake --install /home/aschalin/UR5e_Assembly_of_Wooden_Pieces/build/ur_simulation_gz
[0.233s] Level 1:colcon.colcon_core.environment:checking '/home/aschalin/UR5e_Assembly_of_Wooden_Pieces/install/ur_simulation_gz' for CMake config files
[0.233s] Level 1:colcon.colcon_core.shell:create_environment_hook('ur_simulation_gz', 'cmake_prefix_path')
[0.233s] INFO:colcon.colcon_core.shell:Creating environment hook '/home/aschalin/UR5e_Assembly_of_Wooden_Pieces/install/ur_simulation_gz/share/ur_simulation_gz/hook/cmake_prefix_path.ps1'
[0.233s] INFO:colcon.colcon_core.shell:Creating environment descriptor '/home/aschalin/UR5e_Assembly_of_Wooden_Pieces/install/ur_simulation_gz/share/ur_simulation_gz/hook/cmake_prefix_path.dsv'
[0.233s] INFO:colcon.colcon_core.shell:Creating environment hook '/home/aschalin/UR5e_Assembly_of_Wooden_Pieces/install/ur_simulation_gz/share/ur_simulation_gz/hook/cmake_prefix_path.sh'
[0.234s] Level 1:colcon.colcon_core.environment:checking '/home/aschalin/UR5e_Assembly_of_Wooden_Pieces/install/ur_simulation_gz/bin'
[0.234s] Level 1:colcon.colcon_core.environment:checking '/home/aschalin/UR5e_Assembly_of_Wooden_Pieces/install/ur_simulation_gz/lib/pkgconfig/ur_simulation_gz.pc'
[0.234s] Level 1:colcon.colcon_core.environment:checking '/home/aschalin/UR5e_Assembly_of_Wooden_Pieces/install/ur_simulation_gz/lib/python3.12/site-packages'
[0.234s] Level 1:colcon.colcon_core.environment:checking '/home/aschalin/UR5e_Assembly_of_Wooden_Pieces/install/ur_simulation_gz/bin'
[0.234s] INFO:colcon.colcon_core.shell:Creating package script '/home/aschalin/UR5e_Assembly_of_Wooden_Pieces/install/ur_simulation_gz/share/ur_simulation_gz/package.ps1'
[0.234s] INFO:colcon.colcon_core.shell:Creating package descriptor '/home/aschalin/UR5e_Assembly_of_Wooden_Pieces/install/ur_simulation_gz/share/ur_simulation_gz/package.dsv'
[0.234s] INFO:colcon.colcon_core.shell:Creating package script '/home/aschalin/UR5e_Assembly_of_Wooden_Pieces/install/ur_simulation_gz/share/ur_simulation_gz/package.sh'
[0.235s] INFO:colcon.colcon_core.shell:Creating package script '/home/aschalin/UR5e_Assembly_of_Wooden_Pieces/install/ur_simulation_gz/share/ur_simulation_gz/package.bash'
[0.235s] INFO:colcon.colcon_core.shell:Creating package script '/home/aschalin/UR5e_Assembly_of_Wooden_Pieces/install/ur_simulation_gz/share/ur_simulation_gz/package.zsh'
[0.235s] Level 1:colcon.colcon_core.environment:create_file_with_runtime_dependencies(/home/aschalin/UR5e_Assembly_of_Wooden_Pieces/install/ur_simulation_gz/share/colcon-core/packages/ur_simulation_gz)
[0.235s] Level 1:colcon.colcon_core.environment:create_environment_scripts_only(ur_simulation_gz)
[0.235s] Level 1:colcon.colcon_core.environment:checking '/home/aschalin/UR5e_Assembly_of_Wooden_Pieces/install/ur_simulation_gz' for CMake module files
[0.235s] Level 1:colcon.colcon_core.environment:checking '/home/aschalin/UR5e_Assembly_of_Wooden_Pieces/install/ur_simulation_gz' for CMake config files
[0.235s] Level 1:colcon.colcon_core.shell:create_environment_hook('ur_simulation_gz', 'cmake_prefix_path')
[0.235s] INFO:colcon.colcon_core.shell:Creating environment hook '/home/aschalin/UR5e_Assembly_of_Wooden_Pieces/install/ur_simulation_gz/share/ur_simulation_gz/hook/cmake_prefix_path.ps1'
[0.236s] INFO:colcon.colcon_core.shell:Creating environment descriptor '/home/aschalin/UR5e_Assembly_of_Wooden_Pieces/install/ur_simulation_gz/share/ur_simulation_gz/hook/cmake_prefix_path.dsv'
[0.236s] INFO:colcon.colcon_core.shell:Creating environment hook '/home/aschalin/UR5e_Assembly_of_Wooden_Pieces/install/ur_simulation_gz/share/ur_simulation_gz/hook/cmake_prefix_path.sh'
[0.236s] Level 1:colcon.colcon_core.environment:checking '/home/aschalin/UR5e_Assembly_of_Wooden_Pieces/install/ur_simulation_gz/bin'
[0.236s] Level 1:colcon.colcon_core.environment:checking '/home/aschalin/UR5e_Assembly_of_Wooden_Pieces/install/ur_simulation_gz/lib/pkgconfig/ur_simulation_gz.pc'
[0.236s] Level 1:colcon.colcon_core.environment:checking '/home/aschalin/UR5e_Assembly_of_Wooden_Pieces/install/ur_simulation_gz/lib/python3.12/site-packages'
[0.236s] Level 1:colcon.colcon_core.environment:checking '/home/aschalin/UR5e_Assembly_of_Wooden_Pieces/install/ur_simulation_gz/bin'
[0.236s] INFO:colcon.colcon_core.shell:Creating package script '/home/aschalin/UR5e_Assembly_of_Wooden_Pieces/install/ur_simulation_gz/share/ur_simulation_gz/package.ps1'
[0.237s] INFO:colcon.colcon_core.shell:Creating package descriptor '/home/aschalin/UR5e_Assembly_of_Wooden_Pieces/install/ur_simulation_gz/share/ur_simulation_gz/package.dsv'
[0.237s] INFO:colcon.colcon_core.shell:Creating package script '/home/aschalin/UR5e_Assembly_of_Wooden_Pieces/install/ur_simulation_gz/share/ur_simulation_gz/package.sh'
[0.237s] INFO:colcon.colcon_core.shell:Creating package script '/home/aschalin/UR5e_Assembly_of_Wooden_Pieces/install/ur_simulation_gz/share/ur_simulation_gz/package.bash'
[0.237s] INFO:colcon.colcon_core.shell:Creating package script '/home/aschalin/UR5e_Assembly_of_Wooden_Pieces/install/ur_simulation_gz/share/ur_simulation_gz/package.zsh'
[0.238s] Level 1:colcon.colcon_core.environment:create_file_with_runtime_dependencies(/home/aschalin/UR5e_Assembly_of_Wooden_Pieces/install/ur_simulation_gz/share/colcon-core/packages/ur_simulation_gz)
[0.238s] Level 1:colcon.colcon_core.environment:create_environment_scripts_only(table_description)
[0.238s] Level 1:colcon.colcon_core.environment:checking '/home/aschalin/UR5e_Assembly_of_Wooden_Pieces/install/table_description' for CMake module files
[0.238s] Level 1:colcon.colcon_core.environment:checking '/home/aschalin/UR5e_Assembly_of_Wooden_Pieces/install/table_description' for CMake config files
[0.238s] DEBUG:colcon.colcon_core.event_handler.log_command:Invoked command in '/home/aschalin/UR5e_Assembly_of_Wooden_Pieces/build/table_description' returned '0': CMAKE_PREFIX_PATH=${CMAKE_PREFIX_PATH}:/opt/ros/jazzy DEBUGINFOD_URLS=https://debuginfod.ubuntu.com /usr/bin/cmake --install /home/aschalin/UR5e_Assembly_of_Wooden_Pieces/build/table_description
[0.238s] Level 1:colcon.colcon_core.shell:create_environment_hook('table_description', 'cmake_prefix_path')
[0.238s] INFO:colcon.colcon_core.shell:Creating environment hook '/home/aschalin/UR5e_Assembly_of_Wooden_Pieces/install/table_description/share/table_description/hook/cmake_prefix_path.ps1'
[0.239s] INFO:colcon.colcon_core.shell:Creating environment descriptor '/home/aschalin/UR5e_Assembly_of_Wooden_Pieces/install/table_description/share/table_description/hook/cmake_prefix_path.dsv'
[0.239s] INFO:colcon.colcon_core.shell:Creating environment hook '/home/aschalin/UR5e_Assembly_of_Wooden_Pieces/install/table_description/share/table_description/hook/cmake_prefix_path.sh'
[0.239s] Level 1:colcon.colcon_core.environment:checking '/home/aschalin/UR5e_Assembly_of_Wooden_Pieces/install/table_description/bin'
[0.239s] Level 1:colcon.colcon_core.environment:checking '/home/aschalin/UR5e_Assembly_of_Wooden_Pieces/install/table_description/lib/pkgconfig/table_description.pc'
[0.239s] Level 1:colcon.colcon_core.environment:checking '/home/aschalin/UR5e_Assembly_of_Wooden_Pieces/install/table_description/lib/python3.12/site-packages'
[0.239s] Level 1:colcon.colcon_core.environment:checking '/home/aschalin/UR5e_Assembly_of_Wooden_Pieces/install/table_description/bin'
[0.239s] INFO:colcon.colcon_core.shell:Creating package script '/home/aschalin/UR5e_Assembly_of_Wooden_Pieces/install/table_description/share/table_description/package.ps1'
[0.240s] INFO:colcon.colcon_core.shell:Creating package descriptor '/home/aschalin/UR5e_Assembly_of_Wooden_Pieces/install/table_description/share/table_description/package.dsv'
[0.240s] INFO:colcon.colcon_core.shell:Creating package script '/home/aschalin/UR5e_Assembly_of_Wooden_Pieces/install/table_description/share/table_description/package.sh'
[0.240s] INFO:colcon.colcon_core.shell:Creating package script '/home/aschalin/UR5e_Assembly_of_Wooden_Pieces/install/table_description/share/table_description/package.bash'
[0.240s] INFO:colcon.colcon_core.shell:Creating package script '/home/aschalin/UR5e_Assembly_of_Wooden_Pieces/install/table_description/share/table_description/package.zsh'
[0.240s] Level 1:colcon.colcon_core.environment:create_file_with_runtime_dependencies(/home/aschalin/UR5e_Assembly_of_Wooden_Pieces/install/table_description/share/colcon-core/packages/table_description)
[0.240s] Level 1:colcon.colcon_core.environment:create_environment_scripts_only(table_description)
[0.241s] Level 1:colcon.colcon_core.environment:checking '/home/aschalin/UR5e_Assembly_of_Wooden_Pieces/install/table_description' for CMake module files
[0.241s] Level 1:colcon.colcon_core.environment:checking '/home/aschalin/UR5e_Assembly_of_Wooden_Pieces/install/table_description' for CMake config files
[0.241s] Level 1:colcon.colcon_core.shell:create_environment_hook('table_description', 'cmake_prefix_path')
[0.241s] INFO:colcon.colcon_core.shell:Creating environment hook '/home/aschalin/UR5e_Assembly_of_Wooden_Pieces/install/table_description/share/table_description/hook/cmake_prefix_path.ps1'
[0.241s] INFO:colcon.colcon_core.shell:Creating environment descriptor '/home/aschalin/UR5e_Assembly_of_Wooden_Pieces/install/table_description/share/table_description/hook/cmake_prefix_path.dsv'
[0.241s] INFO:colcon.colcon_core.shell:Creating environment hook '/home/aschalin/UR5e_Assembly_of_Wooden_Pieces/install/table_description/share/table_description/hook/cmake_prefix_path.sh'
[0.241s] Level 1:colcon.colcon_core.environment:checking '/home/aschalin/UR5e_Assembly_of_Wooden_Pieces/install/table_description/bin'
[0.242s] Level 1:colcon.colcon_core.environment:checking '/home/aschalin/UR5e_Assembly_of_Wooden_Pieces/install/table_description/lib/pkgconfig/table_description.pc'
[0.242s] Level 1:colcon.colcon_core.environment:checking '/home/aschalin/UR5e_Assembly_of_Wooden_Pieces/install/table_description/lib/python3.12/site-packages'
[0.242s] Level 1:colcon.colcon_core.environment:checking '/home/aschalin/UR5e_Assembly_of_Wooden_Pieces/install/table_description/bin'
[0.242s] INFO:colcon.colcon_core.shell:Creating package script '/home/aschalin/UR5e_Assembly_of_Wooden_Pieces/install/table_description/share/table_description/package.ps1'
[0.242s] INFO:colcon.colcon_core.shell:Creating package descriptor '/home/aschalin/UR5e_Assembly_of_Wooden_Pieces/install/table_description/share/table_description/package.dsv'
[0.242s] INFO:colcon.colcon_core.shell:Creating package script '/home/aschalin/UR5e_Assembly_of_Wooden_Pieces/install/table_description/share/table_description/package.sh'
[0.242s] INFO:colcon.colcon_core.shell:Creating package script '/home/aschalin/UR5e_Assembly_of_Wooden_Pieces/install/table_description/share/table_description/package.bash'
[0.243s] INFO:colcon.colcon_core.shell:Creating package script '/home/aschalin/UR5e_Assembly_of_Wooden_Pieces/install/table_description/share/table_description/package.zsh'
[0.243s] Level 1:colcon.colcon_core.environment:create_file_with_runtime_dependencies(/home/aschalin/UR5e_Assembly_of_Wooden_Pieces/install/table_description/share/colcon-core/packages/table_description)
[0.243s] INFO:colcon.colcon_ros.task.ament_cmake.build:Building ROS package in '/home/aschalin/UR5e_Assembly_of_Wooden_Pieces/src/environment' with build type 'ament_cmake'
[0.243s] INFO:colcon.colcon_cmake.task.cmake.build:Building CMake package in '/home/aschalin/UR5e_Assembly_of_Wooden_Pieces/src/environment'
[0.243s] INFO:colcon.colcon_core.shell:Skip shell extension 'powershell' for command environment: Not usable outside of PowerShell
[0.243s] DEBUG:colcon.colcon_core.shell:Skip shell extension 'dsv' for command environment
[0.249s] DEBUG:colcon.colcon_core.event_handler.log_command:Invoking command in '/home/aschalin/UR5e_Assembly_of_Wooden_Pieces/build/environment': AMENT_PREFIX_PATH=/home/aschalin/UR5e_Assembly_of_Wooden_Pieces/install/urdf_tutorial:/home/aschalin/UR5e_Assembly_of_Wooden_Pieces/install/table_description:${AMENT_PREFIX_PATH} CMAKE_PREFIX_PATH=/home/aschalin/UR5e_Assembly_of_Wooden_Pieces/install/urdf_tutorial:/home/aschalin/UR5e_Assembly_of_Wooden_Pieces/install/table_description:/opt/ros/jazzy/opt/gz_sim_vendor:/opt/ros/jazzy/opt/gz_sensors_vendor:/opt/ros/jazzy/opt/gz_physics_vendor:/opt/ros/jazzy/opt/sdformat_vendor:/opt/ros/jazzy/opt/gz_gui_vendor:/opt/ros/jazzy/opt/gz_transport_vendor:/opt/ros/jazzy/opt/gz_rendering_vendor:/opt/ros/jazzy/opt/gz_plugin_vendor:/opt/ros/jazzy/opt/gz_fuel_tools_vendor:/opt/ros/jazzy/opt/gz_msgs_vendor:/opt/ros/jazzy/opt/gz_common_vendor:/opt/ros/jazzy/opt/gz_math_vendor:/opt/ros/jazzy/opt/gz_utils_vendor:/opt/ros/jazzy/opt/gz_tools_vendor:/opt/ros/jazzy/opt/gz_ogre_next_vendor:/opt/ros/jazzy/opt/gz_dartsim_vendor:/opt/ros/jazzy/opt/gz_cmake_vendor:/opt/ros/jazzy DEBUGINFOD_URLS=https://debuginfod.ubuntu.com /usr/bin/cmake --build /home/aschalin/UR5e_Assembly_of_Wooden_Pieces/build/environment -- -j22 -l22
[0.277s] DEBUG:colcon.colcon_core.event_handler.log_command:Invoked command in '/home/aschalin/UR5e_Assembly_of_Wooden_Pieces/build/environment' returned '0': AMENT_PREFIX_PATH=/home/aschalin/UR5e_Assembly_of_Wooden_Pieces/install/urdf_tutorial:/home/aschalin/UR5e_Assembly_of_Wooden_Pieces/install/table_description:${AMENT_PREFIX_PATH} CMAKE_PREFIX_PATH=/home/aschalin/UR5e_Assembly_of_Wooden_Pieces/install/urdf_tutorial:/home/aschalin/UR5e_Assembly_of_Wooden_Pieces/install/table_description:/opt/ros/jazzy/opt/gz_sim_vendor:/opt/ros/jazzy/opt/gz_sensors_vendor:/opt/ros/jazzy/opt/gz_physics_vendor:/opt/ros/jazzy/opt/sdformat_vendor:/opt/ros/jazzy/opt/gz_gui_vendor:/opt/ros/jazzy/opt/gz_transport_vendor:/opt/ros/jazzy/opt/gz_rendering_vendor:/opt/ros/jazzy/opt/gz_plugin_vendor:/opt/ros/jazzy/opt/gz_fuel_tools_vendor:/opt/ros/jazzy/opt/gz_msgs_vendor:/opt/ros/jazzy/opt/gz_common_vendor:/opt/ros/jazzy/opt/gz_math_vendor:/opt/ros/jazzy/opt/gz_utils_vendor:/opt/ros/jazzy/opt/gz_tools_vendor:/opt/ros/jazzy/opt/gz_ogre_next_vendor:/opt/ros/jazzy/opt/gz_dartsim_vendor:/opt/ros/jazzy/opt/gz_cmake_vendor:/opt/ros/jazzy DEBUGINFOD_URLS=https://debuginfod.ubuntu.com /usr/bin/cmake --build /home/aschalin/UR5e_Assembly_of_Wooden_Pieces/build/environment -- -j22 -l22
[0.278s] DEBUG:colcon.colcon_core.event_handler.log_command:Invoking command in '/home/aschalin/UR5e_Assembly_of_Wooden_Pieces/build/environment': AMENT_PREFIX_PATH=/home/aschalin/UR5e_Assembly_of_Wooden_Pieces/install/urdf_tutorial:/home/aschalin/UR5e_Assembly_of_Wooden_Pieces/install/table_description:${AMENT_PREFIX_PATH} CMAKE_PREFIX_PATH=/home/aschalin/UR5e_Assembly_of_Wooden_Pieces/install/urdf_tutorial:/home/aschalin/UR5e_Assembly_of_Wooden_Pieces/install/table_description:/opt/ros/jazzy/opt/gz_sim_vendor:/opt/ros/jazzy/opt/gz_sensors_vendor:/opt/ros/jazzy/opt/gz_physics_vendor:/opt/ros/jazzy/opt/sdformat_vendor:/opt/ros/jazzy/opt/gz_gui_vendor:/opt/ros/jazzy/opt/gz_transport_vendor:/opt/ros/jazzy/opt/gz_rendering_vendor:/opt/ros/jazzy/opt/gz_plugin_vendor:/opt/ros/jazzy/opt/gz_fuel_tools_vendor:/opt/ros/jazzy/opt/gz_msgs_vendor:/opt/ros/jazzy/opt/gz_common_vendor:/opt/ros/jazzy/opt/gz_math_vendor:/opt/ros/jazzy/opt/gz_utils_vendor:/opt/ros/jazzy/opt/gz_tools_vendor:/opt/ros/jazzy/opt/gz_ogre_next_vendor:/opt/ros/jazzy/opt/gz_dartsim_vendor:/opt/ros/jazzy/opt/gz_cmake_vendor:/opt/ros/jazzy DEBUGINFOD_URLS=https://debuginfod.ubuntu.com /usr/bin/cmake --install /home/aschalin/UR5e_Assembly_of_Wooden_Pieces/build/environment
[0.286s] Level 1:colcon.colcon_core.environment:create_environment_scripts_only(environment)
[0.286s] Level 1:colcon.colcon_core.environment:checking '/home/aschalin/UR5e_Assembly_of_Wooden_Pieces/install/environment' for CMake module files
[0.286s] DEBUG:colcon.colcon_core.event_handler.log_command:Invoked command in '/home/aschalin/UR5e_Assembly_of_Wooden_Pieces/build/environment' returned '0': AMENT_PREFIX_PATH=/home/aschalin/UR5e_Assembly_of_Wooden_Pieces/install/urdf_tutorial:/home/aschalin/UR5e_Assembly_of_Wooden_Pieces/install/table_description:${AMENT_PREFIX_PATH} CMAKE_PREFIX_PATH=/home/aschalin/UR5e_Assembly_of_Wooden_Pieces/install/urdf_tutorial:/home/aschalin/UR5e_Assembly_of_Wooden_Pieces/install/table_description:/opt/ros/jazzy/opt/gz_sim_vendor:/opt/ros/jazzy/opt/gz_sensors_vendor:/opt/ros/jazzy/opt/gz_physics_vendor:/opt/ros/jazzy/opt/sdformat_vendor:/opt/ros/jazzy/opt/gz_gui_vendor:/opt/ros/jazzy/opt/gz_transport_vendor:/opt/ros/jazzy/opt/gz_rendering_vendor:/opt/ros/jazzy/opt/gz_plugin_vendor:/opt/ros/jazzy/opt/gz_fuel_tools_vendor:/opt/ros/jazzy/opt/gz_msgs_vendor:/opt/ros/jazzy/opt/gz_common_vendor:/opt/ros/jazzy/opt/gz_math_vendor:/opt/ros/jazzy/opt/gz_utils_vendor:/opt/ros/jazzy/opt/gz_tools_vendor:/opt/ros/jazzy/opt/gz_ogre_next_vendor:/opt/ros/jazzy/opt/gz_dartsim_vendor:/opt/ros/jazzy/opt/gz_cmake_vendor:/opt/ros/jazzy DEBUGINFOD_URLS=https://debuginfod.ubuntu.com /usr/bin/cmake --install /home/aschalin/UR5e_Assembly_of_Wooden_Pieces/build/environment
[0.287s] Level 1:colcon.colcon_core.environment:checking '/home/aschalin/UR5e_Assembly_of_Wooden_Pieces/install/environment' for CMake config files
[0.287s] Level 1:colcon.colcon_core.shell:create_environment_hook('environment', 'cmake_prefix_path')
[0.287s] INFO:colcon.colcon_core.shell:Creating environment hook '/home/aschalin/UR5e_Assembly_of_Wooden_Pieces/install/environment/share/environment/hook/cmake_prefix_path.ps1'
[0.287s] INFO:colcon.colcon_core.shell:Creating environment descriptor '/home/aschalin/UR5e_Assembly_of_Wooden_Pieces/install/environment/share/environment/hook/cmake_prefix_path.dsv'
[0.287s] INFO:colcon.colcon_core.shell:Creating environment hook '/home/aschalin/UR5e_Assembly_of_Wooden_Pieces/install/environment/share/environment/hook/cmake_prefix_path.sh'
[0.287s] Level 1:colcon.colcon_core.environment:checking '/home/aschalin/UR5e_Assembly_of_Wooden_Pieces/install/environment/bin'
[0.287s] Level 1:colcon.colcon_core.environment:checking '/home/aschalin/UR5e_Assembly_of_Wooden_Pieces/install/environment/lib/pkgconfig/environment.pc'
[0.288s] Level 1:colcon.colcon_core.environment:checking '/home/aschalin/UR5e_Assembly_of_Wooden_Pieces/install/environment/lib/python3.12/site-packages'
[0.288s] Level 1:colcon.colcon_core.environment:checking '/home/aschalin/UR5e_Assembly_of_Wooden_Pieces/install/environment/bin'
[0.288s] INFO:colcon.colcon_core.shell:Creating package script '/home/aschalin/UR5e_Assembly_of_Wooden_Pieces/install/environment/share/environment/package.ps1'
[0.288s] INFO:colcon.colcon_core.shell:Creating package descriptor '/home/aschalin/UR5e_Assembly_of_Wooden_Pieces/install/environment/share/environment/package.dsv'
[0.288s] INFO:colcon.colcon_core.shell:Creating package script '/home/aschalin/UR5e_Assembly_of_Wooden_Pieces/install/environment/share/environment/package.sh'
[0.288s] INFO:colcon.colcon_core.shell:Creating package script '/home/aschalin/UR5e_Assembly_of_Wooden_Pieces/install/environment/share/environment/package.bash'
[0.289s] INFO:colcon.colcon_core.shell:Creating package script '/home/aschalin/UR5e_Assembly_of_Wooden_Pieces/install/environment/share/environment/package.zsh'
[0.289s] Level 1:colcon.colcon_core.environment:create_file_with_runtime_dependencies(/home/aschalin/UR5e_Assembly_of_Wooden_Pieces/install/environment/share/colcon-core/packages/environment)
[0.289s] Level 1:colcon.colcon_core.environment:create_environment_scripts_only(environment)
[0.289s] Level 1:colcon.colcon_core.environment:checking '/home/aschalin/UR5e_Assembly_of_Wooden_Pieces/install/environment' for CMake module files
[0.289s] Level 1:colcon.colcon_core.environment:checking '/home/aschalin/UR5e_Assembly_of_Wooden_Pieces/install/environment' for CMake config files
[0.289s] Level 1:colcon.colcon_core.shell:create_environment_hook('environment', 'cmake_prefix_path')
[0.289s] INFO:colcon.colcon_core.shell:Creating environment hook '/home/aschalin/UR5e_Assembly_of_Wooden_Pieces/install/environment/share/environment/hook/cmake_prefix_path.ps1'
[0.290s] INFO:colcon.colcon_core.shell:Creating environment descriptor '/home/aschalin/UR5e_Assembly_of_Wooden_Pieces/install/environment/share/environment/hook/cmake_prefix_path.dsv'
[0.290s] INFO:colcon.colcon_core.shell:Creating environment hook '/home/aschalin/UR5e_Assembly_of_Wooden_Pieces/install/environment/share/environment/hook/cmake_prefix_path.sh'
[0.290s] Level 1:colcon.colcon_core.environment:checking '/home/aschalin/UR5e_Assembly_of_Wooden_Pieces/install/environment/bin'
[0.290s] Level 1:colcon.colcon_core.environment:checking '/home/aschalin/UR5e_Assembly_of_Wooden_Pieces/install/environment/lib/pkgconfig/environment.pc'
[0.290s] Level 1:colcon.colcon_core.environment:checking '/home/aschalin/UR5e_Assembly_of_Wooden_Pieces/install/environment/lib/python3.12/site-packages'
[0.290s] Level 1:colcon.colcon_core.environment:checking '/home/aschalin/UR5e_Assembly_of_Wooden_Pieces/install/environment/bin'
[0.290s] INFO:colcon.colcon_core.shell:Creating package script '/home/aschalin/UR5e_Assembly_of_Wooden_Pieces/install/environment/share/environment/package.ps1'
[0.291s] INFO:colcon.colcon_core.shell:Creating package descriptor '/home/aschalin/UR5e_Assembly_of_Wooden_Pieces/install/environment/share/environment/package.dsv'
[0.291s] INFO:colcon.colcon_core.shell:Creating package script '/home/aschalin/UR5e_Assembly_of_Wooden_Pieces/install/environment/share/environment/package.sh'
[0.291s] INFO:colcon.colcon_core.shell:Creating package script '/home/aschalin/UR5e_Assembly_of_Wooden_Pieces/install/environment/share/environment/package.bash'
[0.291s] INFO:colcon.colcon_core.shell:Creating package script '/home/aschalin/UR5e_Assembly_of_Wooden_Pieces/install/environment/share/environment/package.zsh'
[0.291s] Level 1:colcon.colcon_core.environment:create_file_with_runtime_dependencies(/home/aschalin/UR5e_Assembly_of_Wooden_Pieces/install/environment/share/colcon-core/packages/environment)
[0.292s] DEBUG:colcon.colcon_parallel_executor.executor.parallel:closing loop
[0.292s] DEBUG:colcon.colcon_parallel_executor.executor.parallel:loop closed
[0.292s] DEBUG:colcon.colcon_parallel_executor.executor.parallel:run_until_complete finished with '0'
[0.292s] DEBUG:colcon.colcon_core.event_reactor:joining thread
[0.296s] INFO:colcon.colcon_core.plugin_system:Skipping extension 'colcon_notification.desktop_notification.terminal_notifier': Not used on non-Darwin systems
[0.296s] INFO:colcon.colcon_core.plugin_system:Skipping extension 'colcon_notification.desktop_notification.win32': Not used on non-Windows systems
[0.296s] INFO:colcon.colcon_notification.desktop_notification:Sending desktop notification using 'notify2'
[0.306s] DEBUG:colcon.colcon_core.event_reactor:joined thread
[0.306s] INFO:colcon.colcon_core.shell:Creating prefix script '/home/aschalin/UR5e_Assembly_of_Wooden_Pieces/install/local_setup.ps1'
[0.307s] INFO:colcon.colcon_core.shell:Creating prefix util module '/home/aschalin/UR5e_Assembly_of_Wooden_Pieces/install/_local_setup_util_ps1.py'
[0.307s] INFO:colcon.colcon_core.shell:Creating prefix chain script '/home/aschalin/UR5e_Assembly_of_Wooden_Pieces/install/setup.ps1'
[0.308s] INFO:colcon.colcon_core.shell:Creating prefix script '/home/aschalin/UR5e_Assembly_of_Wooden_Pieces/install/local_setup.sh'
[0.308s] INFO:colcon.colcon_core.shell:Creating prefix util module '/home/aschalin/UR5e_Assembly_of_Wooden_Pieces/install/_local_setup_util_sh.py'
[0.308s] INFO:colcon.colcon_core.shell:Creating prefix chain script '/home/aschalin/UR5e_Assembly_of_Wooden_Pieces/install/setup.sh'
[0.309s] INFO:colcon.colcon_core.shell:Creating prefix script '/home/aschalin/UR5e_Assembly_of_Wooden_Pieces/install/local_setup.bash'
[0.317s] INFO:colcon.colcon_core.shell:Creating prefix chain script '/home/aschalin/UR5e_Assembly_of_Wooden_Pieces/install/setup.bash'
[0.318s] INFO:colcon.colcon_core.shell:Creating prefix script '/home/aschalin/UR5e_Assembly_of_Wooden_Pieces/install/local_setup.zsh'
[0.318s] INFO:colcon.colcon_core.shell:Creating prefix chain script '/home/aschalin/UR5e_Assembly_of_Wooden_Pieces/install/setup.zsh'
