-- Install configuration: ""
-- Up-to-date: /home/aschalin/UR5e_Assembly_of_Wooden_Pieces/install/table_description/share/table_description/urdf
-- Up-to-date: /home/aschalin/UR5e_Assembly_of_Wooden_Pieces/install/table_description/share/table_description/urdf/table.urdf
-- Up-to-date: /home/aschalin/UR5e_Assembly_of_Wooden_Pieces/install/table_description/share/table_description/urdf/table.xacro
-- Up-to-date: /home/aschalin/UR5e_Assembly_of_Wooden_Pieces/install/table_description/share/table_description/launch
-- Up-to-date: /home/aschalin/UR5e_Assembly_of_Wooden_Pieces/install/table_description/share/table_description/launch/display.launch.py
-- Up-to-date: /home/aschalin/UR5e_Assembly_of_Wooden_Pieces/install/table_description/share/ament_index/resource_index/package_run_dependencies/table_description
-- Up-to-date: /home/aschalin/UR5e_Assembly_of_Wooden_Pieces/install/table_description/share/ament_index/resource_index/parent_prefix_path/table_description
-- Up-to-date: /home/aschalin/UR5e_Assembly_of_Wooden_Pieces/install/table_description/share/table_description/environment/ament_prefix_path.sh
-- Up-to-date: /home/aschalin/UR5e_Assembly_of_Wooden_Pieces/install/table_description/share/table_description/environment/ament_prefix_path.dsv
-- Up-to-date: /home/aschalin/UR5e_Assembly_of_Wooden_Pieces/install/table_description/share/table_description/environment/path.sh
-- Up-to-date: /home/aschalin/UR5e_Assembly_of_Wooden_Pieces/install/table_description/share/table_description/environment/path.dsv
-- Up-to-date: /home/aschalin/UR5e_Assembly_of_Wooden_Pieces/install/table_description/share/table_description/local_setup.bash
-- Up-to-date: /home/aschalin/UR5e_Assembly_of_Wooden_Pieces/install/table_description/share/table_description/local_setup.sh
-- Up-to-date: /home/aschalin/UR5e_Assembly_of_Wooden_Pieces/install/table_description/share/table_description/local_setup.zsh
-- Up-to-date: /home/aschalin/UR5e_Assembly_of_Wooden_Pieces/install/table_description/share/table_description/local_setup.dsv
-- Up-to-date: /home/aschalin/UR5e_Assembly_of_Wooden_Pieces/install/table_description/share/table_description/package.dsv
-- Up-to-date: /home/aschalin/UR5e_Assembly_of_Wooden_Pieces/install/table_description/share/ament_index/resource_index/packages/table_description
-- Up-to-date: /home/aschalin/UR5e_Assembly_of_Wooden_Pieces/install/table_description/share/table_description/cmake/table_descriptionConfig.cmake
-- Up-to-date: /home/aschalin/UR5e_Assembly_of_Wooden_Pieces/install/table_description/share/table_description/cmake/table_descriptionConfig-version.cmake
-- Up-to-date: /home/aschalin/UR5e_Assembly_of_Wooden_Pieces/install/table_description/share/table_description/package.xml
