[0.015s] Invoking command in '/home/aschalin/UR5e_Assembly_of_Wooden_Pieces/build/table_description': CMAKE_PREFIX_PATH=${CMAKE_PREFIX_PATH}:/opt/ros/jazzy DEBUGINFOD_URLS=https://debuginfod.ubuntu.com /usr/bin/cmake --build /home/aschalin/UR5e_Assembly_of_Wooden_Pieces/build/table_description -- -j22 -l22
[0.054s] Invoked command in '/home/aschalin/UR5e_Assembly_of_Wooden_Pieces/build/table_description' returned '0': CMAKE_PREFIX_PATH=${CMAKE_PREFIX_PATH}:/opt/ros/jazzy DEBUGINFOD_URLS=https://debuginfod.ubuntu.com /usr/bin/cmake --build /home/aschalin/UR5e_Assembly_of_Wooden_Pieces/build/table_description -- -j22 -l22
[0.055s] Invoking command in '/home/aschalin/UR5e_Assembly_of_Wooden_Pieces/build/table_description': CMAKE_PREFIX_PATH=${CMAKE_PREFIX_PATH}:/opt/ros/jazzy DEBUGINFOD_URLS=https://debuginfod.ubuntu.com /usr/bin/cmake --install /home/aschalin/UR5e_Assembly_of_Wooden_Pieces/build/table_description
[0.060s] -- Install configuration: ""
[0.061s] -- Up-to-date: /home/aschalin/UR5e_Assembly_of_Wooden_Pieces/install/table_description/share/table_description/urdf
[0.061s] -- Up-to-date: /home/aschalin/UR5e_Assembly_of_Wooden_Pieces/install/table_description/share/table_description/urdf/table.urdf
[0.061s] -- Up-to-date: /home/aschalin/UR5e_Assembly_of_Wooden_Pieces/install/table_description/share/table_description/urdf/table.xacro
[0.061s] -- Up-to-date: /home/aschalin/UR5e_Assembly_of_Wooden_Pieces/install/table_description/share/table_description/launch
[0.061s] -- Up-to-date: /home/aschalin/UR5e_Assembly_of_Wooden_Pieces/install/table_description/share/table_description/launch/display.launch.py
[0.061s] -- Up-to-date: /home/aschalin/UR5e_Assembly_of_Wooden_Pieces/install/table_description/share/ament_index/resource_index/package_run_dependencies/table_description
[0.061s] -- Up-to-date: /home/aschalin/UR5e_Assembly_of_Wooden_Pieces/install/table_description/share/ament_index/resource_index/parent_prefix_path/table_description
[0.061s] -- Up-to-date: /home/aschalin/UR5e_Assembly_of_Wooden_Pieces/install/table_description/share/table_description/environment/ament_prefix_path.sh
[0.061s] -- Up-to-date: /home/aschalin/UR5e_Assembly_of_Wooden_Pieces/install/table_description/share/table_description/environment/ament_prefix_path.dsv
[0.061s] -- Up-to-date: /home/aschalin/UR5e_Assembly_of_Wooden_Pieces/install/table_description/share/table_description/environment/path.sh
[0.061s] -- Up-to-date: /home/aschalin/UR5e_Assembly_of_Wooden_Pieces/install/table_description/share/table_description/environment/path.dsv
[0.061s] -- Up-to-date: /home/aschalin/UR5e_Assembly_of_Wooden_Pieces/install/table_description/share/table_description/local_setup.bash
[0.061s] -- Up-to-date: /home/aschalin/UR5e_Assembly_of_Wooden_Pieces/install/table_description/share/table_description/local_setup.sh
[0.061s] -- Up-to-date: /home/aschalin/UR5e_Assembly_of_Wooden_Pieces/install/table_description/share/table_description/local_setup.zsh
[0.061s] -- Up-to-date: /home/aschalin/UR5e_Assembly_of_Wooden_Pieces/install/table_description/share/table_description/local_setup.dsv
[0.061s] -- Up-to-date: /home/aschalin/UR5e_Assembly_of_Wooden_Pieces/install/table_description/share/table_description/package.dsv
[0.061s] -- Up-to-date: /home/aschalin/UR5e_Assembly_of_Wooden_Pieces/install/table_description/share/ament_index/resource_index/packages/table_description
[0.062s] -- Up-to-date: /home/aschalin/UR5e_Assembly_of_Wooden_Pieces/install/table_description/share/table_description/cmake/table_descriptionConfig.cmake
[0.062s] -- Up-to-date: /home/aschalin/UR5e_Assembly_of_Wooden_Pieces/install/table_description/share/table_description/cmake/table_descriptionConfig-version.cmake
[0.062s] -- Up-to-date: /home/aschalin/UR5e_Assembly_of_Wooden_Pieces/install/table_description/share/table_description/package.xml
[0.075s] Invoked command in '/home/aschalin/UR5e_Assembly_of_Wooden_Pieces/build/table_description' returned '0': CMAKE_PREFIX_PATH=${CMAKE_PREFIX_PATH}:/opt/ros/jazzy DEBUGINFOD_URLS=https://debuginfod.ubuntu.com /usr/bin/cmake --install /home/aschalin/UR5e_Assembly_of_Wooden_Pieces/build/table_description
