[0.013s] Invoking command in '/home/aschalin/UR5e_Assembly_of_Wooden_Pieces/build/urdf_tutorial': CMAKE_PREFIX_PATH=${CMAKE_PREFIX_PATH}:/home/aschalin/ws_moveit/install/moveit_configs_utils:/opt/ros/jazzy DEBUGINFOD_URLS=https://debuginfod.ubuntu.com /usr/bin/cmake /home/aschalin/UR5e_Assembly_of_Wooden_Pieces/src/attachments/urdf_tutorial -DCMAKE_INSTALL_PREFIX=/home/aschalin/UR5e_Assembly_of_Wooden_Pieces/install/urdf_tutorial
[0.122s] -- The C compiler identification is GNU 13.3.0
[0.195s] -- The CXX compiler identification is GNU 13.3.0
[0.212s] -- Detecting C compiler ABI info
[0.309s] -- Detecting C compiler ABI info - done
[0.314s] -- Check for working C compiler: /usr/bin/cc - skipped
[0.314s] -- Detecting C compile features
[0.314s] -- Detecting C compile features - done
[0.323s] -- Detecting CXX compiler ABI info
[0.417s] -- Detecting CXX compiler ABI info - done
[0.423s] -- Check for working CXX compiler: /usr/bin/c++ - skipped
[0.423s] -- Detecting CXX compile features
[0.423s] -- Detecting CXX compile features - done
[0.427s] -- Found ament_cmake: 2.5.3 (/opt/ros/jazzy/share/ament_cmake/cmake)
[0.565s] -- Found Python3: /usr/bin/python3 (found version "3.12.3") found components: Interpreter 
[0.682s] -- Found ament_lint_auto: 0.17.1 (/opt/ros/jazzy/share/ament_lint_auto/cmake)
[0.746s] -- Configuring done (0.7s)
[0.748s] -- Generating done (0.0s)
[0.749s] -- Build files have been written to: /home/aschalin/UR5e_Assembly_of_Wooden_Pieces/build/urdf_tutorial
[0.754s] Invoked command in '/home/aschalin/UR5e_Assembly_of_Wooden_Pieces/build/urdf_tutorial' returned '0': CMAKE_PREFIX_PATH=${CMAKE_PREFIX_PATH}:/home/aschalin/ws_moveit/install/moveit_configs_utils:/opt/ros/jazzy DEBUGINFOD_URLS=https://debuginfod.ubuntu.com /usr/bin/cmake /home/aschalin/UR5e_Assembly_of_Wooden_Pieces/src/attachments/urdf_tutorial -DCMAKE_INSTALL_PREFIX=/home/aschalin/UR5e_Assembly_of_Wooden_Pieces/install/urdf_tutorial
[0.755s] Invoking command in '/home/aschalin/UR5e_Assembly_of_Wooden_Pieces/build/urdf_tutorial': CMAKE_PREFIX_PATH=${CMAKE_PREFIX_PATH}:/home/aschalin/ws_moveit/install/moveit_configs_utils:/opt/ros/jazzy DEBUGINFOD_URLS=https://debuginfod.ubuntu.com /usr/bin/cmake --build /home/aschalin/UR5e_Assembly_of_Wooden_Pieces/build/urdf_tutorial -- -j22 -l22
[0.795s] Invoked command in '/home/aschalin/UR5e_Assembly_of_Wooden_Pieces/build/urdf_tutorial' returned '0': CMAKE_PREFIX_PATH=${CMAKE_PREFIX_PATH}:/home/aschalin/ws_moveit/install/moveit_configs_utils:/opt/ros/jazzy DEBUGINFOD_URLS=https://debuginfod.ubuntu.com /usr/bin/cmake --build /home/aschalin/UR5e_Assembly_of_Wooden_Pieces/build/urdf_tutorial -- -j22 -l22
[0.805s] Invoking command in '/home/aschalin/UR5e_Assembly_of_Wooden_Pieces/build/urdf_tutorial': CMAKE_PREFIX_PATH=${CMAKE_PREFIX_PATH}:/home/aschalin/ws_moveit/install/moveit_configs_utils:/opt/ros/jazzy DEBUGINFOD_URLS=https://debuginfod.ubuntu.com /usr/bin/cmake --install /home/aschalin/UR5e_Assembly_of_Wooden_Pieces/build/urdf_tutorial
[0.812s] -- Install configuration: ""
[0.812s] -- Installing: /home/aschalin/UR5e_Assembly_of_Wooden_Pieces/install/urdf_tutorial/share/urdf_tutorial/images
[0.812s] -- Installing: /home/aschalin/UR5e_Assembly_of_Wooden_Pieces/install/urdf_tutorial/share/urdf_tutorial/images/flexible.png
[0.812s] -- Installing: /home/aschalin/UR5e_Assembly_of_Wooden_Pieces/install/urdf_tutorial/share/urdf_tutorial/images/origins.png
[0.812s] -- Installing: /home/aschalin/UR5e_Assembly_of_Wooden_Pieces/install/urdf_tutorial/share/urdf_tutorial/images/myfirst.png
[0.812s] -- Installing: /home/aschalin/UR5e_Assembly_of_Wooden_Pieces/install/urdf_tutorial/share/urdf_tutorial/images/multipleshapes.png
[0.812s] -- Installing: /home/aschalin/UR5e_Assembly_of_Wooden_Pieces/install/urdf_tutorial/share/urdf_tutorial/images/visual.png
[0.813s] -- Installing: /home/aschalin/UR5e_Assembly_of_Wooden_Pieces/install/urdf_tutorial/share/urdf_tutorial/images/materials.png
[0.813s] -- Installing: /home/aschalin/UR5e_Assembly_of_Wooden_Pieces/install/urdf_tutorial/share/urdf_tutorial/launch
[0.813s] -- Installing: /home/aschalin/UR5e_Assembly_of_Wooden_Pieces/install/urdf_tutorial/share/urdf_tutorial/launch/display.launch.py
[0.813s] -- Installing: /home/aschalin/UR5e_Assembly_of_Wooden_Pieces/install/urdf_tutorial/share/urdf_tutorial/meshes
[0.813s] -- Installing: /home/aschalin/UR5e_Assembly_of_Wooden_Pieces/install/urdf_tutorial/share/urdf_tutorial/meshes/l_finger_color.png
[0.813s] -- Installing: /home/aschalin/UR5e_Assembly_of_Wooden_Pieces/install/urdf_tutorial/share/urdf_tutorial/meshes/l_finger_tip_color.png
[0.813s] -- Installing: /home/aschalin/UR5e_Assembly_of_Wooden_Pieces/install/urdf_tutorial/share/urdf_tutorial/meshes/l_finger.dae
[0.813s] -- Installing: /home/aschalin/UR5e_Assembly_of_Wooden_Pieces/install/urdf_tutorial/share/urdf_tutorial/meshes/l_finger_tip.dae
[0.813s] -- Installing: /home/aschalin/UR5e_Assembly_of_Wooden_Pieces/install/urdf_tutorial/share/urdf_tutorial/rviz
[0.813s] -- Installing: /home/aschalin/UR5e_Assembly_of_Wooden_Pieces/install/urdf_tutorial/share/urdf_tutorial/rviz/urdf.rviz
[0.813s] -- Installing: /home/aschalin/UR5e_Assembly_of_Wooden_Pieces/install/urdf_tutorial/share/urdf_tutorial/urdf
[0.813s] -- Installing: /home/aschalin/UR5e_Assembly_of_Wooden_Pieces/install/urdf_tutorial/share/urdf_tutorial/urdf/05-visual.urdf
[0.813s] -- Installing: /home/aschalin/UR5e_Assembly_of_Wooden_Pieces/install/urdf_tutorial/share/urdf_tutorial/urdf/02-multipleshapes.urdf
[0.813s] -- Installing: /home/aschalin/UR5e_Assembly_of_Wooden_Pieces/install/urdf_tutorial/share/urdf_tutorial/urdf/myfirst.xacro
[0.813s] -- Installing: /home/aschalin/UR5e_Assembly_of_Wooden_Pieces/install/urdf_tutorial/share/urdf_tutorial/urdf/06-flexible.urdf
[0.813s] -- Installing: /home/aschalin/UR5e_Assembly_of_Wooden_Pieces/install/urdf_tutorial/share/urdf_tutorial/urdf/03-origins.urdf
[0.813s] -- Installing: /home/aschalin/UR5e_Assembly_of_Wooden_Pieces/install/urdf_tutorial/share/urdf_tutorial/urdf/04-materials.urdf
[0.813s] -- Installing: /home/aschalin/UR5e_Assembly_of_Wooden_Pieces/install/urdf_tutorial/share/urdf_tutorial/urdf/08-macroed.urdf.xacro
[0.813s] -- Installing: /home/aschalin/UR5e_Assembly_of_Wooden_Pieces/install/urdf_tutorial/share/urdf_tutorial/urdf/07-physics.urdf
[0.813s] -- Installing: /home/aschalin/UR5e_Assembly_of_Wooden_Pieces/install/urdf_tutorial/share/ament_index/resource_index/package_run_dependencies/urdf_tutorial
[0.813s] -- Installing: /home/aschalin/UR5e_Assembly_of_Wooden_Pieces/install/urdf_tutorial/share/ament_index/resource_index/parent_prefix_path/urdf_tutorial
[0.813s] -- Installing: /home/aschalin/UR5e_Assembly_of_Wooden_Pieces/install/urdf_tutorial/share/urdf_tutorial/environment/ament_prefix_path.sh
[0.813s] -- Installing: /home/aschalin/UR5e_Assembly_of_Wooden_Pieces/install/urdf_tutorial/share/urdf_tutorial/environment/ament_prefix_path.dsv
[0.814s] -- Installing: /home/aschalin/UR5e_Assembly_of_Wooden_Pieces/install/urdf_tutorial/share/urdf_tutorial/environment/path.sh
[0.814s] -- Installing: /home/aschalin/UR5e_Assembly_of_Wooden_Pieces/install/urdf_tutorial/share/urdf_tutorial/environment/path.dsv
[0.814s] -- Installing: /home/aschalin/UR5e_Assembly_of_Wooden_Pieces/install/urdf_tutorial/share/urdf_tutorial/local_setup.bash
[0.814s] -- Installing: /home/aschalin/UR5e_Assembly_of_Wooden_Pieces/install/urdf_tutorial/share/urdf_tutorial/local_setup.sh
[0.814s] -- Installing: /home/aschalin/UR5e_Assembly_of_Wooden_Pieces/install/urdf_tutorial/share/urdf_tutorial/local_setup.zsh
[0.814s] -- Installing: /home/aschalin/UR5e_Assembly_of_Wooden_Pieces/install/urdf_tutorial/share/urdf_tutorial/local_setup.dsv
[0.814s] -- Installing: /home/aschalin/UR5e_Assembly_of_Wooden_Pieces/install/urdf_tutorial/share/urdf_tutorial/package.dsv
[0.814s] -- Installing: /home/aschalin/UR5e_Assembly_of_Wooden_Pieces/install/urdf_tutorial/share/ament_index/resource_index/packages/urdf_tutorial
[0.814s] -- Installing: /home/aschalin/UR5e_Assembly_of_Wooden_Pieces/install/urdf_tutorial/share/urdf_tutorial/cmake/urdf_tutorialConfig.cmake
[0.814s] -- Installing: /home/aschalin/UR5e_Assembly_of_Wooden_Pieces/install/urdf_tutorial/share/urdf_tutorial/cmake/urdf_tutorialConfig-version.cmake
[0.815s] -- Installing: /home/aschalin/UR5e_Assembly_of_Wooden_Pieces/install/urdf_tutorial/share/urdf_tutorial/package.xml
[0.816s] Invoked command in '/home/aschalin/UR5e_Assembly_of_Wooden_Pieces/build/urdf_tutorial' returned '0': CMAKE_PREFIX_PATH=${CMAKE_PREFIX_PATH}:/home/aschalin/ws_moveit/install/moveit_configs_utils:/opt/ros/jazzy DEBUGINFOD_URLS=https://debuginfod.ubuntu.com /usr/bin/cmake --install /home/aschalin/UR5e_Assembly_of_Wooden_Pieces/build/urdf_tutorial
