[0.019s] Invoking command in '/home/aschalin/UR5e_Assembly_of_Wooden_Pieces/build/table_description': CMAKE_PREFIX_PATH=${CMAKE_PREFIX_PATH}:/home/aschalin/ws_moveit/install/moveit_configs_utils:/opt/ros/jazzy DEBUGINFOD_URLS=https://debuginfod.ubuntu.com /usr/bin/cmake /home/aschalin/UR5e_Assembly_of_Wooden_Pieces/src/attachments/table_description -DCMAKE_INSTALL_PREFIX=/home/aschalin/UR5e_Assembly_of_Wooden_Pieces/install/table_description
[0.125s] -- The C compiler identification is GNU 13.3.0
[0.203s] -- The CXX compiler identification is GNU 13.3.0
[0.220s] -- Detecting C compiler ABI info
[0.304s] -- Detecting C compiler ABI info - done
[0.313s] -- Check for working C compiler: /usr/bin/cc - skipped
[0.313s] -- Detecting C compile features
[0.314s] -- Detecting C compile features - done
[0.324s] -- Detecting CXX compiler ABI info
[0.412s] -- Detecting CXX compiler ABI info - done
[0.418s] -- Check for working CXX compiler: /usr/bin/c++ - skipped
[0.418s] -- Detecting CXX compile features
[0.418s] -- Detecting CXX compile features - done
[0.425s] -- Found ament_cmake: 2.5.3 (/opt/ros/jazzy/share/ament_cmake/cmake)
[0.569s] -- Found Python3: /usr/bin/python3 (found version "3.12.3") found components: Interpreter 
[0.696s] -- Found urdf: 2.10.0 (/opt/ros/jazzy/share/urdf/cmake)
[0.758s] -- Found TinyXML2 via Config file: /usr/lib/x86_64-linux-gnu/cmake/tinyxml2
[0.777s] -- Found xacro: 2.0.11 (/opt/ros/jazzy/share/xacro/cmake)
[0.781s] -- Found ament_lint_auto: 0.17.1 (/opt/ros/jazzy/share/ament_lint_auto/cmake)
[0.872s] -- Added test 'flake8' to check Python code syntax and style conventions
[0.872s] -- Configured 'flake8' exclude dirs and/or files: 
[0.873s] -- Added test 'lint_cmake' to check CMake code style
[0.874s] -- Added test 'pep257' to check Python code against some of the docstring style conventions in PEP 257
[0.876s] -- Added test 'xmllint' to check XML markup files
[0.878s] -- Configuring done (0.8s)
[0.880s] -- Generating done (0.0s)
[0.881s] -- Build files have been written to: /home/aschalin/UR5e_Assembly_of_Wooden_Pieces/build/table_description
[0.886s] Invoked command in '/home/aschalin/UR5e_Assembly_of_Wooden_Pieces/build/table_description' returned '0': CMAKE_PREFIX_PATH=${CMAKE_PREFIX_PATH}:/home/aschalin/ws_moveit/install/moveit_configs_utils:/opt/ros/jazzy DEBUGINFOD_URLS=https://debuginfod.ubuntu.com /usr/bin/cmake /home/aschalin/UR5e_Assembly_of_Wooden_Pieces/src/attachments/table_description -DCMAKE_INSTALL_PREFIX=/home/aschalin/UR5e_Assembly_of_Wooden_Pieces/install/table_description
[0.887s] Invoking command in '/home/aschalin/UR5e_Assembly_of_Wooden_Pieces/build/table_description': CMAKE_PREFIX_PATH=${CMAKE_PREFIX_PATH}:/home/aschalin/ws_moveit/install/moveit_configs_utils:/opt/ros/jazzy DEBUGINFOD_URLS=https://debuginfod.ubuntu.com /usr/bin/cmake --build /home/aschalin/UR5e_Assembly_of_Wooden_Pieces/build/table_description -- -j22 -l22
[0.928s] Invoked command in '/home/aschalin/UR5e_Assembly_of_Wooden_Pieces/build/table_description' returned '0': CMAKE_PREFIX_PATH=${CMAKE_PREFIX_PATH}:/home/aschalin/ws_moveit/install/moveit_configs_utils:/opt/ros/jazzy DEBUGINFOD_URLS=https://debuginfod.ubuntu.com /usr/bin/cmake --build /home/aschalin/UR5e_Assembly_of_Wooden_Pieces/build/table_description -- -j22 -l22
[0.929s] Invoking command in '/home/aschalin/UR5e_Assembly_of_Wooden_Pieces/build/table_description': CMAKE_PREFIX_PATH=${CMAKE_PREFIX_PATH}:/home/aschalin/ws_moveit/install/moveit_configs_utils:/opt/ros/jazzy DEBUGINFOD_URLS=https://debuginfod.ubuntu.com /usr/bin/cmake --install /home/aschalin/UR5e_Assembly_of_Wooden_Pieces/build/table_description
[0.935s] -- Install configuration: ""
[0.935s] -- Installing: /home/aschalin/UR5e_Assembly_of_Wooden_Pieces/install/table_description/share/table_description/urdf
[0.936s] -- Installing: /home/aschalin/UR5e_Assembly_of_Wooden_Pieces/install/table_description/share/table_description/urdf/table.urdf
[0.936s] -- Installing: /home/aschalin/UR5e_Assembly_of_Wooden_Pieces/install/table_description/share/table_description/urdf/table.xacro
[0.936s] -- Installing: /home/aschalin/UR5e_Assembly_of_Wooden_Pieces/install/table_description/share/table_description/launch
[0.936s] -- Installing: /home/aschalin/UR5e_Assembly_of_Wooden_Pieces/install/table_description/share/table_description/launch/display.launch.py
[0.936s] -- Installing: /home/aschalin/UR5e_Assembly_of_Wooden_Pieces/install/table_description/share/ament_index/resource_index/package_run_dependencies/table_description
[0.936s] -- Installing: /home/aschalin/UR5e_Assembly_of_Wooden_Pieces/install/table_description/share/ament_index/resource_index/parent_prefix_path/table_description
[0.936s] -- Installing: /home/aschalin/UR5e_Assembly_of_Wooden_Pieces/install/table_description/share/table_description/environment/ament_prefix_path.sh
[0.936s] -- Installing: /home/aschalin/UR5e_Assembly_of_Wooden_Pieces/install/table_description/share/table_description/environment/ament_prefix_path.dsv
[0.936s] -- Installing: /home/aschalin/UR5e_Assembly_of_Wooden_Pieces/install/table_description/share/table_description/environment/path.sh
[0.936s] -- Installing: /home/aschalin/UR5e_Assembly_of_Wooden_Pieces/install/table_description/share/table_description/environment/path.dsv
[0.936s] -- Installing: /home/aschalin/UR5e_Assembly_of_Wooden_Pieces/install/table_description/share/table_description/local_setup.bash
[0.936s] -- Installing: /home/aschalin/UR5e_Assembly_of_Wooden_Pieces/install/table_description/share/table_description/local_setup.sh
[0.936s] -- Installing: /home/aschalin/UR5e_Assembly_of_Wooden_Pieces/install/table_description/share/table_description/local_setup.zsh
[0.936s] -- Installing: /home/aschalin/UR5e_Assembly_of_Wooden_Pieces/install/table_description/share/table_description/local_setup.dsv
[0.936s] -- Installing: /home/aschalin/UR5e_Assembly_of_Wooden_Pieces/install/table_description/share/table_description/package.dsv
[0.936s] -- Installing: /home/aschalin/UR5e_Assembly_of_Wooden_Pieces/install/table_description/share/ament_index/resource_index/packages/table_description
[0.936s] -- Installing: /home/aschalin/UR5e_Assembly_of_Wooden_Pieces/install/table_description/share/table_description/cmake/table_descriptionConfig.cmake
[0.937s] -- Installing: /home/aschalin/UR5e_Assembly_of_Wooden_Pieces/install/table_description/share/table_description/cmake/table_descriptionConfig-version.cmake
[0.937s] -- Installing: /home/aschalin/UR5e_Assembly_of_Wooden_Pieces/install/table_description/share/table_description/package.xml
[0.938s] Invoked command in '/home/aschalin/UR5e_Assembly_of_Wooden_Pieces/build/table_description' returned '0': CMAKE_PREFIX_PATH=${CMAKE_PREFIX_PATH}:/home/aschalin/ws_moveit/install/moveit_configs_utils:/opt/ros/jazzy DEBUGINFOD_URLS=https://debuginfod.ubuntu.com /usr/bin/cmake --install /home/aschalin/UR5e_Assembly_of_Wooden_Pieces/build/table_description
